[2024-10-05T22:20:01.561+0000] {local_task_job_runner.py:123} INFO - ::group::Pre task execution logs
[2024-10-05T22:20:01.590+0000] {taskinstance.py:2612} INFO - Dependencies all met for dep_context=non-requeueable deps ti=<TaskInstance: Extract_dolar_to_minio.load_dolar scheduled__2024-09-22T00:00:00+00:00 [queued]>
[2024-10-05T22:20:01.602+0000] {taskinstance.py:2612} INFO - Dependencies all met for dep_context=requeueable deps ti=<TaskInstance: Extract_dolar_to_minio.load_dolar scheduled__2024-09-22T00:00:00+00:00 [queued]>
[2024-10-05T22:20:01.603+0000] {taskinstance.py:2865} INFO - Starting attempt 1 of 1
[2024-10-05T22:20:01.624+0000] {taskinstance.py:2888} INFO - Executing <Task(PythonOperator): load_dolar> on 2024-09-22 00:00:00+00:00
[2024-10-05T22:20:01.630+0000] {warnings.py:112} WARNING - /home/***/.local/lib/python3.12/site-packages/***/task/task_runner/standard_task_runner.py:70: DeprecationWarning: This process (pid=4905) is multi-threaded, use of fork() may lead to deadlocks in the child.
  pid = os.fork()

[2024-10-05T22:20:01.632+0000] {standard_task_runner.py:72} INFO - Started process 4916 to run task
[2024-10-05T22:20:01.637+0000] {standard_task_runner.py:104} INFO - Running: ['***', 'tasks', 'run', 'Extract_dolar_to_minio', 'load_dolar', 'scheduled__2024-09-22T00:00:00+00:00', '--job-id', '15897', '--raw', '--subdir', 'DAGS_FOLDER/dag_extract_dolar.py', '--cfg-path', '/tmp/tmp3v__46qv']
[2024-10-05T22:20:01.638+0000] {standard_task_runner.py:105} INFO - Job 15897: Subtask load_dolar
[2024-10-05T22:20:01.702+0000] {task_command.py:467} INFO - Running <TaskInstance: Extract_dolar_to_minio.load_dolar scheduled__2024-09-22T00:00:00+00:00 [running]> on host b93c95755c8e
[2024-10-05T22:20:01.837+0000] {taskinstance.py:3131} INFO - Exporting env vars: AIRFLOW_CTX_DAG_OWNER='***' AIRFLOW_CTX_DAG_ID='Extract_dolar_to_minio' AIRFLOW_CTX_TASK_ID='load_dolar' AIRFLOW_CTX_EXECUTION_DATE='2024-09-22T00:00:00+00:00' AIRFLOW_CTX_TRY_NUMBER='1' AIRFLOW_CTX_DAG_RUN_ID='scheduled__2024-09-22T00:00:00+00:00'
[2024-10-05T22:20:01.838+0000] {taskinstance.py:731} INFO - ::endgroup::
[2024-10-05T22:20:01.854+0000] {logging_mixin.py:190} INFO - Iniciando Conex達o com o MinIO
[2024-10-05T22:20:01.855+0000] {logging_mixin.py:190} INFO - Conex達o com o MinIO realizada com sucesso
[2024-10-05T22:20:01.866+0000] {logging_mixin.py:190} INFO - Buckets Encontrados: [Bucket('dolar-bucket-bronze')]
[2024-10-05T22:20:01.867+0000] {logging_mixin.py:190} INFO - Iniciando Conex達o com o MinIO
[2024-10-05T22:20:01.868+0000] {logging_mixin.py:190} INFO - Conex達o com o MinIO realizada com sucesso
[2024-10-05T22:20:01.876+0000] {logging_mixin.py:190} INFO - Arquivo 'cotacao09-22-2024' enviado com sucesso para o bucket 'dolar-bucket-bronze'!
[2024-10-05T22:20:01.877+0000] {python.py:240} INFO - Done. Returned value was: None
[2024-10-05T22:20:01.885+0000] {taskinstance.py:340} INFO - ::group::Post task execution logs
[2024-10-05T22:20:01.886+0000] {taskinstance.py:352} INFO - Marking task as SUCCESS. dag_id=Extract_dolar_to_minio, task_id=load_dolar, run_id=scheduled__2024-09-22T00:00:00+00:00, execution_date=20240922T000000, start_date=20241005T222001, end_date=20241005T222001
[2024-10-05T22:20:01.930+0000] {local_task_job_runner.py:266} INFO - Task exited with return code 0
[2024-10-05T22:20:01.947+0000] {taskinstance.py:3900} INFO - 0 downstream tasks scheduled from follow-on schedule check
[2024-10-05T22:20:01.949+0000] {local_task_job_runner.py:245} INFO - ::endgroup::
