[2024-10-06T12:24:23.248+0000] {processor.py:186} INFO - Started process (PID=85) to work on /opt/airflow/dags/dag_extract_dolar.py
[2024-10-06T12:24:23.249+0000] {processor.py:914} INFO - Processing file /opt/airflow/dags/dag_extract_dolar.py for tasks to queue
[2024-10-06T12:24:23.253+0000] {logging_mixin.py:190} INFO - [2024-10-06T12:24:23.251+0000] {dagbag.py:588} INFO - Filling up the DagBag from /opt/airflow/dags/dag_extract_dolar.py
[2024-10-06T12:24:23.556+0000] {processor.py:925} INFO - DAG(s) 'Extract_dolar_to_minio' retrieved from /opt/airflow/dags/dag_extract_dolar.py
[2024-10-06T12:24:23.579+0000] {logging_mixin.py:190} INFO - [2024-10-06T12:24:23.579+0000] {dag.py:3239} INFO - Sync 1 DAGs
[2024-10-06T12:24:23.601+0000] {logging_mixin.py:190} INFO - [2024-10-06T12:24:23.601+0000] {dag.py:4180} INFO - Setting next_dagrun for Extract_dolar_to_minio to 2024-09-01 00:00:00+00:00, run_after=2024-09-02 00:00:00+00:00
[2024-10-06T12:24:23.617+0000] {processor.py:208} INFO - Processing /opt/airflow/dags/dag_extract_dolar.py took 0.377 seconds
[2024-10-06T12:24:53.770+0000] {processor.py:186} INFO - Started process (PID=92) to work on /opt/airflow/dags/dag_extract_dolar.py
[2024-10-06T12:24:53.771+0000] {processor.py:914} INFO - Processing file /opt/airflow/dags/dag_extract_dolar.py for tasks to queue
[2024-10-06T12:24:53.773+0000] {logging_mixin.py:190} INFO - [2024-10-06T12:24:53.773+0000] {dagbag.py:588} INFO - Filling up the DagBag from /opt/airflow/dags/dag_extract_dolar.py
[2024-10-06T12:24:54.079+0000] {processor.py:925} INFO - DAG(s) 'Extract_dolar_to_minio' retrieved from /opt/airflow/dags/dag_extract_dolar.py
[2024-10-06T12:24:54.099+0000] {logging_mixin.py:190} INFO - [2024-10-06T12:24:54.099+0000] {dag.py:3239} INFO - Sync 1 DAGs
[2024-10-06T12:24:54.121+0000] {logging_mixin.py:190} INFO - [2024-10-06T12:24:54.121+0000] {dag.py:4180} INFO - Setting next_dagrun for Extract_dolar_to_minio to 2024-09-01 00:00:00+00:00, run_after=2024-09-02 00:00:00+00:00
[2024-10-06T12:24:54.154+0000] {processor.py:208} INFO - Processing /opt/airflow/dags/dag_extract_dolar.py took 0.390 seconds
[2024-10-06T12:25:24.321+0000] {processor.py:186} INFO - Started process (PID=105) to work on /opt/airflow/dags/dag_extract_dolar.py
[2024-10-06T12:25:24.322+0000] {processor.py:914} INFO - Processing file /opt/airflow/dags/dag_extract_dolar.py for tasks to queue
[2024-10-06T12:25:24.324+0000] {logging_mixin.py:190} INFO - [2024-10-06T12:25:24.323+0000] {dagbag.py:588} INFO - Filling up the DagBag from /opt/airflow/dags/dag_extract_dolar.py
[2024-10-06T12:25:24.604+0000] {processor.py:925} INFO - DAG(s) 'Extract_dolar_to_minio' retrieved from /opt/airflow/dags/dag_extract_dolar.py
[2024-10-06T12:25:24.625+0000] {logging_mixin.py:190} INFO - [2024-10-06T12:25:24.625+0000] {dag.py:3239} INFO - Sync 1 DAGs
[2024-10-06T12:25:24.646+0000] {logging_mixin.py:190} INFO - [2024-10-06T12:25:24.646+0000] {dag.py:4180} INFO - Setting next_dagrun for Extract_dolar_to_minio to 2024-09-01 00:00:00+00:00, run_after=2024-09-02 00:00:00+00:00
[2024-10-06T12:25:24.662+0000] {processor.py:208} INFO - Processing /opt/airflow/dags/dag_extract_dolar.py took 0.346 seconds
[2024-10-06T12:25:54.813+0000] {processor.py:186} INFO - Started process (PID=112) to work on /opt/airflow/dags/dag_extract_dolar.py
[2024-10-06T12:25:54.815+0000] {processor.py:914} INFO - Processing file /opt/airflow/dags/dag_extract_dolar.py for tasks to queue
[2024-10-06T12:25:54.817+0000] {logging_mixin.py:190} INFO - [2024-10-06T12:25:54.817+0000] {dagbag.py:588} INFO - Filling up the DagBag from /opt/airflow/dags/dag_extract_dolar.py
[2024-10-06T12:25:55.098+0000] {processor.py:925} INFO - DAG(s) 'Extract_dolar_to_minio' retrieved from /opt/airflow/dags/dag_extract_dolar.py
[2024-10-06T12:25:55.119+0000] {logging_mixin.py:190} INFO - [2024-10-06T12:25:55.119+0000] {dag.py:3239} INFO - Sync 1 DAGs
[2024-10-06T12:25:55.138+0000] {logging_mixin.py:190} INFO - [2024-10-06T12:25:55.138+0000] {dag.py:4180} INFO - Setting next_dagrun for Extract_dolar_to_minio to 2024-09-01 00:00:00+00:00, run_after=2024-09-02 00:00:00+00:00
[2024-10-06T12:25:55.153+0000] {processor.py:208} INFO - Processing /opt/airflow/dags/dag_extract_dolar.py took 0.345 seconds
[2024-10-06T12:26:25.301+0000] {processor.py:186} INFO - Started process (PID=119) to work on /opt/airflow/dags/dag_extract_dolar.py
[2024-10-06T12:26:25.302+0000] {processor.py:914} INFO - Processing file /opt/airflow/dags/dag_extract_dolar.py for tasks to queue
[2024-10-06T12:26:25.304+0000] {logging_mixin.py:190} INFO - [2024-10-06T12:26:25.304+0000] {dagbag.py:588} INFO - Filling up the DagBag from /opt/airflow/dags/dag_extract_dolar.py
[2024-10-06T12:26:25.473+0000] {processor.py:925} INFO - DAG(s) 'Extract_dolar_to_minio' retrieved from /opt/airflow/dags/dag_extract_dolar.py
[2024-10-06T12:26:25.499+0000] {logging_mixin.py:190} INFO - [2024-10-06T12:26:25.499+0000] {dag.py:3239} INFO - Sync 1 DAGs
[2024-10-06T12:26:25.523+0000] {logging_mixin.py:190} INFO - [2024-10-06T12:26:25.523+0000] {dag.py:4180} INFO - Setting next_dagrun for Extract_dolar_to_minio to 2024-09-01 00:00:00+00:00, run_after=2024-09-02 00:00:00+00:00
[2024-10-06T12:26:25.543+0000] {processor.py:208} INFO - Processing /opt/airflow/dags/dag_extract_dolar.py took 0.247 seconds
[2024-10-06T12:26:55.678+0000] {processor.py:186} INFO - Started process (PID=126) to work on /opt/airflow/dags/dag_extract_dolar.py
[2024-10-06T12:26:55.680+0000] {processor.py:914} INFO - Processing file /opt/airflow/dags/dag_extract_dolar.py for tasks to queue
[2024-10-06T12:26:55.682+0000] {logging_mixin.py:190} INFO - [2024-10-06T12:26:55.681+0000] {dagbag.py:588} INFO - Filling up the DagBag from /opt/airflow/dags/dag_extract_dolar.py
[2024-10-06T12:26:55.844+0000] {processor.py:925} INFO - DAG(s) 'Extract_dolar_to_minio' retrieved from /opt/airflow/dags/dag_extract_dolar.py
[2024-10-06T12:26:55.867+0000] {logging_mixin.py:190} INFO - [2024-10-06T12:26:55.867+0000] {dag.py:3239} INFO - Sync 1 DAGs
[2024-10-06T12:26:55.889+0000] {logging_mixin.py:190} INFO - [2024-10-06T12:26:55.889+0000] {dag.py:4180} INFO - Setting next_dagrun for Extract_dolar_to_minio to 2024-09-01 00:00:00+00:00, run_after=2024-09-02 00:00:00+00:00
[2024-10-06T12:26:55.904+0000] {processor.py:208} INFO - Processing /opt/airflow/dags/dag_extract_dolar.py took 0.231 seconds
[2024-10-06T12:27:26.061+0000] {processor.py:186} INFO - Started process (PID=133) to work on /opt/airflow/dags/dag_extract_dolar.py
[2024-10-06T12:27:26.068+0000] {processor.py:914} INFO - Processing file /opt/airflow/dags/dag_extract_dolar.py for tasks to queue
[2024-10-06T12:27:26.071+0000] {logging_mixin.py:190} INFO - [2024-10-06T12:27:26.071+0000] {dagbag.py:588} INFO - Filling up the DagBag from /opt/airflow/dags/dag_extract_dolar.py
[2024-10-06T12:27:26.244+0000] {processor.py:925} INFO - DAG(s) 'Extract_dolar_to_minio' retrieved from /opt/airflow/dags/dag_extract_dolar.py
[2024-10-06T12:27:26.270+0000] {logging_mixin.py:190} INFO - [2024-10-06T12:27:26.269+0000] {dag.py:3239} INFO - Sync 1 DAGs
[2024-10-06T12:27:26.293+0000] {logging_mixin.py:190} INFO - [2024-10-06T12:27:26.293+0000] {dag.py:4180} INFO - Setting next_dagrun for Extract_dolar_to_minio to 2024-09-01 00:00:00+00:00, run_after=2024-09-02 00:00:00+00:00
[2024-10-06T12:27:26.310+0000] {processor.py:208} INFO - Processing /opt/airflow/dags/dag_extract_dolar.py took 0.255 seconds
[2024-10-06T12:27:56.449+0000] {processor.py:186} INFO - Started process (PID=140) to work on /opt/airflow/dags/dag_extract_dolar.py
[2024-10-06T12:27:56.450+0000] {processor.py:914} INFO - Processing file /opt/airflow/dags/dag_extract_dolar.py for tasks to queue
[2024-10-06T12:27:56.453+0000] {logging_mixin.py:190} INFO - [2024-10-06T12:27:56.452+0000] {dagbag.py:588} INFO - Filling up the DagBag from /opt/airflow/dags/dag_extract_dolar.py
[2024-10-06T12:27:56.617+0000] {processor.py:925} INFO - DAG(s) 'Extract_dolar_to_minio' retrieved from /opt/airflow/dags/dag_extract_dolar.py
[2024-10-06T12:27:56.640+0000] {logging_mixin.py:190} INFO - [2024-10-06T12:27:56.640+0000] {dag.py:3239} INFO - Sync 1 DAGs
[2024-10-06T12:27:56.663+0000] {logging_mixin.py:190} INFO - [2024-10-06T12:27:56.663+0000] {dag.py:4180} INFO - Setting next_dagrun for Extract_dolar_to_minio to 2024-09-01 00:00:00+00:00, run_after=2024-09-02 00:00:00+00:00
[2024-10-06T12:27:56.681+0000] {processor.py:208} INFO - Processing /opt/airflow/dags/dag_extract_dolar.py took 0.238 seconds
[2024-10-06T12:28:26.830+0000] {processor.py:186} INFO - Started process (PID=147) to work on /opt/airflow/dags/dag_extract_dolar.py
[2024-10-06T12:28:26.832+0000] {processor.py:914} INFO - Processing file /opt/airflow/dags/dag_extract_dolar.py for tasks to queue
[2024-10-06T12:28:26.835+0000] {logging_mixin.py:190} INFO - [2024-10-06T12:28:26.835+0000] {dagbag.py:588} INFO - Filling up the DagBag from /opt/airflow/dags/dag_extract_dolar.py
[2024-10-06T12:28:27.005+0000] {processor.py:925} INFO - DAG(s) 'Extract_dolar_to_minio' retrieved from /opt/airflow/dags/dag_extract_dolar.py
[2024-10-06T12:28:27.030+0000] {logging_mixin.py:190} INFO - [2024-10-06T12:28:27.030+0000] {dag.py:3239} INFO - Sync 1 DAGs
[2024-10-06T12:28:27.053+0000] {logging_mixin.py:190} INFO - [2024-10-06T12:28:27.053+0000] {dag.py:4180} INFO - Setting next_dagrun for Extract_dolar_to_minio to 2024-09-01 00:00:00+00:00, run_after=2024-09-02 00:00:00+00:00
[2024-10-06T12:28:27.071+0000] {processor.py:208} INFO - Processing /opt/airflow/dags/dag_extract_dolar.py took 0.247 seconds
[2024-10-06T12:28:57.217+0000] {processor.py:186} INFO - Started process (PID=154) to work on /opt/airflow/dags/dag_extract_dolar.py
[2024-10-06T12:28:57.219+0000] {processor.py:914} INFO - Processing file /opt/airflow/dags/dag_extract_dolar.py for tasks to queue
[2024-10-06T12:28:57.223+0000] {logging_mixin.py:190} INFO - [2024-10-06T12:28:57.223+0000] {dagbag.py:588} INFO - Filling up the DagBag from /opt/airflow/dags/dag_extract_dolar.py
[2024-10-06T12:28:57.410+0000] {processor.py:925} INFO - DAG(s) 'Extract_dolar_to_minio' retrieved from /opt/airflow/dags/dag_extract_dolar.py
[2024-10-06T12:28:57.436+0000] {logging_mixin.py:190} INFO - [2024-10-06T12:28:57.436+0000] {dag.py:3239} INFO - Sync 1 DAGs
[2024-10-06T12:28:57.460+0000] {logging_mixin.py:190} INFO - [2024-10-06T12:28:57.459+0000] {dag.py:4180} INFO - Setting next_dagrun for Extract_dolar_to_minio to 2024-09-01 00:00:00+00:00, run_after=2024-09-02 00:00:00+00:00
[2024-10-06T12:28:57.480+0000] {processor.py:208} INFO - Processing /opt/airflow/dags/dag_extract_dolar.py took 0.270 seconds
[2024-10-06T12:29:27.623+0000] {processor.py:186} INFO - Started process (PID=161) to work on /opt/airflow/dags/dag_extract_dolar.py
[2024-10-06T12:29:27.624+0000] {processor.py:914} INFO - Processing file /opt/airflow/dags/dag_extract_dolar.py for tasks to queue
[2024-10-06T12:29:27.626+0000] {logging_mixin.py:190} INFO - [2024-10-06T12:29:27.626+0000] {dagbag.py:588} INFO - Filling up the DagBag from /opt/airflow/dags/dag_extract_dolar.py
[2024-10-06T12:29:27.797+0000] {processor.py:925} INFO - DAG(s) 'Extract_dolar_to_minio' retrieved from /opt/airflow/dags/dag_extract_dolar.py
[2024-10-06T12:29:27.821+0000] {logging_mixin.py:190} INFO - [2024-10-06T12:29:27.821+0000] {dag.py:3239} INFO - Sync 1 DAGs
[2024-10-06T12:29:27.845+0000] {logging_mixin.py:190} INFO - [2024-10-06T12:29:27.845+0000] {dag.py:4180} INFO - Setting next_dagrun for Extract_dolar_to_minio to 2024-09-01 00:00:00+00:00, run_after=2024-09-02 00:00:00+00:00
[2024-10-06T12:29:27.861+0000] {processor.py:208} INFO - Processing /opt/airflow/dags/dag_extract_dolar.py took 0.244 seconds
[2024-10-06T12:29:58.004+0000] {processor.py:186} INFO - Started process (PID=168) to work on /opt/airflow/dags/dag_extract_dolar.py
[2024-10-06T12:29:58.004+0000] {processor.py:914} INFO - Processing file /opt/airflow/dags/dag_extract_dolar.py for tasks to queue
[2024-10-06T12:29:58.007+0000] {logging_mixin.py:190} INFO - [2024-10-06T12:29:58.006+0000] {dagbag.py:588} INFO - Filling up the DagBag from /opt/airflow/dags/dag_extract_dolar.py
[2024-10-06T12:29:58.217+0000] {processor.py:925} INFO - DAG(s) 'Extract_dolar_to_minio' retrieved from /opt/airflow/dags/dag_extract_dolar.py
[2024-10-06T12:29:58.246+0000] {logging_mixin.py:190} INFO - [2024-10-06T12:29:58.245+0000] {dag.py:3239} INFO - Sync 1 DAGs
[2024-10-06T12:29:58.270+0000] {logging_mixin.py:190} INFO - [2024-10-06T12:29:58.269+0000] {dag.py:4180} INFO - Setting next_dagrun for Extract_dolar_to_minio to 2024-09-01 00:00:00+00:00, run_after=2024-09-02 00:00:00+00:00
[2024-10-06T12:29:58.286+0000] {processor.py:208} INFO - Processing /opt/airflow/dags/dag_extract_dolar.py took 0.288 seconds
[2024-10-06T12:30:28.431+0000] {processor.py:186} INFO - Started process (PID=175) to work on /opt/airflow/dags/dag_extract_dolar.py
[2024-10-06T12:30:28.435+0000] {processor.py:914} INFO - Processing file /opt/airflow/dags/dag_extract_dolar.py for tasks to queue
[2024-10-06T12:30:28.437+0000] {logging_mixin.py:190} INFO - [2024-10-06T12:30:28.437+0000] {dagbag.py:588} INFO - Filling up the DagBag from /opt/airflow/dags/dag_extract_dolar.py
[2024-10-06T12:30:28.606+0000] {processor.py:925} INFO - DAG(s) 'Extract_dolar_to_minio' retrieved from /opt/airflow/dags/dag_extract_dolar.py
[2024-10-06T12:30:28.631+0000] {logging_mixin.py:190} INFO - [2024-10-06T12:30:28.631+0000] {dag.py:3239} INFO - Sync 1 DAGs
[2024-10-06T12:30:28.654+0000] {logging_mixin.py:190} INFO - [2024-10-06T12:30:28.654+0000] {dag.py:4180} INFO - Setting next_dagrun for Extract_dolar_to_minio to 2024-09-01 00:00:00+00:00, run_after=2024-09-02 00:00:00+00:00
[2024-10-06T12:30:28.674+0000] {processor.py:208} INFO - Processing /opt/airflow/dags/dag_extract_dolar.py took 0.249 seconds
[2024-10-06T12:30:58.811+0000] {processor.py:186} INFO - Started process (PID=182) to work on /opt/airflow/dags/dag_extract_dolar.py
[2024-10-06T12:30:58.812+0000] {processor.py:914} INFO - Processing file /opt/airflow/dags/dag_extract_dolar.py for tasks to queue
[2024-10-06T12:30:58.814+0000] {logging_mixin.py:190} INFO - [2024-10-06T12:30:58.813+0000] {dagbag.py:588} INFO - Filling up the DagBag from /opt/airflow/dags/dag_extract_dolar.py
[2024-10-06T12:30:58.977+0000] {processor.py:925} INFO - DAG(s) 'Extract_dolar_to_minio' retrieved from /opt/airflow/dags/dag_extract_dolar.py
[2024-10-06T12:30:59.001+0000] {logging_mixin.py:190} INFO - [2024-10-06T12:30:59.001+0000] {dag.py:3239} INFO - Sync 1 DAGs
[2024-10-06T12:30:59.024+0000] {logging_mixin.py:190} INFO - [2024-10-06T12:30:59.024+0000] {dag.py:4180} INFO - Setting next_dagrun for Extract_dolar_to_minio to 2024-09-01 00:00:00+00:00, run_after=2024-09-02 00:00:00+00:00
[2024-10-06T12:30:59.040+0000] {processor.py:208} INFO - Processing /opt/airflow/dags/dag_extract_dolar.py took 0.235 seconds
[2024-10-06T12:31:29.183+0000] {processor.py:186} INFO - Started process (PID=189) to work on /opt/airflow/dags/dag_extract_dolar.py
[2024-10-06T12:31:29.184+0000] {processor.py:914} INFO - Processing file /opt/airflow/dags/dag_extract_dolar.py for tasks to queue
[2024-10-06T12:31:29.187+0000] {logging_mixin.py:190} INFO - [2024-10-06T12:31:29.187+0000] {dagbag.py:588} INFO - Filling up the DagBag from /opt/airflow/dags/dag_extract_dolar.py
[2024-10-06T12:31:29.350+0000] {processor.py:925} INFO - DAG(s) 'Extract_dolar_to_minio' retrieved from /opt/airflow/dags/dag_extract_dolar.py
[2024-10-06T12:31:29.383+0000] {logging_mixin.py:190} INFO - [2024-10-06T12:31:29.382+0000] {dag.py:3239} INFO - Sync 1 DAGs
[2024-10-06T12:31:29.406+0000] {logging_mixin.py:190} INFO - [2024-10-06T12:31:29.405+0000] {dag.py:4180} INFO - Setting next_dagrun for Extract_dolar_to_minio to 2024-09-01 00:00:00+00:00, run_after=2024-09-02 00:00:00+00:00
[2024-10-06T12:31:29.422+0000] {processor.py:208} INFO - Processing /opt/airflow/dags/dag_extract_dolar.py took 0.245 seconds
[2024-10-06T12:31:59.563+0000] {processor.py:186} INFO - Started process (PID=196) to work on /opt/airflow/dags/dag_extract_dolar.py
[2024-10-06T12:31:59.564+0000] {processor.py:914} INFO - Processing file /opt/airflow/dags/dag_extract_dolar.py for tasks to queue
[2024-10-06T12:31:59.567+0000] {logging_mixin.py:190} INFO - [2024-10-06T12:31:59.567+0000] {dagbag.py:588} INFO - Filling up the DagBag from /opt/airflow/dags/dag_extract_dolar.py
[2024-10-06T12:31:59.737+0000] {processor.py:925} INFO - DAG(s) 'Extract_dolar_to_minio' retrieved from /opt/airflow/dags/dag_extract_dolar.py
[2024-10-06T12:31:59.762+0000] {logging_mixin.py:190} INFO - [2024-10-06T12:31:59.762+0000] {dag.py:3239} INFO - Sync 1 DAGs
[2024-10-06T12:31:59.785+0000] {logging_mixin.py:190} INFO - [2024-10-06T12:31:59.785+0000] {dag.py:4180} INFO - Setting next_dagrun for Extract_dolar_to_minio to 2024-09-01 00:00:00+00:00, run_after=2024-09-02 00:00:00+00:00
[2024-10-06T12:31:59.802+0000] {processor.py:208} INFO - Processing /opt/airflow/dags/dag_extract_dolar.py took 0.245 seconds
[2024-10-06T12:32:29.947+0000] {processor.py:186} INFO - Started process (PID=203) to work on /opt/airflow/dags/dag_extract_dolar.py
[2024-10-06T12:32:29.947+0000] {processor.py:914} INFO - Processing file /opt/airflow/dags/dag_extract_dolar.py for tasks to queue
[2024-10-06T12:32:29.951+0000] {logging_mixin.py:190} INFO - [2024-10-06T12:32:29.950+0000] {dagbag.py:588} INFO - Filling up the DagBag from /opt/airflow/dags/dag_extract_dolar.py
[2024-10-06T12:32:30.144+0000] {processor.py:925} INFO - DAG(s) 'Extract_dolar_to_minio' retrieved from /opt/airflow/dags/dag_extract_dolar.py
[2024-10-06T12:32:30.168+0000] {logging_mixin.py:190} INFO - [2024-10-06T12:32:30.168+0000] {dag.py:3239} INFO - Sync 1 DAGs
[2024-10-06T12:32:30.192+0000] {logging_mixin.py:190} INFO - [2024-10-06T12:32:30.191+0000] {dag.py:4180} INFO - Setting next_dagrun for Extract_dolar_to_minio to 2024-09-01 00:00:00+00:00, run_after=2024-09-02 00:00:00+00:00
[2024-10-06T12:32:30.209+0000] {processor.py:208} INFO - Processing /opt/airflow/dags/dag_extract_dolar.py took 0.269 seconds
[2024-10-06T12:33:00.351+0000] {processor.py:186} INFO - Started process (PID=210) to work on /opt/airflow/dags/dag_extract_dolar.py
[2024-10-06T12:33:00.352+0000] {processor.py:914} INFO - Processing file /opt/airflow/dags/dag_extract_dolar.py for tasks to queue
[2024-10-06T12:33:00.354+0000] {logging_mixin.py:190} INFO - [2024-10-06T12:33:00.354+0000] {dagbag.py:588} INFO - Filling up the DagBag from /opt/airflow/dags/dag_extract_dolar.py
[2024-10-06T12:33:00.533+0000] {processor.py:925} INFO - DAG(s) 'Extract_dolar_to_minio' retrieved from /opt/airflow/dags/dag_extract_dolar.py
[2024-10-06T12:33:00.558+0000] {logging_mixin.py:190} INFO - [2024-10-06T12:33:00.558+0000] {dag.py:3239} INFO - Sync 1 DAGs
[2024-10-06T12:33:00.581+0000] {logging_mixin.py:190} INFO - [2024-10-06T12:33:00.581+0000] {dag.py:4180} INFO - Setting next_dagrun for Extract_dolar_to_minio to 2024-09-01 00:00:00+00:00, run_after=2024-09-02 00:00:00+00:00
[2024-10-06T12:33:00.601+0000] {processor.py:208} INFO - Processing /opt/airflow/dags/dag_extract_dolar.py took 0.257 seconds
[2024-10-06T12:33:30.740+0000] {processor.py:186} INFO - Started process (PID=217) to work on /opt/airflow/dags/dag_extract_dolar.py
[2024-10-06T12:33:30.741+0000] {processor.py:914} INFO - Processing file /opt/airflow/dags/dag_extract_dolar.py for tasks to queue
[2024-10-06T12:33:30.744+0000] {logging_mixin.py:190} INFO - [2024-10-06T12:33:30.743+0000] {dagbag.py:588} INFO - Filling up the DagBag from /opt/airflow/dags/dag_extract_dolar.py
[2024-10-06T12:33:30.917+0000] {processor.py:925} INFO - DAG(s) 'Extract_dolar_to_minio' retrieved from /opt/airflow/dags/dag_extract_dolar.py
[2024-10-06T12:33:30.943+0000] {logging_mixin.py:190} INFO - [2024-10-06T12:33:30.943+0000] {dag.py:3239} INFO - Sync 1 DAGs
[2024-10-06T12:33:30.970+0000] {logging_mixin.py:190} INFO - [2024-10-06T12:33:30.969+0000] {dag.py:4180} INFO - Setting next_dagrun for Extract_dolar_to_minio to 2024-09-01 00:00:00+00:00, run_after=2024-09-02 00:00:00+00:00
[2024-10-06T12:33:30.987+0000] {processor.py:208} INFO - Processing /opt/airflow/dags/dag_extract_dolar.py took 0.253 seconds
[2024-10-06T12:34:01.131+0000] {processor.py:186} INFO - Started process (PID=224) to work on /opt/airflow/dags/dag_extract_dolar.py
[2024-10-06T12:34:01.132+0000] {processor.py:914} INFO - Processing file /opt/airflow/dags/dag_extract_dolar.py for tasks to queue
[2024-10-06T12:34:01.134+0000] {logging_mixin.py:190} INFO - [2024-10-06T12:34:01.134+0000] {dagbag.py:588} INFO - Filling up the DagBag from /opt/airflow/dags/dag_extract_dolar.py
[2024-10-06T12:34:01.310+0000] {processor.py:925} INFO - DAG(s) 'Extract_dolar_to_minio' retrieved from /opt/airflow/dags/dag_extract_dolar.py
[2024-10-06T12:34:01.339+0000] {logging_mixin.py:190} INFO - [2024-10-06T12:34:01.338+0000] {dag.py:3239} INFO - Sync 1 DAGs
[2024-10-06T12:34:01.362+0000] {logging_mixin.py:190} INFO - [2024-10-06T12:34:01.362+0000] {dag.py:4180} INFO - Setting next_dagrun for Extract_dolar_to_minio to 2024-09-01 00:00:00+00:00, run_after=2024-09-02 00:00:00+00:00
[2024-10-06T12:34:01.377+0000] {processor.py:208} INFO - Processing /opt/airflow/dags/dag_extract_dolar.py took 0.253 seconds
[2024-10-06T12:34:31.516+0000] {processor.py:186} INFO - Started process (PID=231) to work on /opt/airflow/dags/dag_extract_dolar.py
[2024-10-06T12:34:31.517+0000] {processor.py:914} INFO - Processing file /opt/airflow/dags/dag_extract_dolar.py for tasks to queue
[2024-10-06T12:34:31.519+0000] {logging_mixin.py:190} INFO - [2024-10-06T12:34:31.519+0000] {dagbag.py:588} INFO - Filling up the DagBag from /opt/airflow/dags/dag_extract_dolar.py
[2024-10-06T12:34:31.684+0000] {processor.py:925} INFO - DAG(s) 'Extract_dolar_to_minio' retrieved from /opt/airflow/dags/dag_extract_dolar.py
[2024-10-06T12:34:31.708+0000] {logging_mixin.py:190} INFO - [2024-10-06T12:34:31.708+0000] {dag.py:3239} INFO - Sync 1 DAGs
[2024-10-06T12:34:31.731+0000] {logging_mixin.py:190} INFO - [2024-10-06T12:34:31.730+0000] {dag.py:4180} INFO - Setting next_dagrun for Extract_dolar_to_minio to 2024-09-01 00:00:00+00:00, run_after=2024-09-02 00:00:00+00:00
[2024-10-06T12:34:31.747+0000] {processor.py:208} INFO - Processing /opt/airflow/dags/dag_extract_dolar.py took 0.237 seconds
[2024-10-06T12:35:01.884+0000] {processor.py:186} INFO - Started process (PID=238) to work on /opt/airflow/dags/dag_extract_dolar.py
[2024-10-06T12:35:01.886+0000] {processor.py:914} INFO - Processing file /opt/airflow/dags/dag_extract_dolar.py for tasks to queue
[2024-10-06T12:35:01.888+0000] {logging_mixin.py:190} INFO - [2024-10-06T12:35:01.887+0000] {dagbag.py:588} INFO - Filling up the DagBag from /opt/airflow/dags/dag_extract_dolar.py
[2024-10-06T12:35:02.049+0000] {processor.py:925} INFO - DAG(s) 'Extract_dolar_to_minio' retrieved from /opt/airflow/dags/dag_extract_dolar.py
[2024-10-06T12:35:02.073+0000] {logging_mixin.py:190} INFO - [2024-10-06T12:35:02.073+0000] {dag.py:3239} INFO - Sync 1 DAGs
[2024-10-06T12:35:02.096+0000] {logging_mixin.py:190} INFO - [2024-10-06T12:35:02.095+0000] {dag.py:4180} INFO - Setting next_dagrun for Extract_dolar_to_minio to 2024-09-01 00:00:00+00:00, run_after=2024-09-02 00:00:00+00:00
[2024-10-06T12:35:02.112+0000] {processor.py:208} INFO - Processing /opt/airflow/dags/dag_extract_dolar.py took 0.234 seconds
[2024-10-06T12:35:32.251+0000] {processor.py:186} INFO - Started process (PID=245) to work on /opt/airflow/dags/dag_extract_dolar.py
[2024-10-06T12:35:32.252+0000] {processor.py:914} INFO - Processing file /opt/airflow/dags/dag_extract_dolar.py for tasks to queue
[2024-10-06T12:35:32.255+0000] {logging_mixin.py:190} INFO - [2024-10-06T12:35:32.254+0000] {dagbag.py:588} INFO - Filling up the DagBag from /opt/airflow/dags/dag_extract_dolar.py
[2024-10-06T12:35:32.457+0000] {processor.py:925} INFO - DAG(s) 'Extract_dolar_to_minio' retrieved from /opt/airflow/dags/dag_extract_dolar.py
[2024-10-06T12:35:32.486+0000] {logging_mixin.py:190} INFO - [2024-10-06T12:35:32.486+0000] {dag.py:3239} INFO - Sync 1 DAGs
[2024-10-06T12:35:32.513+0000] {logging_mixin.py:190} INFO - [2024-10-06T12:35:32.513+0000] {dag.py:4180} INFO - Setting next_dagrun for Extract_dolar_to_minio to 2024-09-01 00:00:00+00:00, run_after=2024-09-02 00:00:00+00:00
[2024-10-06T12:35:32.530+0000] {processor.py:208} INFO - Processing /opt/airflow/dags/dag_extract_dolar.py took 0.285 seconds
[2024-10-06T12:36:02.672+0000] {processor.py:186} INFO - Started process (PID=252) to work on /opt/airflow/dags/dag_extract_dolar.py
[2024-10-06T12:36:02.674+0000] {processor.py:914} INFO - Processing file /opt/airflow/dags/dag_extract_dolar.py for tasks to queue
[2024-10-06T12:36:02.678+0000] {logging_mixin.py:190} INFO - [2024-10-06T12:36:02.677+0000] {dagbag.py:588} INFO - Filling up the DagBag from /opt/airflow/dags/dag_extract_dolar.py
[2024-10-06T12:36:02.861+0000] {processor.py:925} INFO - DAG(s) 'Extract_dolar_to_minio' retrieved from /opt/airflow/dags/dag_extract_dolar.py
[2024-10-06T12:36:02.888+0000] {logging_mixin.py:190} INFO - [2024-10-06T12:36:02.888+0000] {dag.py:3239} INFO - Sync 1 DAGs
[2024-10-06T12:36:02.913+0000] {logging_mixin.py:190} INFO - [2024-10-06T12:36:02.913+0000] {dag.py:4180} INFO - Setting next_dagrun for Extract_dolar_to_minio to 2024-09-01 00:00:00+00:00, run_after=2024-09-02 00:00:00+00:00
[2024-10-06T12:36:02.935+0000] {processor.py:208} INFO - Processing /opt/airflow/dags/dag_extract_dolar.py took 0.270 seconds
[2024-10-06T12:36:33.083+0000] {processor.py:186} INFO - Started process (PID=259) to work on /opt/airflow/dags/dag_extract_dolar.py
[2024-10-06T12:36:33.084+0000] {processor.py:914} INFO - Processing file /opt/airflow/dags/dag_extract_dolar.py for tasks to queue
[2024-10-06T12:36:33.087+0000] {logging_mixin.py:190} INFO - [2024-10-06T12:36:33.087+0000] {dagbag.py:588} INFO - Filling up the DagBag from /opt/airflow/dags/dag_extract_dolar.py
[2024-10-06T12:36:33.257+0000] {processor.py:925} INFO - DAG(s) 'Extract_dolar_to_minio' retrieved from /opt/airflow/dags/dag_extract_dolar.py
[2024-10-06T12:36:33.281+0000] {logging_mixin.py:190} INFO - [2024-10-06T12:36:33.281+0000] {dag.py:3239} INFO - Sync 1 DAGs
[2024-10-06T12:36:33.304+0000] {logging_mixin.py:190} INFO - [2024-10-06T12:36:33.304+0000] {dag.py:4180} INFO - Setting next_dagrun for Extract_dolar_to_minio to 2024-09-01 00:00:00+00:00, run_after=2024-09-02 00:00:00+00:00
[2024-10-06T12:36:33.320+0000] {processor.py:208} INFO - Processing /opt/airflow/dags/dag_extract_dolar.py took 0.243 seconds
[2024-10-06T12:37:03.458+0000] {processor.py:186} INFO - Started process (PID=266) to work on /opt/airflow/dags/dag_extract_dolar.py
[2024-10-06T12:37:03.459+0000] {processor.py:914} INFO - Processing file /opt/airflow/dags/dag_extract_dolar.py for tasks to queue
[2024-10-06T12:37:03.461+0000] {logging_mixin.py:190} INFO - [2024-10-06T12:37:03.461+0000] {dagbag.py:588} INFO - Filling up the DagBag from /opt/airflow/dags/dag_extract_dolar.py
[2024-10-06T12:37:03.642+0000] {processor.py:925} INFO - DAG(s) 'Extract_dolar_to_minio' retrieved from /opt/airflow/dags/dag_extract_dolar.py
[2024-10-06T12:37:03.668+0000] {logging_mixin.py:190} INFO - [2024-10-06T12:37:03.668+0000] {dag.py:3239} INFO - Sync 1 DAGs
[2024-10-06T12:37:03.692+0000] {logging_mixin.py:190} INFO - [2024-10-06T12:37:03.691+0000] {dag.py:4180} INFO - Setting next_dagrun for Extract_dolar_to_minio to 2024-09-01 00:00:00+00:00, run_after=2024-09-02 00:00:00+00:00
[2024-10-06T12:37:03.709+0000] {processor.py:208} INFO - Processing /opt/airflow/dags/dag_extract_dolar.py took 0.258 seconds
[2024-10-06T12:37:33.886+0000] {processor.py:186} INFO - Started process (PID=273) to work on /opt/airflow/dags/dag_extract_dolar.py
[2024-10-06T12:37:33.887+0000] {processor.py:914} INFO - Processing file /opt/airflow/dags/dag_extract_dolar.py for tasks to queue
[2024-10-06T12:37:33.890+0000] {logging_mixin.py:190} INFO - [2024-10-06T12:37:33.889+0000] {dagbag.py:588} INFO - Filling up the DagBag from /opt/airflow/dags/dag_extract_dolar.py
[2024-10-06T12:37:34.078+0000] {processor.py:925} INFO - DAG(s) 'Extract_dolar_to_minio' retrieved from /opt/airflow/dags/dag_extract_dolar.py
[2024-10-06T12:37:34.102+0000] {logging_mixin.py:190} INFO - [2024-10-06T12:37:34.102+0000] {dag.py:3239} INFO - Sync 1 DAGs
[2024-10-06T12:37:34.125+0000] {logging_mixin.py:190} INFO - [2024-10-06T12:37:34.125+0000] {dag.py:4180} INFO - Setting next_dagrun for Extract_dolar_to_minio to 2024-09-01 00:00:00+00:00, run_after=2024-09-02 00:00:00+00:00
[2024-10-06T12:37:34.141+0000] {processor.py:208} INFO - Processing /opt/airflow/dags/dag_extract_dolar.py took 0.261 seconds
[2024-10-06T12:38:04.281+0000] {processor.py:186} INFO - Started process (PID=280) to work on /opt/airflow/dags/dag_extract_dolar.py
[2024-10-06T12:38:04.282+0000] {processor.py:914} INFO - Processing file /opt/airflow/dags/dag_extract_dolar.py for tasks to queue
[2024-10-06T12:38:04.284+0000] {logging_mixin.py:190} INFO - [2024-10-06T12:38:04.284+0000] {dagbag.py:588} INFO - Filling up the DagBag from /opt/airflow/dags/dag_extract_dolar.py
[2024-10-06T12:38:04.450+0000] {processor.py:925} INFO - DAG(s) 'Extract_dolar_to_minio' retrieved from /opt/airflow/dags/dag_extract_dolar.py
[2024-10-06T12:38:04.477+0000] {logging_mixin.py:190} INFO - [2024-10-06T12:38:04.477+0000] {dag.py:3239} INFO - Sync 1 DAGs
[2024-10-06T12:38:04.502+0000] {logging_mixin.py:190} INFO - [2024-10-06T12:38:04.502+0000] {dag.py:4180} INFO - Setting next_dagrun for Extract_dolar_to_minio to 2024-09-01 00:00:00+00:00, run_after=2024-09-02 00:00:00+00:00
[2024-10-06T12:38:04.521+0000] {processor.py:208} INFO - Processing /opt/airflow/dags/dag_extract_dolar.py took 0.246 seconds
[2024-10-06T12:38:34.667+0000] {processor.py:186} INFO - Started process (PID=287) to work on /opt/airflow/dags/dag_extract_dolar.py
[2024-10-06T12:38:34.667+0000] {processor.py:914} INFO - Processing file /opt/airflow/dags/dag_extract_dolar.py for tasks to queue
[2024-10-06T12:38:34.670+0000] {logging_mixin.py:190} INFO - [2024-10-06T12:38:34.669+0000] {dagbag.py:588} INFO - Filling up the DagBag from /opt/airflow/dags/dag_extract_dolar.py
[2024-10-06T12:38:34.839+0000] {processor.py:925} INFO - DAG(s) 'Extract_dolar_to_minio' retrieved from /opt/airflow/dags/dag_extract_dolar.py
[2024-10-06T12:38:34.867+0000] {logging_mixin.py:190} INFO - [2024-10-06T12:38:34.867+0000] {dag.py:3239} INFO - Sync 1 DAGs
[2024-10-06T12:38:34.889+0000] {logging_mixin.py:190} INFO - [2024-10-06T12:38:34.889+0000] {dag.py:4180} INFO - Setting next_dagrun for Extract_dolar_to_minio to 2024-09-01 00:00:00+00:00, run_after=2024-09-02 00:00:00+00:00
[2024-10-06T12:38:34.906+0000] {processor.py:208} INFO - Processing /opt/airflow/dags/dag_extract_dolar.py took 0.245 seconds
[2024-10-06T12:39:05.043+0000] {processor.py:186} INFO - Started process (PID=294) to work on /opt/airflow/dags/dag_extract_dolar.py
[2024-10-06T12:39:05.044+0000] {processor.py:914} INFO - Processing file /opt/airflow/dags/dag_extract_dolar.py for tasks to queue
[2024-10-06T12:39:05.046+0000] {logging_mixin.py:190} INFO - [2024-10-06T12:39:05.046+0000] {dagbag.py:588} INFO - Filling up the DagBag from /opt/airflow/dags/dag_extract_dolar.py
[2024-10-06T12:39:05.211+0000] {processor.py:925} INFO - DAG(s) 'Extract_dolar_to_minio' retrieved from /opt/airflow/dags/dag_extract_dolar.py
[2024-10-06T12:39:05.236+0000] {logging_mixin.py:190} INFO - [2024-10-06T12:39:05.236+0000] {dag.py:3239} INFO - Sync 1 DAGs
[2024-10-06T12:39:05.260+0000] {logging_mixin.py:190} INFO - [2024-10-06T12:39:05.260+0000] {dag.py:4180} INFO - Setting next_dagrun for Extract_dolar_to_minio to 2024-09-01 00:00:00+00:00, run_after=2024-09-02 00:00:00+00:00
[2024-10-06T12:39:05.277+0000] {processor.py:208} INFO - Processing /opt/airflow/dags/dag_extract_dolar.py took 0.240 seconds
[2024-10-06T12:39:35.417+0000] {processor.py:186} INFO - Started process (PID=301) to work on /opt/airflow/dags/dag_extract_dolar.py
[2024-10-06T12:39:35.417+0000] {processor.py:914} INFO - Processing file /opt/airflow/dags/dag_extract_dolar.py for tasks to queue
[2024-10-06T12:39:35.420+0000] {logging_mixin.py:190} INFO - [2024-10-06T12:39:35.419+0000] {dagbag.py:588} INFO - Filling up the DagBag from /opt/airflow/dags/dag_extract_dolar.py
[2024-10-06T12:39:35.584+0000] {processor.py:925} INFO - DAG(s) 'Extract_dolar_to_minio' retrieved from /opt/airflow/dags/dag_extract_dolar.py
[2024-10-06T12:39:35.608+0000] {logging_mixin.py:190} INFO - [2024-10-06T12:39:35.608+0000] {dag.py:3239} INFO - Sync 1 DAGs
[2024-10-06T12:39:35.631+0000] {logging_mixin.py:190} INFO - [2024-10-06T12:39:35.631+0000] {dag.py:4180} INFO - Setting next_dagrun for Extract_dolar_to_minio to 2024-09-01 00:00:00+00:00, run_after=2024-09-02 00:00:00+00:00
[2024-10-06T12:39:35.647+0000] {processor.py:208} INFO - Processing /opt/airflow/dags/dag_extract_dolar.py took 0.236 seconds
[2024-10-06T12:40:05.793+0000] {processor.py:186} INFO - Started process (PID=308) to work on /opt/airflow/dags/dag_extract_dolar.py
[2024-10-06T12:40:05.795+0000] {processor.py:914} INFO - Processing file /opt/airflow/dags/dag_extract_dolar.py for tasks to queue
[2024-10-06T12:40:05.797+0000] {logging_mixin.py:190} INFO - [2024-10-06T12:40:05.797+0000] {dagbag.py:588} INFO - Filling up the DagBag from /opt/airflow/dags/dag_extract_dolar.py
[2024-10-06T12:40:05.965+0000] {processor.py:925} INFO - DAG(s) 'Extract_dolar_to_minio' retrieved from /opt/airflow/dags/dag_extract_dolar.py
[2024-10-06T12:40:05.991+0000] {logging_mixin.py:190} INFO - [2024-10-06T12:40:05.991+0000] {dag.py:3239} INFO - Sync 1 DAGs
[2024-10-06T12:40:06.014+0000] {logging_mixin.py:190} INFO - [2024-10-06T12:40:06.014+0000] {dag.py:4180} INFO - Setting next_dagrun for Extract_dolar_to_minio to 2024-09-01 00:00:00+00:00, run_after=2024-09-02 00:00:00+00:00
[2024-10-06T12:40:06.029+0000] {processor.py:208} INFO - Processing /opt/airflow/dags/dag_extract_dolar.py took 0.243 seconds
[2024-10-06T12:40:36.173+0000] {processor.py:186} INFO - Started process (PID=315) to work on /opt/airflow/dags/dag_extract_dolar.py
[2024-10-06T12:40:36.173+0000] {processor.py:914} INFO - Processing file /opt/airflow/dags/dag_extract_dolar.py for tasks to queue
[2024-10-06T12:40:36.176+0000] {logging_mixin.py:190} INFO - [2024-10-06T12:40:36.176+0000] {dagbag.py:588} INFO - Filling up the DagBag from /opt/airflow/dags/dag_extract_dolar.py
[2024-10-06T12:40:36.339+0000] {processor.py:925} INFO - DAG(s) 'Extract_dolar_to_minio' retrieved from /opt/airflow/dags/dag_extract_dolar.py
[2024-10-06T12:40:36.363+0000] {logging_mixin.py:190} INFO - [2024-10-06T12:40:36.363+0000] {dag.py:3239} INFO - Sync 1 DAGs
[2024-10-06T12:40:36.385+0000] {logging_mixin.py:190} INFO - [2024-10-06T12:40:36.385+0000] {dag.py:4180} INFO - Setting next_dagrun for Extract_dolar_to_minio to 2024-09-01 00:00:00+00:00, run_after=2024-09-02 00:00:00+00:00
[2024-10-06T12:40:36.402+0000] {processor.py:208} INFO - Processing /opt/airflow/dags/dag_extract_dolar.py took 0.235 seconds
[2024-10-06T12:41:06.538+0000] {processor.py:186} INFO - Started process (PID=321) to work on /opt/airflow/dags/dag_extract_dolar.py
[2024-10-06T12:41:06.540+0000] {processor.py:914} INFO - Processing file /opt/airflow/dags/dag_extract_dolar.py for tasks to queue
[2024-10-06T12:41:06.542+0000] {logging_mixin.py:190} INFO - [2024-10-06T12:41:06.542+0000] {dagbag.py:588} INFO - Filling up the DagBag from /opt/airflow/dags/dag_extract_dolar.py
[2024-10-06T12:41:06.704+0000] {processor.py:925} INFO - DAG(s) 'Extract_dolar_to_minio' retrieved from /opt/airflow/dags/dag_extract_dolar.py
[2024-10-06T12:41:06.728+0000] {logging_mixin.py:190} INFO - [2024-10-06T12:41:06.728+0000] {dag.py:3239} INFO - Sync 1 DAGs
[2024-10-06T12:41:06.751+0000] {logging_mixin.py:190} INFO - [2024-10-06T12:41:06.751+0000] {dag.py:4180} INFO - Setting next_dagrun for Extract_dolar_to_minio to 2024-09-01 00:00:00+00:00, run_after=2024-09-02 00:00:00+00:00
[2024-10-06T12:41:06.767+0000] {processor.py:208} INFO - Processing /opt/airflow/dags/dag_extract_dolar.py took 0.236 seconds
[2024-10-06T12:41:36.909+0000] {processor.py:186} INFO - Started process (PID=329) to work on /opt/airflow/dags/dag_extract_dolar.py
[2024-10-06T12:41:36.910+0000] {processor.py:914} INFO - Processing file /opt/airflow/dags/dag_extract_dolar.py for tasks to queue
[2024-10-06T12:41:36.912+0000] {logging_mixin.py:190} INFO - [2024-10-06T12:41:36.912+0000] {dagbag.py:588} INFO - Filling up the DagBag from /opt/airflow/dags/dag_extract_dolar.py
[2024-10-06T12:41:37.079+0000] {processor.py:925} INFO - DAG(s) 'Extract_dolar_to_minio' retrieved from /opt/airflow/dags/dag_extract_dolar.py
[2024-10-06T12:41:37.103+0000] {logging_mixin.py:190} INFO - [2024-10-06T12:41:37.103+0000] {dag.py:3239} INFO - Sync 1 DAGs
[2024-10-06T12:41:37.126+0000] {logging_mixin.py:190} INFO - [2024-10-06T12:41:37.125+0000] {dag.py:4180} INFO - Setting next_dagrun for Extract_dolar_to_minio to 2024-09-01 00:00:00+00:00, run_after=2024-09-02 00:00:00+00:00
[2024-10-06T12:41:37.142+0000] {processor.py:208} INFO - Processing /opt/airflow/dags/dag_extract_dolar.py took 0.239 seconds
[2024-10-06T12:42:07.281+0000] {processor.py:186} INFO - Started process (PID=336) to work on /opt/airflow/dags/dag_extract_dolar.py
[2024-10-06T12:42:07.283+0000] {processor.py:914} INFO - Processing file /opt/airflow/dags/dag_extract_dolar.py for tasks to queue
[2024-10-06T12:42:07.286+0000] {logging_mixin.py:190} INFO - [2024-10-06T12:42:07.285+0000] {dagbag.py:588} INFO - Filling up the DagBag from /opt/airflow/dags/dag_extract_dolar.py
[2024-10-06T12:42:07.456+0000] {processor.py:925} INFO - DAG(s) 'Extract_dolar_to_minio' retrieved from /opt/airflow/dags/dag_extract_dolar.py
[2024-10-06T12:42:07.480+0000] {logging_mixin.py:190} INFO - [2024-10-06T12:42:07.480+0000] {dag.py:3239} INFO - Sync 1 DAGs
[2024-10-06T12:42:07.502+0000] {logging_mixin.py:190} INFO - [2024-10-06T12:42:07.502+0000] {dag.py:4180} INFO - Setting next_dagrun for Extract_dolar_to_minio to 2024-09-01 00:00:00+00:00, run_after=2024-09-02 00:00:00+00:00
[2024-10-06T12:42:07.518+0000] {processor.py:208} INFO - Processing /opt/airflow/dags/dag_extract_dolar.py took 0.242 seconds
[2024-10-06T12:42:37.655+0000] {processor.py:186} INFO - Started process (PID=343) to work on /opt/airflow/dags/dag_extract_dolar.py
[2024-10-06T12:42:37.656+0000] {processor.py:914} INFO - Processing file /opt/airflow/dags/dag_extract_dolar.py for tasks to queue
[2024-10-06T12:42:37.658+0000] {logging_mixin.py:190} INFO - [2024-10-06T12:42:37.658+0000] {dagbag.py:588} INFO - Filling up the DagBag from /opt/airflow/dags/dag_extract_dolar.py
[2024-10-06T12:42:37.899+0000] {processor.py:925} INFO - DAG(s) 'Extract_dolar_to_minio' retrieved from /opt/airflow/dags/dag_extract_dolar.py
[2024-10-06T12:42:37.939+0000] {logging_mixin.py:190} INFO - [2024-10-06T12:42:37.938+0000] {dag.py:3239} INFO - Sync 1 DAGs
[2024-10-06T12:42:37.971+0000] {logging_mixin.py:190} INFO - [2024-10-06T12:42:37.970+0000] {dag.py:4180} INFO - Setting next_dagrun for Extract_dolar_to_minio to 2024-09-01 00:00:00+00:00, run_after=2024-09-02 00:00:00+00:00
[2024-10-06T12:42:37.990+0000] {processor.py:208} INFO - Processing /opt/airflow/dags/dag_extract_dolar.py took 0.341 seconds
[2024-10-06T12:43:08.151+0000] {processor.py:186} INFO - Started process (PID=350) to work on /opt/airflow/dags/dag_extract_dolar.py
[2024-10-06T12:43:08.153+0000] {processor.py:914} INFO - Processing file /opt/airflow/dags/dag_extract_dolar.py for tasks to queue
[2024-10-06T12:43:08.155+0000] {logging_mixin.py:190} INFO - [2024-10-06T12:43:08.155+0000] {dagbag.py:588} INFO - Filling up the DagBag from /opt/airflow/dags/dag_extract_dolar.py
[2024-10-06T12:43:08.416+0000] {processor.py:925} INFO - DAG(s) 'Extract_dolar_to_minio' retrieved from /opt/airflow/dags/dag_extract_dolar.py
[2024-10-06T12:43:08.472+0000] {logging_mixin.py:190} INFO - [2024-10-06T12:43:08.472+0000] {dag.py:3239} INFO - Sync 1 DAGs
[2024-10-06T12:43:08.516+0000] {logging_mixin.py:190} INFO - [2024-10-06T12:43:08.516+0000] {dag.py:4180} INFO - Setting next_dagrun for Extract_dolar_to_minio to 2024-09-01 00:00:00+00:00, run_after=2024-09-02 00:00:00+00:00
[2024-10-06T12:43:08.563+0000] {processor.py:208} INFO - Processing /opt/airflow/dags/dag_extract_dolar.py took 0.424 seconds
[2024-10-06T12:43:38.721+0000] {processor.py:186} INFO - Started process (PID=357) to work on /opt/airflow/dags/dag_extract_dolar.py
[2024-10-06T12:43:38.723+0000] {processor.py:914} INFO - Processing file /opt/airflow/dags/dag_extract_dolar.py for tasks to queue
[2024-10-06T12:43:38.725+0000] {logging_mixin.py:190} INFO - [2024-10-06T12:43:38.725+0000] {dagbag.py:588} INFO - Filling up the DagBag from /opt/airflow/dags/dag_extract_dolar.py
[2024-10-06T12:43:38.894+0000] {processor.py:925} INFO - DAG(s) 'Extract_dolar_to_minio' retrieved from /opt/airflow/dags/dag_extract_dolar.py
[2024-10-06T12:43:38.918+0000] {logging_mixin.py:190} INFO - [2024-10-06T12:43:38.918+0000] {dag.py:3239} INFO - Sync 1 DAGs
[2024-10-06T12:43:38.941+0000] {logging_mixin.py:190} INFO - [2024-10-06T12:43:38.940+0000] {dag.py:4180} INFO - Setting next_dagrun for Extract_dolar_to_minio to 2024-09-01 00:00:00+00:00, run_after=2024-09-02 00:00:00+00:00
[2024-10-06T12:43:38.958+0000] {processor.py:208} INFO - Processing /opt/airflow/dags/dag_extract_dolar.py took 0.243 seconds
[2024-10-06T12:44:09.098+0000] {processor.py:186} INFO - Started process (PID=364) to work on /opt/airflow/dags/dag_extract_dolar.py
[2024-10-06T12:44:09.100+0000] {processor.py:914} INFO - Processing file /opt/airflow/dags/dag_extract_dolar.py for tasks to queue
[2024-10-06T12:44:09.102+0000] {logging_mixin.py:190} INFO - [2024-10-06T12:44:09.102+0000] {dagbag.py:588} INFO - Filling up the DagBag from /opt/airflow/dags/dag_extract_dolar.py
[2024-10-06T12:44:09.275+0000] {processor.py:925} INFO - DAG(s) 'Extract_dolar_to_minio' retrieved from /opt/airflow/dags/dag_extract_dolar.py
[2024-10-06T12:44:09.298+0000] {logging_mixin.py:190} INFO - [2024-10-06T12:44:09.298+0000] {dag.py:3239} INFO - Sync 1 DAGs
[2024-10-06T12:44:09.320+0000] {logging_mixin.py:190} INFO - [2024-10-06T12:44:09.320+0000] {dag.py:4180} INFO - Setting next_dagrun for Extract_dolar_to_minio to 2024-09-01 00:00:00+00:00, run_after=2024-09-02 00:00:00+00:00
[2024-10-06T12:44:09.335+0000] {processor.py:208} INFO - Processing /opt/airflow/dags/dag_extract_dolar.py took 0.243 seconds
[2024-10-06T12:44:39.474+0000] {processor.py:186} INFO - Started process (PID=371) to work on /opt/airflow/dags/dag_extract_dolar.py
[2024-10-06T12:44:39.476+0000] {processor.py:914} INFO - Processing file /opt/airflow/dags/dag_extract_dolar.py for tasks to queue
[2024-10-06T12:44:39.479+0000] {logging_mixin.py:190} INFO - [2024-10-06T12:44:39.479+0000] {dagbag.py:588} INFO - Filling up the DagBag from /opt/airflow/dags/dag_extract_dolar.py
[2024-10-06T12:44:39.661+0000] {processor.py:925} INFO - DAG(s) 'Extract_dolar_to_minio' retrieved from /opt/airflow/dags/dag_extract_dolar.py
[2024-10-06T12:44:39.684+0000] {logging_mixin.py:190} INFO - [2024-10-06T12:44:39.684+0000] {dag.py:3239} INFO - Sync 1 DAGs
[2024-10-06T12:44:39.708+0000] {logging_mixin.py:190} INFO - [2024-10-06T12:44:39.708+0000] {dag.py:4180} INFO - Setting next_dagrun for Extract_dolar_to_minio to 2024-09-01 00:00:00+00:00, run_after=2024-09-02 00:00:00+00:00
[2024-10-06T12:44:39.725+0000] {processor.py:208} INFO - Processing /opt/airflow/dags/dag_extract_dolar.py took 0.257 seconds
[2024-10-06T12:45:09.866+0000] {processor.py:186} INFO - Started process (PID=378) to work on /opt/airflow/dags/dag_extract_dolar.py
[2024-10-06T12:45:09.868+0000] {processor.py:914} INFO - Processing file /opt/airflow/dags/dag_extract_dolar.py for tasks to queue
[2024-10-06T12:45:09.871+0000] {logging_mixin.py:190} INFO - [2024-10-06T12:45:09.870+0000] {dagbag.py:588} INFO - Filling up the DagBag from /opt/airflow/dags/dag_extract_dolar.py
[2024-10-06T12:45:10.069+0000] {processor.py:925} INFO - DAG(s) 'Extract_dolar_to_minio' retrieved from /opt/airflow/dags/dag_extract_dolar.py
[2024-10-06T12:45:10.096+0000] {logging_mixin.py:190} INFO - [2024-10-06T12:45:10.096+0000] {dag.py:3239} INFO - Sync 1 DAGs
[2024-10-06T12:45:10.126+0000] {logging_mixin.py:190} INFO - [2024-10-06T12:45:10.126+0000] {dag.py:4180} INFO - Setting next_dagrun for Extract_dolar_to_minio to 2024-09-01 00:00:00+00:00, run_after=2024-09-02 00:00:00+00:00
[2024-10-06T12:45:10.144+0000] {processor.py:208} INFO - Processing /opt/airflow/dags/dag_extract_dolar.py took 0.284 seconds
[2024-10-06T12:45:40.288+0000] {processor.py:186} INFO - Started process (PID=385) to work on /opt/airflow/dags/dag_extract_dolar.py
[2024-10-06T12:45:40.290+0000] {processor.py:914} INFO - Processing file /opt/airflow/dags/dag_extract_dolar.py for tasks to queue
[2024-10-06T12:45:40.292+0000] {logging_mixin.py:190} INFO - [2024-10-06T12:45:40.292+0000] {dagbag.py:588} INFO - Filling up the DagBag from /opt/airflow/dags/dag_extract_dolar.py
[2024-10-06T12:45:40.456+0000] {processor.py:925} INFO - DAG(s) 'Extract_dolar_to_minio' retrieved from /opt/airflow/dags/dag_extract_dolar.py
[2024-10-06T12:45:40.480+0000] {logging_mixin.py:190} INFO - [2024-10-06T12:45:40.480+0000] {dag.py:3239} INFO - Sync 1 DAGs
[2024-10-06T12:45:40.502+0000] {logging_mixin.py:190} INFO - [2024-10-06T12:45:40.502+0000] {dag.py:4180} INFO - Setting next_dagrun for Extract_dolar_to_minio to 2024-09-01 00:00:00+00:00, run_after=2024-09-02 00:00:00+00:00
[2024-10-06T12:45:40.517+0000] {processor.py:208} INFO - Processing /opt/airflow/dags/dag_extract_dolar.py took 0.235 seconds
[2024-10-06T12:46:10.652+0000] {processor.py:186} INFO - Started process (PID=392) to work on /opt/airflow/dags/dag_extract_dolar.py
[2024-10-06T12:46:10.654+0000] {processor.py:914} INFO - Processing file /opt/airflow/dags/dag_extract_dolar.py for tasks to queue
[2024-10-06T12:46:10.656+0000] {logging_mixin.py:190} INFO - [2024-10-06T12:46:10.656+0000] {dagbag.py:588} INFO - Filling up the DagBag from /opt/airflow/dags/dag_extract_dolar.py
[2024-10-06T12:46:10.832+0000] {processor.py:925} INFO - DAG(s) 'Extract_dolar_to_minio' retrieved from /opt/airflow/dags/dag_extract_dolar.py
[2024-10-06T12:46:10.856+0000] {logging_mixin.py:190} INFO - [2024-10-06T12:46:10.855+0000] {dag.py:3239} INFO - Sync 1 DAGs
[2024-10-06T12:46:10.877+0000] {logging_mixin.py:190} INFO - [2024-10-06T12:46:10.877+0000] {dag.py:4180} INFO - Setting next_dagrun for Extract_dolar_to_minio to 2024-09-01 00:00:00+00:00, run_after=2024-09-02 00:00:00+00:00
[2024-10-06T12:46:10.893+0000] {processor.py:208} INFO - Processing /opt/airflow/dags/dag_extract_dolar.py took 0.247 seconds
[2024-10-06T12:46:41.033+0000] {processor.py:186} INFO - Started process (PID=399) to work on /opt/airflow/dags/dag_extract_dolar.py
[2024-10-06T12:46:41.034+0000] {processor.py:914} INFO - Processing file /opt/airflow/dags/dag_extract_dolar.py for tasks to queue
[2024-10-06T12:46:41.036+0000] {logging_mixin.py:190} INFO - [2024-10-06T12:46:41.036+0000] {dagbag.py:588} INFO - Filling up the DagBag from /opt/airflow/dags/dag_extract_dolar.py
[2024-10-06T12:46:41.204+0000] {processor.py:925} INFO - DAG(s) 'Extract_dolar_to_minio' retrieved from /opt/airflow/dags/dag_extract_dolar.py
[2024-10-06T12:46:41.230+0000] {logging_mixin.py:190} INFO - [2024-10-06T12:46:41.229+0000] {dag.py:3239} INFO - Sync 1 DAGs
[2024-10-06T12:46:41.254+0000] {logging_mixin.py:190} INFO - [2024-10-06T12:46:41.253+0000] {dag.py:4180} INFO - Setting next_dagrun for Extract_dolar_to_minio to 2024-09-01 00:00:00+00:00, run_after=2024-09-02 00:00:00+00:00
[2024-10-06T12:46:41.271+0000] {processor.py:208} INFO - Processing /opt/airflow/dags/dag_extract_dolar.py took 0.243 seconds
[2024-10-06T12:47:11.407+0000] {processor.py:186} INFO - Started process (PID=406) to work on /opt/airflow/dags/dag_extract_dolar.py
[2024-10-06T12:47:11.408+0000] {processor.py:914} INFO - Processing file /opt/airflow/dags/dag_extract_dolar.py for tasks to queue
[2024-10-06T12:47:11.410+0000] {logging_mixin.py:190} INFO - [2024-10-06T12:47:11.410+0000] {dagbag.py:588} INFO - Filling up the DagBag from /opt/airflow/dags/dag_extract_dolar.py
[2024-10-06T12:47:11.580+0000] {processor.py:925} INFO - DAG(s) 'Extract_dolar_to_minio' retrieved from /opt/airflow/dags/dag_extract_dolar.py
[2024-10-06T12:47:11.603+0000] {logging_mixin.py:190} INFO - [2024-10-06T12:47:11.603+0000] {dag.py:3239} INFO - Sync 1 DAGs
[2024-10-06T12:47:11.626+0000] {logging_mixin.py:190} INFO - [2024-10-06T12:47:11.626+0000] {dag.py:4180} INFO - Setting next_dagrun for Extract_dolar_to_minio to 2024-09-01 00:00:00+00:00, run_after=2024-09-02 00:00:00+00:00
[2024-10-06T12:47:11.644+0000] {processor.py:208} INFO - Processing /opt/airflow/dags/dag_extract_dolar.py took 0.243 seconds
[2024-10-06T12:47:41.782+0000] {processor.py:186} INFO - Started process (PID=413) to work on /opt/airflow/dags/dag_extract_dolar.py
[2024-10-06T12:47:41.784+0000] {processor.py:914} INFO - Processing file /opt/airflow/dags/dag_extract_dolar.py for tasks to queue
[2024-10-06T12:47:41.786+0000] {logging_mixin.py:190} INFO - [2024-10-06T12:47:41.786+0000] {dagbag.py:588} INFO - Filling up the DagBag from /opt/airflow/dags/dag_extract_dolar.py
[2024-10-06T12:47:41.956+0000] {processor.py:925} INFO - DAG(s) 'Extract_dolar_to_minio' retrieved from /opt/airflow/dags/dag_extract_dolar.py
[2024-10-06T12:47:41.981+0000] {logging_mixin.py:190} INFO - [2024-10-06T12:47:41.981+0000] {dag.py:3239} INFO - Sync 1 DAGs
[2024-10-06T12:47:42.005+0000] {logging_mixin.py:190} INFO - [2024-10-06T12:47:42.004+0000] {dag.py:4180} INFO - Setting next_dagrun for Extract_dolar_to_minio to 2024-09-01 00:00:00+00:00, run_after=2024-09-02 00:00:00+00:00
[2024-10-06T12:47:42.021+0000] {processor.py:208} INFO - Processing /opt/airflow/dags/dag_extract_dolar.py took 0.244 seconds
[2024-10-06T12:48:12.166+0000] {processor.py:186} INFO - Started process (PID=420) to work on /opt/airflow/dags/dag_extract_dolar.py
[2024-10-06T12:48:12.167+0000] {processor.py:914} INFO - Processing file /opt/airflow/dags/dag_extract_dolar.py for tasks to queue
[2024-10-06T12:48:12.173+0000] {logging_mixin.py:190} INFO - [2024-10-06T12:48:12.172+0000] {dagbag.py:588} INFO - Filling up the DagBag from /opt/airflow/dags/dag_extract_dolar.py
[2024-10-06T12:48:12.346+0000] {processor.py:925} INFO - DAG(s) 'Extract_dolar_to_minio' retrieved from /opt/airflow/dags/dag_extract_dolar.py
[2024-10-06T12:48:12.373+0000] {logging_mixin.py:190} INFO - [2024-10-06T12:48:12.373+0000] {dag.py:3239} INFO - Sync 1 DAGs
[2024-10-06T12:48:12.398+0000] {logging_mixin.py:190} INFO - [2024-10-06T12:48:12.397+0000] {dag.py:4180} INFO - Setting next_dagrun for Extract_dolar_to_minio to 2024-09-01 00:00:00+00:00, run_after=2024-09-02 00:00:00+00:00
[2024-10-06T12:48:12.413+0000] {processor.py:208} INFO - Processing /opt/airflow/dags/dag_extract_dolar.py took 0.254 seconds
[2024-10-06T12:48:42.554+0000] {processor.py:186} INFO - Started process (PID=427) to work on /opt/airflow/dags/dag_extract_dolar.py
[2024-10-06T12:48:42.556+0000] {processor.py:914} INFO - Processing file /opt/airflow/dags/dag_extract_dolar.py for tasks to queue
[2024-10-06T12:48:42.559+0000] {logging_mixin.py:190} INFO - [2024-10-06T12:48:42.559+0000] {dagbag.py:588} INFO - Filling up the DagBag from /opt/airflow/dags/dag_extract_dolar.py
[2024-10-06T12:48:42.726+0000] {processor.py:925} INFO - DAG(s) 'Extract_dolar_to_minio' retrieved from /opt/airflow/dags/dag_extract_dolar.py
[2024-10-06T12:48:42.751+0000] {logging_mixin.py:190} INFO - [2024-10-06T12:48:42.751+0000] {dag.py:3239} INFO - Sync 1 DAGs
[2024-10-06T12:48:42.775+0000] {logging_mixin.py:190} INFO - [2024-10-06T12:48:42.775+0000] {dag.py:4180} INFO - Setting next_dagrun for Extract_dolar_to_minio to 2024-09-01 00:00:00+00:00, run_after=2024-09-02 00:00:00+00:00
[2024-10-06T12:48:42.794+0000] {processor.py:208} INFO - Processing /opt/airflow/dags/dag_extract_dolar.py took 0.246 seconds
[2024-10-06T12:49:12.938+0000] {processor.py:186} INFO - Started process (PID=434) to work on /opt/airflow/dags/dag_extract_dolar.py
[2024-10-06T12:49:12.939+0000] {processor.py:914} INFO - Processing file /opt/airflow/dags/dag_extract_dolar.py for tasks to queue
[2024-10-06T12:49:12.941+0000] {logging_mixin.py:190} INFO - [2024-10-06T12:49:12.941+0000] {dagbag.py:588} INFO - Filling up the DagBag from /opt/airflow/dags/dag_extract_dolar.py
[2024-10-06T12:49:13.107+0000] {processor.py:925} INFO - DAG(s) 'Extract_dolar_to_minio' retrieved from /opt/airflow/dags/dag_extract_dolar.py
[2024-10-06T12:49:13.133+0000] {logging_mixin.py:190} INFO - [2024-10-06T12:49:13.133+0000] {dag.py:3239} INFO - Sync 1 DAGs
[2024-10-06T12:49:13.155+0000] {logging_mixin.py:190} INFO - [2024-10-06T12:49:13.155+0000] {dag.py:4180} INFO - Setting next_dagrun for Extract_dolar_to_minio to 2024-09-01 00:00:00+00:00, run_after=2024-09-02 00:00:00+00:00
[2024-10-06T12:49:13.171+0000] {processor.py:208} INFO - Processing /opt/airflow/dags/dag_extract_dolar.py took 0.240 seconds
[2024-10-06T12:49:43.309+0000] {processor.py:186} INFO - Started process (PID=441) to work on /opt/airflow/dags/dag_extract_dolar.py
[2024-10-06T12:49:43.310+0000] {processor.py:914} INFO - Processing file /opt/airflow/dags/dag_extract_dolar.py for tasks to queue
[2024-10-06T12:49:43.312+0000] {logging_mixin.py:190} INFO - [2024-10-06T12:49:43.312+0000] {dagbag.py:588} INFO - Filling up the DagBag from /opt/airflow/dags/dag_extract_dolar.py
[2024-10-06T12:49:43.492+0000] {processor.py:925} INFO - DAG(s) 'Extract_dolar_to_minio' retrieved from /opt/airflow/dags/dag_extract_dolar.py
[2024-10-06T12:49:43.517+0000] {logging_mixin.py:190} INFO - [2024-10-06T12:49:43.517+0000] {dag.py:3239} INFO - Sync 1 DAGs
[2024-10-06T12:49:43.540+0000] {logging_mixin.py:190} INFO - [2024-10-06T12:49:43.540+0000] {dag.py:4180} INFO - Setting next_dagrun for Extract_dolar_to_minio to 2024-09-01 00:00:00+00:00, run_after=2024-09-02 00:00:00+00:00
[2024-10-06T12:49:43.557+0000] {processor.py:208} INFO - Processing /opt/airflow/dags/dag_extract_dolar.py took 0.254 seconds
[2024-10-06T12:50:13.699+0000] {processor.py:186} INFO - Started process (PID=448) to work on /opt/airflow/dags/dag_extract_dolar.py
[2024-10-06T12:50:13.700+0000] {processor.py:914} INFO - Processing file /opt/airflow/dags/dag_extract_dolar.py for tasks to queue
[2024-10-06T12:50:13.702+0000] {logging_mixin.py:190} INFO - [2024-10-06T12:50:13.702+0000] {dagbag.py:588} INFO - Filling up the DagBag from /opt/airflow/dags/dag_extract_dolar.py
[2024-10-06T12:50:13.881+0000] {processor.py:925} INFO - DAG(s) 'Extract_dolar_to_minio' retrieved from /opt/airflow/dags/dag_extract_dolar.py
[2024-10-06T12:50:13.906+0000] {logging_mixin.py:190} INFO - [2024-10-06T12:50:13.905+0000] {dag.py:3239} INFO - Sync 1 DAGs
[2024-10-06T12:50:13.930+0000] {logging_mixin.py:190} INFO - [2024-10-06T12:50:13.930+0000] {dag.py:4180} INFO - Setting next_dagrun for Extract_dolar_to_minio to 2024-09-01 00:00:00+00:00, run_after=2024-09-02 00:00:00+00:00
[2024-10-06T12:50:13.949+0000] {processor.py:208} INFO - Processing /opt/airflow/dags/dag_extract_dolar.py took 0.256 seconds
[2024-10-06T12:50:44.091+0000] {processor.py:186} INFO - Started process (PID=455) to work on /opt/airflow/dags/dag_extract_dolar.py
[2024-10-06T12:50:44.092+0000] {processor.py:914} INFO - Processing file /opt/airflow/dags/dag_extract_dolar.py for tasks to queue
[2024-10-06T12:50:44.095+0000] {logging_mixin.py:190} INFO - [2024-10-06T12:50:44.094+0000] {dagbag.py:588} INFO - Filling up the DagBag from /opt/airflow/dags/dag_extract_dolar.py
[2024-10-06T12:50:44.264+0000] {processor.py:925} INFO - DAG(s) 'Extract_dolar_to_minio' retrieved from /opt/airflow/dags/dag_extract_dolar.py
[2024-10-06T12:50:44.289+0000] {logging_mixin.py:190} INFO - [2024-10-06T12:50:44.288+0000] {dag.py:3239} INFO - Sync 1 DAGs
[2024-10-06T12:50:44.311+0000] {logging_mixin.py:190} INFO - [2024-10-06T12:50:44.311+0000] {dag.py:4180} INFO - Setting next_dagrun for Extract_dolar_to_minio to 2024-09-01 00:00:00+00:00, run_after=2024-09-02 00:00:00+00:00
[2024-10-06T12:50:44.327+0000] {processor.py:208} INFO - Processing /opt/airflow/dags/dag_extract_dolar.py took 0.242 seconds
[2024-10-06T12:51:14.465+0000] {processor.py:186} INFO - Started process (PID=462) to work on /opt/airflow/dags/dag_extract_dolar.py
[2024-10-06T12:51:14.466+0000] {processor.py:914} INFO - Processing file /opt/airflow/dags/dag_extract_dolar.py for tasks to queue
[2024-10-06T12:51:14.468+0000] {logging_mixin.py:190} INFO - [2024-10-06T12:51:14.468+0000] {dagbag.py:588} INFO - Filling up the DagBag from /opt/airflow/dags/dag_extract_dolar.py
[2024-10-06T12:51:14.631+0000] {processor.py:925} INFO - DAG(s) 'Extract_dolar_to_minio' retrieved from /opt/airflow/dags/dag_extract_dolar.py
[2024-10-06T12:51:14.656+0000] {logging_mixin.py:190} INFO - [2024-10-06T12:51:14.655+0000] {dag.py:3239} INFO - Sync 1 DAGs
[2024-10-06T12:51:14.678+0000] {logging_mixin.py:190} INFO - [2024-10-06T12:51:14.677+0000] {dag.py:4180} INFO - Setting next_dagrun for Extract_dolar_to_minio to 2024-09-01 00:00:00+00:00, run_after=2024-09-02 00:00:00+00:00
[2024-10-06T12:51:14.694+0000] {processor.py:208} INFO - Processing /opt/airflow/dags/dag_extract_dolar.py took 0.235 seconds
[2024-10-06T12:51:44.834+0000] {processor.py:186} INFO - Started process (PID=469) to work on /opt/airflow/dags/dag_extract_dolar.py
[2024-10-06T12:51:44.836+0000] {processor.py:914} INFO - Processing file /opt/airflow/dags/dag_extract_dolar.py for tasks to queue
[2024-10-06T12:51:44.839+0000] {logging_mixin.py:190} INFO - [2024-10-06T12:51:44.838+0000] {dagbag.py:588} INFO - Filling up the DagBag from /opt/airflow/dags/dag_extract_dolar.py
[2024-10-06T12:51:45.006+0000] {processor.py:925} INFO - DAG(s) 'Extract_dolar_to_minio' retrieved from /opt/airflow/dags/dag_extract_dolar.py
[2024-10-06T12:51:45.030+0000] {logging_mixin.py:190} INFO - [2024-10-06T12:51:45.030+0000] {dag.py:3239} INFO - Sync 1 DAGs
[2024-10-06T12:51:45.052+0000] {logging_mixin.py:190} INFO - [2024-10-06T12:51:45.052+0000] {dag.py:4180} INFO - Setting next_dagrun for Extract_dolar_to_minio to 2024-09-01 00:00:00+00:00, run_after=2024-09-02 00:00:00+00:00
[2024-10-06T12:51:45.069+0000] {processor.py:208} INFO - Processing /opt/airflow/dags/dag_extract_dolar.py took 0.241 seconds
[2024-10-06T12:52:15.210+0000] {processor.py:186} INFO - Started process (PID=476) to work on /opt/airflow/dags/dag_extract_dolar.py
[2024-10-06T12:52:15.220+0000] {processor.py:914} INFO - Processing file /opt/airflow/dags/dag_extract_dolar.py for tasks to queue
[2024-10-06T12:52:15.223+0000] {logging_mixin.py:190} INFO - [2024-10-06T12:52:15.223+0000] {dagbag.py:588} INFO - Filling up the DagBag from /opt/airflow/dags/dag_extract_dolar.py
[2024-10-06T12:52:15.416+0000] {processor.py:925} INFO - DAG(s) 'Extract_dolar_to_minio' retrieved from /opt/airflow/dags/dag_extract_dolar.py
[2024-10-06T12:52:15.441+0000] {logging_mixin.py:190} INFO - [2024-10-06T12:52:15.440+0000] {dag.py:3239} INFO - Sync 1 DAGs
[2024-10-06T12:52:15.464+0000] {logging_mixin.py:190} INFO - [2024-10-06T12:52:15.464+0000] {dag.py:4180} INFO - Setting next_dagrun for Extract_dolar_to_minio to 2024-09-01 00:00:00+00:00, run_after=2024-09-02 00:00:00+00:00
[2024-10-06T12:52:15.481+0000] {processor.py:208} INFO - Processing /opt/airflow/dags/dag_extract_dolar.py took 0.277 seconds
[2024-10-06T12:52:45.631+0000] {processor.py:186} INFO - Started process (PID=483) to work on /opt/airflow/dags/dag_extract_dolar.py
[2024-10-06T12:52:45.631+0000] {processor.py:914} INFO - Processing file /opt/airflow/dags/dag_extract_dolar.py for tasks to queue
[2024-10-06T12:52:45.634+0000] {logging_mixin.py:190} INFO - [2024-10-06T12:52:45.634+0000] {dagbag.py:588} INFO - Filling up the DagBag from /opt/airflow/dags/dag_extract_dolar.py
[2024-10-06T12:52:45.800+0000] {processor.py:925} INFO - DAG(s) 'Extract_dolar_to_minio' retrieved from /opt/airflow/dags/dag_extract_dolar.py
[2024-10-06T12:52:45.825+0000] {logging_mixin.py:190} INFO - [2024-10-06T12:52:45.825+0000] {dag.py:3239} INFO - Sync 1 DAGs
[2024-10-06T12:52:45.850+0000] {logging_mixin.py:190} INFO - [2024-10-06T12:52:45.849+0000] {dag.py:4180} INFO - Setting next_dagrun for Extract_dolar_to_minio to 2024-09-01 00:00:00+00:00, run_after=2024-09-02 00:00:00+00:00
[2024-10-06T12:52:45.866+0000] {processor.py:208} INFO - Processing /opt/airflow/dags/dag_extract_dolar.py took 0.241 seconds
[2024-10-06T12:53:16.002+0000] {processor.py:186} INFO - Started process (PID=490) to work on /opt/airflow/dags/dag_extract_dolar.py
[2024-10-06T12:53:16.003+0000] {processor.py:914} INFO - Processing file /opt/airflow/dags/dag_extract_dolar.py for tasks to queue
[2024-10-06T12:53:16.005+0000] {logging_mixin.py:190} INFO - [2024-10-06T12:53:16.005+0000] {dagbag.py:588} INFO - Filling up the DagBag from /opt/airflow/dags/dag_extract_dolar.py
[2024-10-06T12:53:16.168+0000] {processor.py:925} INFO - DAG(s) 'Extract_dolar_to_minio' retrieved from /opt/airflow/dags/dag_extract_dolar.py
[2024-10-06T12:53:16.193+0000] {logging_mixin.py:190} INFO - [2024-10-06T12:53:16.192+0000] {dag.py:3239} INFO - Sync 1 DAGs
[2024-10-06T12:53:16.215+0000] {logging_mixin.py:190} INFO - [2024-10-06T12:53:16.215+0000] {dag.py:4180} INFO - Setting next_dagrun for Extract_dolar_to_minio to 2024-09-01 00:00:00+00:00, run_after=2024-09-02 00:00:00+00:00
[2024-10-06T12:53:16.232+0000] {processor.py:208} INFO - Processing /opt/airflow/dags/dag_extract_dolar.py took 0.237 seconds
[2024-10-06T12:53:46.372+0000] {processor.py:186} INFO - Started process (PID=497) to work on /opt/airflow/dags/dag_extract_dolar.py
[2024-10-06T12:53:46.373+0000] {processor.py:914} INFO - Processing file /opt/airflow/dags/dag_extract_dolar.py for tasks to queue
[2024-10-06T12:53:46.375+0000] {logging_mixin.py:190} INFO - [2024-10-06T12:53:46.375+0000] {dagbag.py:588} INFO - Filling up the DagBag from /opt/airflow/dags/dag_extract_dolar.py
[2024-10-06T12:53:46.542+0000] {processor.py:925} INFO - DAG(s) 'Extract_dolar_to_minio' retrieved from /opt/airflow/dags/dag_extract_dolar.py
[2024-10-06T12:53:46.569+0000] {logging_mixin.py:190} INFO - [2024-10-06T12:53:46.568+0000] {dag.py:3239} INFO - Sync 1 DAGs
[2024-10-06T12:53:46.590+0000] {logging_mixin.py:190} INFO - [2024-10-06T12:53:46.590+0000] {dag.py:4180} INFO - Setting next_dagrun for Extract_dolar_to_minio to 2024-09-01 00:00:00+00:00, run_after=2024-09-02 00:00:00+00:00
[2024-10-06T12:53:46.609+0000] {processor.py:208} INFO - Processing /opt/airflow/dags/dag_extract_dolar.py took 0.243 seconds
[2024-10-06T12:54:16.744+0000] {processor.py:186} INFO - Started process (PID=504) to work on /opt/airflow/dags/dag_extract_dolar.py
[2024-10-06T12:54:16.746+0000] {processor.py:914} INFO - Processing file /opt/airflow/dags/dag_extract_dolar.py for tasks to queue
[2024-10-06T12:54:16.748+0000] {logging_mixin.py:190} INFO - [2024-10-06T12:54:16.747+0000] {dagbag.py:588} INFO - Filling up the DagBag from /opt/airflow/dags/dag_extract_dolar.py
[2024-10-06T12:54:16.911+0000] {processor.py:925} INFO - DAG(s) 'Extract_dolar_to_minio' retrieved from /opt/airflow/dags/dag_extract_dolar.py
[2024-10-06T12:54:16.936+0000] {logging_mixin.py:190} INFO - [2024-10-06T12:54:16.935+0000] {dag.py:3239} INFO - Sync 1 DAGs
[2024-10-06T12:54:16.958+0000] {logging_mixin.py:190} INFO - [2024-10-06T12:54:16.957+0000] {dag.py:4180} INFO - Setting next_dagrun for Extract_dolar_to_minio to 2024-09-01 00:00:00+00:00, run_after=2024-09-02 00:00:00+00:00
[2024-10-06T12:54:16.974+0000] {processor.py:208} INFO - Processing /opt/airflow/dags/dag_extract_dolar.py took 0.235 seconds
[2024-10-06T12:54:47.113+0000] {processor.py:186} INFO - Started process (PID=511) to work on /opt/airflow/dags/dag_extract_dolar.py
[2024-10-06T12:54:47.113+0000] {processor.py:914} INFO - Processing file /opt/airflow/dags/dag_extract_dolar.py for tasks to queue
[2024-10-06T12:54:47.116+0000] {logging_mixin.py:190} INFO - [2024-10-06T12:54:47.115+0000] {dagbag.py:588} INFO - Filling up the DagBag from /opt/airflow/dags/dag_extract_dolar.py
[2024-10-06T12:54:47.289+0000] {processor.py:925} INFO - DAG(s) 'Extract_dolar_to_minio' retrieved from /opt/airflow/dags/dag_extract_dolar.py
[2024-10-06T12:54:47.314+0000] {logging_mixin.py:190} INFO - [2024-10-06T12:54:47.314+0000] {dag.py:3239} INFO - Sync 1 DAGs
[2024-10-06T12:54:47.338+0000] {logging_mixin.py:190} INFO - [2024-10-06T12:54:47.338+0000] {dag.py:4180} INFO - Setting next_dagrun for Extract_dolar_to_minio to 2024-09-01 00:00:00+00:00, run_after=2024-09-02 00:00:00+00:00
[2024-10-06T12:54:47.356+0000] {processor.py:208} INFO - Processing /opt/airflow/dags/dag_extract_dolar.py took 0.249 seconds
[2024-10-06T12:55:17.501+0000] {processor.py:186} INFO - Started process (PID=518) to work on /opt/airflow/dags/dag_extract_dolar.py
[2024-10-06T12:55:17.503+0000] {processor.py:914} INFO - Processing file /opt/airflow/dags/dag_extract_dolar.py for tasks to queue
[2024-10-06T12:55:17.505+0000] {logging_mixin.py:190} INFO - [2024-10-06T12:55:17.505+0000] {dagbag.py:588} INFO - Filling up the DagBag from /opt/airflow/dags/dag_extract_dolar.py
[2024-10-06T12:55:17.669+0000] {processor.py:925} INFO - DAG(s) 'Extract_dolar_to_minio' retrieved from /opt/airflow/dags/dag_extract_dolar.py
[2024-10-06T12:55:17.693+0000] {logging_mixin.py:190} INFO - [2024-10-06T12:55:17.693+0000] {dag.py:3239} INFO - Sync 1 DAGs
[2024-10-06T12:55:17.715+0000] {logging_mixin.py:190} INFO - [2024-10-06T12:55:17.715+0000] {dag.py:4180} INFO - Setting next_dagrun for Extract_dolar_to_minio to 2024-09-01 00:00:00+00:00, run_after=2024-09-02 00:00:00+00:00
[2024-10-06T12:55:17.732+0000] {processor.py:208} INFO - Processing /opt/airflow/dags/dag_extract_dolar.py took 0.237 seconds
[2024-10-06T12:55:47.872+0000] {processor.py:186} INFO - Started process (PID=525) to work on /opt/airflow/dags/dag_extract_dolar.py
[2024-10-06T12:55:47.873+0000] {processor.py:914} INFO - Processing file /opt/airflow/dags/dag_extract_dolar.py for tasks to queue
[2024-10-06T12:55:47.876+0000] {logging_mixin.py:190} INFO - [2024-10-06T12:55:47.875+0000] {dagbag.py:588} INFO - Filling up the DagBag from /opt/airflow/dags/dag_extract_dolar.py
[2024-10-06T12:55:48.051+0000] {processor.py:925} INFO - DAG(s) 'Extract_dolar_to_minio' retrieved from /opt/airflow/dags/dag_extract_dolar.py
[2024-10-06T12:55:48.075+0000] {logging_mixin.py:190} INFO - [2024-10-06T12:55:48.075+0000] {dag.py:3239} INFO - Sync 1 DAGs
[2024-10-06T12:55:48.101+0000] {logging_mixin.py:190} INFO - [2024-10-06T12:55:48.100+0000] {dag.py:4180} INFO - Setting next_dagrun for Extract_dolar_to_minio to 2024-09-01 00:00:00+00:00, run_after=2024-09-02 00:00:00+00:00
[2024-10-06T12:55:48.117+0000] {processor.py:208} INFO - Processing /opt/airflow/dags/dag_extract_dolar.py took 0.253 seconds
[2024-10-06T12:56:18.254+0000] {processor.py:186} INFO - Started process (PID=532) to work on /opt/airflow/dags/dag_extract_dolar.py
[2024-10-06T12:56:18.255+0000] {processor.py:914} INFO - Processing file /opt/airflow/dags/dag_extract_dolar.py for tasks to queue
[2024-10-06T12:56:18.258+0000] {logging_mixin.py:190} INFO - [2024-10-06T12:56:18.257+0000] {dagbag.py:588} INFO - Filling up the DagBag from /opt/airflow/dags/dag_extract_dolar.py
[2024-10-06T12:56:18.423+0000] {processor.py:925} INFO - DAG(s) 'Extract_dolar_to_minio' retrieved from /opt/airflow/dags/dag_extract_dolar.py
[2024-10-06T12:56:18.448+0000] {logging_mixin.py:190} INFO - [2024-10-06T12:56:18.448+0000] {dag.py:3239} INFO - Sync 1 DAGs
[2024-10-06T12:56:18.477+0000] {logging_mixin.py:190} INFO - [2024-10-06T12:56:18.476+0000] {dag.py:4180} INFO - Setting next_dagrun for Extract_dolar_to_minio to 2024-09-01 00:00:00+00:00, run_after=2024-09-02 00:00:00+00:00
[2024-10-06T12:56:18.497+0000] {processor.py:208} INFO - Processing /opt/airflow/dags/dag_extract_dolar.py took 0.249 seconds
[2024-10-06T12:56:48.639+0000] {processor.py:186} INFO - Started process (PID=539) to work on /opt/airflow/dags/dag_extract_dolar.py
[2024-10-06T12:56:48.640+0000] {processor.py:914} INFO - Processing file /opt/airflow/dags/dag_extract_dolar.py for tasks to queue
[2024-10-06T12:56:48.643+0000] {logging_mixin.py:190} INFO - [2024-10-06T12:56:48.642+0000] {dagbag.py:588} INFO - Filling up the DagBag from /opt/airflow/dags/dag_extract_dolar.py
[2024-10-06T12:56:48.814+0000] {processor.py:925} INFO - DAG(s) 'Extract_dolar_to_minio' retrieved from /opt/airflow/dags/dag_extract_dolar.py
[2024-10-06T12:56:48.838+0000] {logging_mixin.py:190} INFO - [2024-10-06T12:56:48.838+0000] {dag.py:3239} INFO - Sync 1 DAGs
[2024-10-06T12:56:48.861+0000] {logging_mixin.py:190} INFO - [2024-10-06T12:56:48.861+0000] {dag.py:4180} INFO - Setting next_dagrun for Extract_dolar_to_minio to 2024-09-01 00:00:00+00:00, run_after=2024-09-02 00:00:00+00:00
[2024-10-06T12:56:48.878+0000] {processor.py:208} INFO - Processing /opt/airflow/dags/dag_extract_dolar.py took 0.245 seconds
[2024-10-06T12:57:19.022+0000] {processor.py:186} INFO - Started process (PID=546) to work on /opt/airflow/dags/dag_extract_dolar.py
[2024-10-06T12:57:19.023+0000] {processor.py:914} INFO - Processing file /opt/airflow/dags/dag_extract_dolar.py for tasks to queue
[2024-10-06T12:57:19.025+0000] {logging_mixin.py:190} INFO - [2024-10-06T12:57:19.025+0000] {dagbag.py:588} INFO - Filling up the DagBag from /opt/airflow/dags/dag_extract_dolar.py
[2024-10-06T12:57:19.191+0000] {processor.py:925} INFO - DAG(s) 'Extract_dolar_to_minio' retrieved from /opt/airflow/dags/dag_extract_dolar.py
[2024-10-06T12:57:19.215+0000] {logging_mixin.py:190} INFO - [2024-10-06T12:57:19.215+0000] {dag.py:3239} INFO - Sync 1 DAGs
[2024-10-06T12:57:19.238+0000] {logging_mixin.py:190} INFO - [2024-10-06T12:57:19.238+0000] {dag.py:4180} INFO - Setting next_dagrun for Extract_dolar_to_minio to 2024-09-01 00:00:00+00:00, run_after=2024-09-02 00:00:00+00:00
[2024-10-06T12:57:19.254+0000] {processor.py:208} INFO - Processing /opt/airflow/dags/dag_extract_dolar.py took 0.239 seconds
[2024-10-06T12:57:49.392+0000] {processor.py:186} INFO - Started process (PID=553) to work on /opt/airflow/dags/dag_extract_dolar.py
[2024-10-06T12:57:49.394+0000] {processor.py:914} INFO - Processing file /opt/airflow/dags/dag_extract_dolar.py for tasks to queue
[2024-10-06T12:57:49.396+0000] {logging_mixin.py:190} INFO - [2024-10-06T12:57:49.395+0000] {dagbag.py:588} INFO - Filling up the DagBag from /opt/airflow/dags/dag_extract_dolar.py
[2024-10-06T12:57:49.560+0000] {processor.py:925} INFO - DAG(s) 'Extract_dolar_to_minio' retrieved from /opt/airflow/dags/dag_extract_dolar.py
[2024-10-06T12:57:49.584+0000] {logging_mixin.py:190} INFO - [2024-10-06T12:57:49.583+0000] {dag.py:3239} INFO - Sync 1 DAGs
[2024-10-06T12:57:49.606+0000] {logging_mixin.py:190} INFO - [2024-10-06T12:57:49.606+0000] {dag.py:4180} INFO - Setting next_dagrun for Extract_dolar_to_minio to 2024-09-01 00:00:00+00:00, run_after=2024-09-02 00:00:00+00:00
[2024-10-06T12:57:49.623+0000] {processor.py:208} INFO - Processing /opt/airflow/dags/dag_extract_dolar.py took 0.237 seconds
[2024-10-06T12:58:19.759+0000] {processor.py:186} INFO - Started process (PID=560) to work on /opt/airflow/dags/dag_extract_dolar.py
[2024-10-06T12:58:19.760+0000] {processor.py:914} INFO - Processing file /opt/airflow/dags/dag_extract_dolar.py for tasks to queue
[2024-10-06T12:58:19.762+0000] {logging_mixin.py:190} INFO - [2024-10-06T12:58:19.762+0000] {dagbag.py:588} INFO - Filling up the DagBag from /opt/airflow/dags/dag_extract_dolar.py
[2024-10-06T12:58:19.933+0000] {processor.py:925} INFO - DAG(s) 'Extract_dolar_to_minio' retrieved from /opt/airflow/dags/dag_extract_dolar.py
[2024-10-06T12:58:19.958+0000] {logging_mixin.py:190} INFO - [2024-10-06T12:58:19.957+0000] {dag.py:3239} INFO - Sync 1 DAGs
[2024-10-06T12:58:19.981+0000] {logging_mixin.py:190} INFO - [2024-10-06T12:58:19.981+0000] {dag.py:4180} INFO - Setting next_dagrun for Extract_dolar_to_minio to 2024-09-01 00:00:00+00:00, run_after=2024-09-02 00:00:00+00:00
[2024-10-06T12:58:19.998+0000] {processor.py:208} INFO - Processing /opt/airflow/dags/dag_extract_dolar.py took 0.244 seconds
[2024-10-06T12:58:50.138+0000] {processor.py:186} INFO - Started process (PID=567) to work on /opt/airflow/dags/dag_extract_dolar.py
[2024-10-06T12:58:50.140+0000] {processor.py:914} INFO - Processing file /opt/airflow/dags/dag_extract_dolar.py for tasks to queue
[2024-10-06T12:58:50.143+0000] {logging_mixin.py:190} INFO - [2024-10-06T12:58:50.141+0000] {dagbag.py:588} INFO - Filling up the DagBag from /opt/airflow/dags/dag_extract_dolar.py
[2024-10-06T12:58:50.329+0000] {processor.py:925} INFO - DAG(s) 'Extract_dolar_to_minio' retrieved from /opt/airflow/dags/dag_extract_dolar.py
[2024-10-06T12:58:50.354+0000] {logging_mixin.py:190} INFO - [2024-10-06T12:58:50.354+0000] {dag.py:3239} INFO - Sync 1 DAGs
[2024-10-06T12:58:50.379+0000] {logging_mixin.py:190} INFO - [2024-10-06T12:58:50.379+0000] {dag.py:4180} INFO - Setting next_dagrun for Extract_dolar_to_minio to 2024-09-01 00:00:00+00:00, run_after=2024-09-02 00:00:00+00:00
[2024-10-06T12:58:50.397+0000] {processor.py:208} INFO - Processing /opt/airflow/dags/dag_extract_dolar.py took 0.265 seconds
[2024-10-06T12:59:20.544+0000] {processor.py:186} INFO - Started process (PID=574) to work on /opt/airflow/dags/dag_extract_dolar.py
[2024-10-06T12:59:20.585+0000] {processor.py:914} INFO - Processing file /opt/airflow/dags/dag_extract_dolar.py for tasks to queue
[2024-10-06T12:59:20.588+0000] {logging_mixin.py:190} INFO - [2024-10-06T12:59:20.587+0000] {dagbag.py:588} INFO - Filling up the DagBag from /opt/airflow/dags/dag_extract_dolar.py
[2024-10-06T12:59:20.757+0000] {processor.py:925} INFO - DAG(s) 'Extract_dolar_to_minio' retrieved from /opt/airflow/dags/dag_extract_dolar.py
[2024-10-06T12:59:20.781+0000] {logging_mixin.py:190} INFO - [2024-10-06T12:59:20.781+0000] {dag.py:3239} INFO - Sync 1 DAGs
[2024-10-06T12:59:20.804+0000] {logging_mixin.py:190} INFO - [2024-10-06T12:59:20.804+0000] {dag.py:4180} INFO - Setting next_dagrun for Extract_dolar_to_minio to 2024-09-01 00:00:00+00:00, run_after=2024-09-02 00:00:00+00:00
[2024-10-06T12:59:20.820+0000] {processor.py:208} INFO - Processing /opt/airflow/dags/dag_extract_dolar.py took 0.283 seconds
[2024-10-06T12:59:50.967+0000] {processor.py:186} INFO - Started process (PID=581) to work on /opt/airflow/dags/dag_extract_dolar.py
[2024-10-06T12:59:50.969+0000] {processor.py:914} INFO - Processing file /opt/airflow/dags/dag_extract_dolar.py for tasks to queue
[2024-10-06T12:59:50.972+0000] {logging_mixin.py:190} INFO - [2024-10-06T12:59:50.972+0000] {dagbag.py:588} INFO - Filling up the DagBag from /opt/airflow/dags/dag_extract_dolar.py
[2024-10-06T12:59:51.151+0000] {processor.py:925} INFO - DAG(s) 'Extract_dolar_to_minio' retrieved from /opt/airflow/dags/dag_extract_dolar.py
[2024-10-06T12:59:51.177+0000] {logging_mixin.py:190} INFO - [2024-10-06T12:59:51.177+0000] {dag.py:3239} INFO - Sync 1 DAGs
[2024-10-06T12:59:51.202+0000] {logging_mixin.py:190} INFO - [2024-10-06T12:59:51.202+0000] {dag.py:4180} INFO - Setting next_dagrun for Extract_dolar_to_minio to 2024-09-01 00:00:00+00:00, run_after=2024-09-02 00:00:00+00:00
[2024-10-06T12:59:51.226+0000] {processor.py:208} INFO - Processing /opt/airflow/dags/dag_extract_dolar.py took 0.265 seconds
[2024-10-06T13:00:21.367+0000] {processor.py:186} INFO - Started process (PID=588) to work on /opt/airflow/dags/dag_extract_dolar.py
[2024-10-06T13:00:21.368+0000] {processor.py:914} INFO - Processing file /opt/airflow/dags/dag_extract_dolar.py for tasks to queue
[2024-10-06T13:00:21.371+0000] {logging_mixin.py:190} INFO - [2024-10-06T13:00:21.371+0000] {dagbag.py:588} INFO - Filling up the DagBag from /opt/airflow/dags/dag_extract_dolar.py
[2024-10-06T13:00:21.539+0000] {processor.py:925} INFO - DAG(s) 'Extract_dolar_to_minio' retrieved from /opt/airflow/dags/dag_extract_dolar.py
[2024-10-06T13:00:21.564+0000] {logging_mixin.py:190} INFO - [2024-10-06T13:00:21.563+0000] {dag.py:3239} INFO - Sync 1 DAGs
[2024-10-06T13:00:21.586+0000] {logging_mixin.py:190} INFO - [2024-10-06T13:00:21.586+0000] {dag.py:4180} INFO - Setting next_dagrun for Extract_dolar_to_minio to 2024-09-01 00:00:00+00:00, run_after=2024-09-02 00:00:00+00:00
[2024-10-06T13:00:21.602+0000] {processor.py:208} INFO - Processing /opt/airflow/dags/dag_extract_dolar.py took 0.241 seconds
[2024-10-06T13:00:51.744+0000] {processor.py:186} INFO - Started process (PID=595) to work on /opt/airflow/dags/dag_extract_dolar.py
[2024-10-06T13:00:51.748+0000] {processor.py:914} INFO - Processing file /opt/airflow/dags/dag_extract_dolar.py for tasks to queue
[2024-10-06T13:00:51.757+0000] {logging_mixin.py:190} INFO - [2024-10-06T13:00:51.756+0000] {dagbag.py:588} INFO - Filling up the DagBag from /opt/airflow/dags/dag_extract_dolar.py
[2024-10-06T13:00:51.950+0000] {processor.py:925} INFO - DAG(s) 'Extract_dolar_to_minio' retrieved from /opt/airflow/dags/dag_extract_dolar.py
[2024-10-06T13:00:51.975+0000] {logging_mixin.py:190} INFO - [2024-10-06T13:00:51.974+0000] {dag.py:3239} INFO - Sync 1 DAGs
[2024-10-06T13:00:51.998+0000] {logging_mixin.py:190} INFO - [2024-10-06T13:00:51.997+0000] {dag.py:4180} INFO - Setting next_dagrun for Extract_dolar_to_minio to 2024-09-01 00:00:00+00:00, run_after=2024-09-02 00:00:00+00:00
[2024-10-06T13:00:52.017+0000] {processor.py:208} INFO - Processing /opt/airflow/dags/dag_extract_dolar.py took 0.280 seconds
[2024-10-06T13:01:22.161+0000] {processor.py:186} INFO - Started process (PID=602) to work on /opt/airflow/dags/dag_extract_dolar.py
[2024-10-06T13:01:22.162+0000] {processor.py:914} INFO - Processing file /opt/airflow/dags/dag_extract_dolar.py for tasks to queue
[2024-10-06T13:01:22.164+0000] {logging_mixin.py:190} INFO - [2024-10-06T13:01:22.164+0000] {dagbag.py:588} INFO - Filling up the DagBag from /opt/airflow/dags/dag_extract_dolar.py
[2024-10-06T13:01:22.353+0000] {processor.py:925} INFO - DAG(s) 'Extract_dolar_to_minio' retrieved from /opt/airflow/dags/dag_extract_dolar.py
[2024-10-06T13:01:22.382+0000] {logging_mixin.py:190} INFO - [2024-10-06T13:01:22.382+0000] {dag.py:3239} INFO - Sync 1 DAGs
[2024-10-06T13:01:22.423+0000] {logging_mixin.py:190} INFO - [2024-10-06T13:01:22.423+0000] {dag.py:4180} INFO - Setting next_dagrun for Extract_dolar_to_minio to 2024-09-01 00:00:00+00:00, run_after=2024-09-02 00:00:00+00:00
[2024-10-06T13:01:22.441+0000] {processor.py:208} INFO - Processing /opt/airflow/dags/dag_extract_dolar.py took 0.287 seconds
[2024-10-06T13:01:52.596+0000] {processor.py:186} INFO - Started process (PID=609) to work on /opt/airflow/dags/dag_extract_dolar.py
[2024-10-06T13:01:52.599+0000] {processor.py:914} INFO - Processing file /opt/airflow/dags/dag_extract_dolar.py for tasks to queue
[2024-10-06T13:01:52.602+0000] {logging_mixin.py:190} INFO - [2024-10-06T13:01:52.602+0000] {dagbag.py:588} INFO - Filling up the DagBag from /opt/airflow/dags/dag_extract_dolar.py
[2024-10-06T13:01:52.782+0000] {processor.py:925} INFO - DAG(s) 'Extract_dolar_to_minio' retrieved from /opt/airflow/dags/dag_extract_dolar.py
[2024-10-06T13:01:52.811+0000] {logging_mixin.py:190} INFO - [2024-10-06T13:01:52.811+0000] {dag.py:3239} INFO - Sync 1 DAGs
[2024-10-06T13:01:52.837+0000] {logging_mixin.py:190} INFO - [2024-10-06T13:01:52.837+0000] {dag.py:4180} INFO - Setting next_dagrun for Extract_dolar_to_minio to 2024-09-01 00:00:00+00:00, run_after=2024-09-02 00:00:00+00:00
[2024-10-06T13:01:52.857+0000] {processor.py:208} INFO - Processing /opt/airflow/dags/dag_extract_dolar.py took 0.275 seconds
[2024-10-06T13:02:22.998+0000] {processor.py:186} INFO - Started process (PID=616) to work on /opt/airflow/dags/dag_extract_dolar.py
[2024-10-06T13:02:22.999+0000] {processor.py:914} INFO - Processing file /opt/airflow/dags/dag_extract_dolar.py for tasks to queue
[2024-10-06T13:02:23.001+0000] {logging_mixin.py:190} INFO - [2024-10-06T13:02:23.001+0000] {dagbag.py:588} INFO - Filling up the DagBag from /opt/airflow/dags/dag_extract_dolar.py
[2024-10-06T13:02:23.177+0000] {processor.py:925} INFO - DAG(s) 'Extract_dolar_to_minio' retrieved from /opt/airflow/dags/dag_extract_dolar.py
[2024-10-06T13:02:23.231+0000] {logging_mixin.py:190} INFO - [2024-10-06T13:02:23.231+0000] {dag.py:3239} INFO - Sync 1 DAGs
[2024-10-06T13:02:23.284+0000] {logging_mixin.py:190} INFO - [2024-10-06T13:02:23.283+0000] {dag.py:4180} INFO - Setting next_dagrun for Extract_dolar_to_minio to 2024-09-01 00:00:00+00:00, run_after=2024-09-02 00:00:00+00:00
[2024-10-06T13:02:23.308+0000] {processor.py:208} INFO - Processing /opt/airflow/dags/dag_extract_dolar.py took 0.316 seconds
[2024-10-06T13:02:53.476+0000] {processor.py:186} INFO - Started process (PID=623) to work on /opt/airflow/dags/dag_extract_dolar.py
[2024-10-06T13:02:53.477+0000] {processor.py:914} INFO - Processing file /opt/airflow/dags/dag_extract_dolar.py for tasks to queue
[2024-10-06T13:02:53.479+0000] {logging_mixin.py:190} INFO - [2024-10-06T13:02:53.478+0000] {dagbag.py:588} INFO - Filling up the DagBag from /opt/airflow/dags/dag_extract_dolar.py
[2024-10-06T13:02:53.666+0000] {processor.py:925} INFO - DAG(s) 'Extract_dolar_to_minio' retrieved from /opt/airflow/dags/dag_extract_dolar.py
[2024-10-06T13:02:53.690+0000] {logging_mixin.py:190} INFO - [2024-10-06T13:02:53.689+0000] {dag.py:3239} INFO - Sync 1 DAGs
[2024-10-06T13:02:53.712+0000] {logging_mixin.py:190} INFO - [2024-10-06T13:02:53.712+0000] {dag.py:4180} INFO - Setting next_dagrun for Extract_dolar_to_minio to 2024-09-01 00:00:00+00:00, run_after=2024-09-02 00:00:00+00:00
[2024-10-06T13:02:53.727+0000] {processor.py:208} INFO - Processing /opt/airflow/dags/dag_extract_dolar.py took 0.257 seconds
[2024-10-06T13:03:23.867+0000] {processor.py:186} INFO - Started process (PID=630) to work on /opt/airflow/dags/dag_extract_dolar.py
[2024-10-06T13:03:23.868+0000] {processor.py:914} INFO - Processing file /opt/airflow/dags/dag_extract_dolar.py for tasks to queue
[2024-10-06T13:03:23.870+0000] {logging_mixin.py:190} INFO - [2024-10-06T13:03:23.870+0000] {dagbag.py:588} INFO - Filling up the DagBag from /opt/airflow/dags/dag_extract_dolar.py
[2024-10-06T13:03:24.039+0000] {processor.py:925} INFO - DAG(s) 'Extract_dolar_to_minio' retrieved from /opt/airflow/dags/dag_extract_dolar.py
[2024-10-06T13:03:24.071+0000] {logging_mixin.py:190} INFO - [2024-10-06T13:03:24.071+0000] {dag.py:3239} INFO - Sync 1 DAGs
[2024-10-06T13:03:24.094+0000] {logging_mixin.py:190} INFO - [2024-10-06T13:03:24.094+0000] {dag.py:4180} INFO - Setting next_dagrun for Extract_dolar_to_minio to 2024-09-01 00:00:00+00:00, run_after=2024-09-02 00:00:00+00:00
[2024-10-06T13:03:24.111+0000] {processor.py:208} INFO - Processing /opt/airflow/dags/dag_extract_dolar.py took 0.250 seconds
[2024-10-06T13:03:54.252+0000] {processor.py:186} INFO - Started process (PID=637) to work on /opt/airflow/dags/dag_extract_dolar.py
[2024-10-06T13:03:54.254+0000] {processor.py:914} INFO - Processing file /opt/airflow/dags/dag_extract_dolar.py for tasks to queue
[2024-10-06T13:03:54.256+0000] {logging_mixin.py:190} INFO - [2024-10-06T13:03:54.255+0000] {dagbag.py:588} INFO - Filling up the DagBag from /opt/airflow/dags/dag_extract_dolar.py
[2024-10-06T13:03:54.418+0000] {processor.py:925} INFO - DAG(s) 'Extract_dolar_to_minio' retrieved from /opt/airflow/dags/dag_extract_dolar.py
[2024-10-06T13:03:54.442+0000] {logging_mixin.py:190} INFO - [2024-10-06T13:03:54.442+0000] {dag.py:3239} INFO - Sync 1 DAGs
[2024-10-06T13:03:54.466+0000] {logging_mixin.py:190} INFO - [2024-10-06T13:03:54.465+0000] {dag.py:4180} INFO - Setting next_dagrun for Extract_dolar_to_minio to 2024-09-01 00:00:00+00:00, run_after=2024-09-02 00:00:00+00:00
[2024-10-06T13:03:54.484+0000] {processor.py:208} INFO - Processing /opt/airflow/dags/dag_extract_dolar.py took 0.238 seconds
[2024-10-06T13:04:24.625+0000] {processor.py:186} INFO - Started process (PID=644) to work on /opt/airflow/dags/dag_extract_dolar.py
[2024-10-06T13:04:24.626+0000] {processor.py:914} INFO - Processing file /opt/airflow/dags/dag_extract_dolar.py for tasks to queue
[2024-10-06T13:04:24.629+0000] {logging_mixin.py:190} INFO - [2024-10-06T13:04:24.628+0000] {dagbag.py:588} INFO - Filling up the DagBag from /opt/airflow/dags/dag_extract_dolar.py
[2024-10-06T13:04:24.798+0000] {processor.py:925} INFO - DAG(s) 'Extract_dolar_to_minio' retrieved from /opt/airflow/dags/dag_extract_dolar.py
[2024-10-06T13:04:24.822+0000] {logging_mixin.py:190} INFO - [2024-10-06T13:04:24.822+0000] {dag.py:3239} INFO - Sync 1 DAGs
[2024-10-06T13:04:24.844+0000] {logging_mixin.py:190} INFO - [2024-10-06T13:04:24.844+0000] {dag.py:4180} INFO - Setting next_dagrun for Extract_dolar_to_minio to 2024-09-01 00:00:00+00:00, run_after=2024-09-02 00:00:00+00:00
[2024-10-06T13:04:24.861+0000] {processor.py:208} INFO - Processing /opt/airflow/dags/dag_extract_dolar.py took 0.242 seconds
[2024-10-06T13:04:55.000+0000] {processor.py:186} INFO - Started process (PID=651) to work on /opt/airflow/dags/dag_extract_dolar.py
[2024-10-06T13:04:55.001+0000] {processor.py:914} INFO - Processing file /opt/airflow/dags/dag_extract_dolar.py for tasks to queue
[2024-10-06T13:04:55.004+0000] {logging_mixin.py:190} INFO - [2024-10-06T13:04:55.004+0000] {dagbag.py:588} INFO - Filling up the DagBag from /opt/airflow/dags/dag_extract_dolar.py
[2024-10-06T13:04:55.172+0000] {processor.py:925} INFO - DAG(s) 'Extract_dolar_to_minio' retrieved from /opt/airflow/dags/dag_extract_dolar.py
[2024-10-06T13:04:55.195+0000] {logging_mixin.py:190} INFO - [2024-10-06T13:04:55.195+0000] {dag.py:3239} INFO - Sync 1 DAGs
[2024-10-06T13:04:55.217+0000] {logging_mixin.py:190} INFO - [2024-10-06T13:04:55.217+0000] {dag.py:4180} INFO - Setting next_dagrun for Extract_dolar_to_minio to 2024-09-01 00:00:00+00:00, run_after=2024-09-02 00:00:00+00:00
[2024-10-06T13:04:55.233+0000] {processor.py:208} INFO - Processing /opt/airflow/dags/dag_extract_dolar.py took 0.239 seconds
[2024-10-06T13:05:25.375+0000] {processor.py:186} INFO - Started process (PID=658) to work on /opt/airflow/dags/dag_extract_dolar.py
[2024-10-06T13:05:25.376+0000] {processor.py:914} INFO - Processing file /opt/airflow/dags/dag_extract_dolar.py for tasks to queue
[2024-10-06T13:05:25.379+0000] {logging_mixin.py:190} INFO - [2024-10-06T13:05:25.378+0000] {dagbag.py:588} INFO - Filling up the DagBag from /opt/airflow/dags/dag_extract_dolar.py
[2024-10-06T13:05:25.549+0000] {processor.py:925} INFO - DAG(s) 'Extract_dolar_to_minio' retrieved from /opt/airflow/dags/dag_extract_dolar.py
[2024-10-06T13:05:25.573+0000] {logging_mixin.py:190} INFO - [2024-10-06T13:05:25.573+0000] {dag.py:3239} INFO - Sync 1 DAGs
[2024-10-06T13:05:25.595+0000] {logging_mixin.py:190} INFO - [2024-10-06T13:05:25.595+0000] {dag.py:4180} INFO - Setting next_dagrun for Extract_dolar_to_minio to 2024-09-01 00:00:00+00:00, run_after=2024-09-02 00:00:00+00:00
[2024-10-06T13:05:25.611+0000] {processor.py:208} INFO - Processing /opt/airflow/dags/dag_extract_dolar.py took 0.242 seconds
[2024-10-06T13:05:55.748+0000] {processor.py:186} INFO - Started process (PID=665) to work on /opt/airflow/dags/dag_extract_dolar.py
[2024-10-06T13:05:55.750+0000] {processor.py:914} INFO - Processing file /opt/airflow/dags/dag_extract_dolar.py for tasks to queue
[2024-10-06T13:05:55.752+0000] {logging_mixin.py:190} INFO - [2024-10-06T13:05:55.751+0000] {dagbag.py:588} INFO - Filling up the DagBag from /opt/airflow/dags/dag_extract_dolar.py
[2024-10-06T13:05:55.913+0000] {processor.py:925} INFO - DAG(s) 'Extract_dolar_to_minio' retrieved from /opt/airflow/dags/dag_extract_dolar.py
[2024-10-06T13:05:55.937+0000] {logging_mixin.py:190} INFO - [2024-10-06T13:05:55.937+0000] {dag.py:3239} INFO - Sync 1 DAGs
[2024-10-06T13:05:55.959+0000] {logging_mixin.py:190} INFO - [2024-10-06T13:05:55.959+0000] {dag.py:4180} INFO - Setting next_dagrun for Extract_dolar_to_minio to 2024-09-01 00:00:00+00:00, run_after=2024-09-02 00:00:00+00:00
[2024-10-06T13:05:55.975+0000] {processor.py:208} INFO - Processing /opt/airflow/dags/dag_extract_dolar.py took 0.233 seconds
[2024-10-06T13:06:26.111+0000] {processor.py:186} INFO - Started process (PID=672) to work on /opt/airflow/dags/dag_extract_dolar.py
[2024-10-06T13:06:26.113+0000] {processor.py:914} INFO - Processing file /opt/airflow/dags/dag_extract_dolar.py for tasks to queue
[2024-10-06T13:06:26.115+0000] {logging_mixin.py:190} INFO - [2024-10-06T13:06:26.115+0000] {dagbag.py:588} INFO - Filling up the DagBag from /opt/airflow/dags/dag_extract_dolar.py
[2024-10-06T13:06:26.276+0000] {processor.py:925} INFO - DAG(s) 'Extract_dolar_to_minio' retrieved from /opt/airflow/dags/dag_extract_dolar.py
[2024-10-06T13:06:26.300+0000] {logging_mixin.py:190} INFO - [2024-10-06T13:06:26.299+0000] {dag.py:3239} INFO - Sync 1 DAGs
[2024-10-06T13:06:26.322+0000] {logging_mixin.py:190} INFO - [2024-10-06T13:06:26.321+0000] {dag.py:4180} INFO - Setting next_dagrun for Extract_dolar_to_minio to 2024-09-01 00:00:00+00:00, run_after=2024-09-02 00:00:00+00:00
[2024-10-06T13:06:26.339+0000] {processor.py:208} INFO - Processing /opt/airflow/dags/dag_extract_dolar.py took 0.234 seconds
[2024-10-06T13:06:56.478+0000] {processor.py:186} INFO - Started process (PID=679) to work on /opt/airflow/dags/dag_extract_dolar.py
[2024-10-06T13:06:56.479+0000] {processor.py:914} INFO - Processing file /opt/airflow/dags/dag_extract_dolar.py for tasks to queue
[2024-10-06T13:06:56.481+0000] {logging_mixin.py:190} INFO - [2024-10-06T13:06:56.481+0000] {dagbag.py:588} INFO - Filling up the DagBag from /opt/airflow/dags/dag_extract_dolar.py
[2024-10-06T13:06:56.654+0000] {processor.py:925} INFO - DAG(s) 'Extract_dolar_to_minio' retrieved from /opt/airflow/dags/dag_extract_dolar.py
[2024-10-06T13:06:56.678+0000] {logging_mixin.py:190} INFO - [2024-10-06T13:06:56.677+0000] {dag.py:3239} INFO - Sync 1 DAGs
[2024-10-06T13:06:56.703+0000] {logging_mixin.py:190} INFO - [2024-10-06T13:06:56.703+0000] {dag.py:4180} INFO - Setting next_dagrun for Extract_dolar_to_minio to 2024-09-01 00:00:00+00:00, run_after=2024-09-02 00:00:00+00:00
[2024-10-06T13:06:56.721+0000] {processor.py:208} INFO - Processing /opt/airflow/dags/dag_extract_dolar.py took 0.249 seconds
[2024-10-06T13:07:26.863+0000] {processor.py:186} INFO - Started process (PID=692) to work on /opt/airflow/dags/dag_extract_dolar.py
[2024-10-06T13:07:26.864+0000] {processor.py:914} INFO - Processing file /opt/airflow/dags/dag_extract_dolar.py for tasks to queue
[2024-10-06T13:07:26.866+0000] {logging_mixin.py:190} INFO - [2024-10-06T13:07:26.866+0000] {dagbag.py:588} INFO - Filling up the DagBag from /opt/airflow/dags/dag_extract_dolar.py
[2024-10-06T13:07:27.031+0000] {processor.py:925} INFO - DAG(s) 'Extract_dolar_to_minio' retrieved from /opt/airflow/dags/dag_extract_dolar.py
[2024-10-06T13:07:27.056+0000] {logging_mixin.py:190} INFO - [2024-10-06T13:07:27.056+0000] {dag.py:3239} INFO - Sync 1 DAGs
[2024-10-06T13:07:27.080+0000] {logging_mixin.py:190} INFO - [2024-10-06T13:07:27.080+0000] {dag.py:4180} INFO - Setting next_dagrun for Extract_dolar_to_minio to 2024-09-01 00:00:00+00:00, run_after=2024-09-02 00:00:00+00:00
[2024-10-06T13:07:27.096+0000] {processor.py:208} INFO - Processing /opt/airflow/dags/dag_extract_dolar.py took 0.240 seconds
