[2024-10-05T22:18:40.503+0000] {processor.py:186} INFO - Started process (PID=2821) to work on /opt/airflow/dags/dag_extract_dolar.py
[2024-10-05T22:18:40.504+0000] {processor.py:914} INFO - Processing file /opt/airflow/dags/dag_extract_dolar.py for tasks to queue
[2024-10-05T22:18:40.507+0000] {logging_mixin.py:190} INFO - [2024-10-05T22:18:40.505+0000] {dagbag.py:588} INFO - Filling up the DagBag from /opt/airflow/dags/dag_extract_dolar.py
[2024-10-05T22:18:40.672+0000] {processor.py:925} INFO - DAG(s) 'Extract_dolar_to_minio' retrieved from /opt/airflow/dags/dag_extract_dolar.py
[2024-10-05T22:18:40.697+0000] {logging_mixin.py:190} INFO - [2024-10-05T22:18:40.696+0000] {dag.py:3239} INFO - Sync 1 DAGs
[2024-10-05T22:18:40.721+0000] {logging_mixin.py:190} INFO - [2024-10-05T22:18:40.720+0000] {dag.py:4180} INFO - Setting next_dagrun for Extract_dolar_to_minio to 2024-10-05 00:00:00+00:00, run_after=2024-10-06 00:00:00+00:00
[2024-10-05T22:18:40.737+0000] {processor.py:208} INFO - Processing /opt/airflow/dags/dag_extract_dolar.py took 0.243 seconds
[2024-10-05T22:19:10.929+0000] {processor.py:186} INFO - Started process (PID=2828) to work on /opt/airflow/dags/dag_extract_dolar.py
[2024-10-05T22:19:10.931+0000] {processor.py:914} INFO - Processing file /opt/airflow/dags/dag_extract_dolar.py for tasks to queue
[2024-10-05T22:19:10.932+0000] {logging_mixin.py:190} INFO - [2024-10-05T22:19:10.932+0000] {dagbag.py:588} INFO - Filling up the DagBag from /opt/airflow/dags/dag_extract_dolar.py
[2024-10-05T22:19:11.138+0000] {processor.py:925} INFO - DAG(s) 'Extract_dolar_to_minio' retrieved from /opt/airflow/dags/dag_extract_dolar.py
[2024-10-05T22:19:11.167+0000] {logging_mixin.py:190} INFO - [2024-10-05T22:19:11.166+0000] {dag.py:3239} INFO - Sync 1 DAGs
[2024-10-05T22:19:11.195+0000] {logging_mixin.py:190} INFO - [2024-10-05T22:19:11.194+0000] {dag.py:4180} INFO - Setting next_dagrun for Extract_dolar_to_minio to 2024-10-05 00:00:00+00:00, run_after=2024-10-06 00:00:00+00:00
[2024-10-05T22:19:11.213+0000] {processor.py:208} INFO - Processing /opt/airflow/dags/dag_extract_dolar.py took 0.291 seconds
[2024-10-05T22:19:41.441+0000] {processor.py:186} INFO - Started process (PID=2835) to work on /opt/airflow/dags/dag_extract_dolar.py
[2024-10-05T22:19:41.442+0000] {processor.py:914} INFO - Processing file /opt/airflow/dags/dag_extract_dolar.py for tasks to queue
[2024-10-05T22:19:41.444+0000] {logging_mixin.py:190} INFO - [2024-10-05T22:19:41.443+0000] {dagbag.py:588} INFO - Filling up the DagBag from /opt/airflow/dags/dag_extract_dolar.py
[2024-10-05T22:19:41.619+0000] {processor.py:925} INFO - DAG(s) 'Extract_dolar_to_minio' retrieved from /opt/airflow/dags/dag_extract_dolar.py
[2024-10-05T22:19:41.742+0000] {logging_mixin.py:190} INFO - [2024-10-05T22:19:41.742+0000] {dag.py:3239} INFO - Sync 1 DAGs
[2024-10-05T22:19:41.755+0000] {logging_mixin.py:190} INFO - [2024-10-05T22:19:41.755+0000] {dag.py:3262} INFO - Creating ORM DAG for Extract_dolar_to_minio
[2024-10-05T22:19:41.766+0000] {logging_mixin.py:190} INFO - [2024-10-05T22:19:41.765+0000] {dag.py:4180} INFO - Setting next_dagrun for Extract_dolar_to_minio to 2024-09-01 00:00:00+00:00, run_after=2024-09-02 00:00:00+00:00
[2024-10-05T22:19:41.783+0000] {processor.py:208} INFO - Processing /opt/airflow/dags/dag_extract_dolar.py took 0.349 seconds
[2024-10-05T22:20:11.952+0000] {processor.py:186} INFO - Started process (PID=2876) to work on /opt/airflow/dags/dag_extract_dolar.py
[2024-10-05T22:20:11.953+0000] {processor.py:914} INFO - Processing file /opt/airflow/dags/dag_extract_dolar.py for tasks to queue
[2024-10-05T22:20:11.955+0000] {logging_mixin.py:190} INFO - [2024-10-05T22:20:11.954+0000] {dagbag.py:588} INFO - Filling up the DagBag from /opt/airflow/dags/dag_extract_dolar.py
[2024-10-05T22:20:12.138+0000] {processor.py:925} INFO - DAG(s) 'Extract_dolar_to_minio' retrieved from /opt/airflow/dags/dag_extract_dolar.py
[2024-10-05T22:20:12.166+0000] {logging_mixin.py:190} INFO - [2024-10-05T22:20:12.166+0000] {dag.py:3239} INFO - Sync 1 DAGs
[2024-10-05T22:20:12.193+0000] {logging_mixin.py:190} INFO - [2024-10-05T22:20:12.193+0000] {dag.py:4180} INFO - Setting next_dagrun for Extract_dolar_to_minio to 2024-10-05 00:00:00+00:00, run_after=2024-10-06 00:00:00+00:00
[2024-10-05T22:20:12.212+0000] {processor.py:208} INFO - Processing /opt/airflow/dags/dag_extract_dolar.py took 0.267 seconds
[2024-10-05T22:20:42.373+0000] {processor.py:186} INFO - Started process (PID=2896) to work on /opt/airflow/dags/dag_extract_dolar.py
[2024-10-05T22:20:42.375+0000] {processor.py:914} INFO - Processing file /opt/airflow/dags/dag_extract_dolar.py for tasks to queue
[2024-10-05T22:20:42.376+0000] {logging_mixin.py:190} INFO - [2024-10-05T22:20:42.375+0000] {dagbag.py:588} INFO - Filling up the DagBag from /opt/airflow/dags/dag_extract_dolar.py
[2024-10-05T22:20:42.543+0000] {processor.py:925} INFO - DAG(s) 'Extract_dolar_to_minio' retrieved from /opt/airflow/dags/dag_extract_dolar.py
[2024-10-05T22:20:42.569+0000] {logging_mixin.py:190} INFO - [2024-10-05T22:20:42.568+0000] {dag.py:3239} INFO - Sync 1 DAGs
[2024-10-05T22:20:42.595+0000] {logging_mixin.py:190} INFO - [2024-10-05T22:20:42.595+0000] {dag.py:4180} INFO - Setting next_dagrun for Extract_dolar_to_minio to 2024-10-05 00:00:00+00:00, run_after=2024-10-06 00:00:00+00:00
[2024-10-05T22:20:42.614+0000] {processor.py:208} INFO - Processing /opt/airflow/dags/dag_extract_dolar.py took 0.248 seconds
[2024-10-05T22:21:12.802+0000] {processor.py:186} INFO - Started process (PID=2903) to work on /opt/airflow/dags/dag_extract_dolar.py
[2024-10-05T22:21:12.803+0000] {processor.py:914} INFO - Processing file /opt/airflow/dags/dag_extract_dolar.py for tasks to queue
[2024-10-05T22:21:12.804+0000] {logging_mixin.py:190} INFO - [2024-10-05T22:21:12.804+0000] {dagbag.py:588} INFO - Filling up the DagBag from /opt/airflow/dags/dag_extract_dolar.py
[2024-10-05T22:21:12.971+0000] {processor.py:925} INFO - DAG(s) 'Extract_dolar_to_minio' retrieved from /opt/airflow/dags/dag_extract_dolar.py
[2024-10-05T22:21:12.998+0000] {logging_mixin.py:190} INFO - [2024-10-05T22:21:12.997+0000] {dag.py:3239} INFO - Sync 1 DAGs
[2024-10-05T22:21:13.023+0000] {logging_mixin.py:190} INFO - [2024-10-05T22:21:13.023+0000] {dag.py:4180} INFO - Setting next_dagrun for Extract_dolar_to_minio to 2024-10-05 00:00:00+00:00, run_after=2024-10-06 00:00:00+00:00
[2024-10-05T22:21:13.039+0000] {processor.py:208} INFO - Processing /opt/airflow/dags/dag_extract_dolar.py took 0.244 seconds
[2024-10-05T22:21:32.931+0000] {processor.py:186} INFO - Started process (PID=2904) to work on /opt/airflow/dags/dag_extract_dolar.py
[2024-10-05T22:21:32.933+0000] {processor.py:914} INFO - Processing file /opt/airflow/dags/dag_extract_dolar.py for tasks to queue
[2024-10-05T22:21:32.935+0000] {logging_mixin.py:190} INFO - [2024-10-05T22:21:32.934+0000] {dagbag.py:588} INFO - Filling up the DagBag from /opt/airflow/dags/dag_extract_dolar.py
[2024-10-05T22:21:33.107+0000] {processor.py:925} INFO - DAG(s) 'Extract_dolar_to_minio' retrieved from /opt/airflow/dags/dag_extract_dolar.py
[2024-10-05T22:21:33.133+0000] {logging_mixin.py:190} INFO - [2024-10-05T22:21:33.132+0000] {dag.py:3239} INFO - Sync 1 DAGs
[2024-10-05T22:21:33.157+0000] {logging_mixin.py:190} INFO - [2024-10-05T22:21:33.157+0000] {dag.py:4180} INFO - Setting next_dagrun for Extract_dolar_to_minio to 2024-10-05 00:00:00+00:00, run_after=2024-10-06 00:00:00+00:00
[2024-10-05T22:21:33.175+0000] {processor.py:208} INFO - Processing /opt/airflow/dags/dag_extract_dolar.py took 0.251 seconds
[2024-10-05T22:22:03.353+0000] {processor.py:186} INFO - Started process (PID=2911) to work on /opt/airflow/dags/dag_extract_dolar.py
[2024-10-05T22:22:03.354+0000] {processor.py:914} INFO - Processing file /opt/airflow/dags/dag_extract_dolar.py for tasks to queue
[2024-10-05T22:22:03.355+0000] {logging_mixin.py:190} INFO - [2024-10-05T22:22:03.355+0000] {dagbag.py:588} INFO - Filling up the DagBag from /opt/airflow/dags/dag_extract_dolar.py
[2024-10-05T22:22:03.518+0000] {processor.py:925} INFO - DAG(s) 'Extract_dolar_to_minio' retrieved from /opt/airflow/dags/dag_extract_dolar.py
[2024-10-05T22:22:03.543+0000] {logging_mixin.py:190} INFO - [2024-10-05T22:22:03.543+0000] {dag.py:3239} INFO - Sync 1 DAGs
[2024-10-05T22:22:03.568+0000] {logging_mixin.py:190} INFO - [2024-10-05T22:22:03.567+0000] {dag.py:4180} INFO - Setting next_dagrun for Extract_dolar_to_minio to 2024-10-05 00:00:00+00:00, run_after=2024-10-06 00:00:00+00:00
[2024-10-05T22:22:03.587+0000] {processor.py:208} INFO - Processing /opt/airflow/dags/dag_extract_dolar.py took 0.241 seconds
[2024-10-05T22:22:16.472+0000] {processor.py:186} INFO - Started process (PID=2918) to work on /opt/airflow/dags/dag_extract_dolar.py
[2024-10-05T22:22:16.475+0000] {processor.py:914} INFO - Processing file /opt/airflow/dags/dag_extract_dolar.py for tasks to queue
[2024-10-05T22:22:16.478+0000] {logging_mixin.py:190} INFO - [2024-10-05T22:22:16.477+0000] {dagbag.py:588} INFO - Filling up the DagBag from /opt/airflow/dags/dag_extract_dolar.py
[2024-10-05T22:22:16.668+0000] {processor.py:925} INFO - DAG(s) 'Extract_dolar_to_minio' retrieved from /opt/airflow/dags/dag_extract_dolar.py
[2024-10-05T22:22:16.695+0000] {logging_mixin.py:190} INFO - [2024-10-05T22:22:16.694+0000] {dag.py:3239} INFO - Sync 1 DAGs
[2024-10-05T22:22:16.720+0000] {logging_mixin.py:190} INFO - [2024-10-05T22:22:16.720+0000] {dag.py:4180} INFO - Setting next_dagrun for Extract_dolar_to_minio to 2024-10-05 00:00:00+00:00, run_after=2024-10-06 00:00:00+00:00
[2024-10-05T22:22:16.738+0000] {processor.py:208} INFO - Processing /opt/airflow/dags/dag_extract_dolar.py took 0.277 seconds
[2024-10-05T22:22:26.753+0000] {processor.py:186} INFO - Started process (PID=2919) to work on /opt/airflow/dags/dag_extract_dolar.py
[2024-10-05T22:22:26.754+0000] {processor.py:914} INFO - Processing file /opt/airflow/dags/dag_extract_dolar.py for tasks to queue
[2024-10-05T22:22:26.755+0000] {logging_mixin.py:190} INFO - [2024-10-05T22:22:26.755+0000] {dagbag.py:588} INFO - Filling up the DagBag from /opt/airflow/dags/dag_extract_dolar.py
[2024-10-05T22:22:26.954+0000] {processor.py:925} INFO - DAG(s) 'Extract_dolar_to_minio' retrieved from /opt/airflow/dags/dag_extract_dolar.py
[2024-10-05T22:22:26.978+0000] {logging_mixin.py:190} INFO - [2024-10-05T22:22:26.978+0000] {dag.py:3239} INFO - Sync 1 DAGs
[2024-10-05T22:22:27.002+0000] {logging_mixin.py:190} INFO - [2024-10-05T22:22:27.002+0000] {dag.py:4180} INFO - Setting next_dagrun for Extract_dolar_to_minio to 2024-10-05 00:00:00+00:00, run_after=2024-10-06 00:00:00+00:00
[2024-10-05T22:22:27.021+0000] {processor.py:208} INFO - Processing /opt/airflow/dags/dag_extract_dolar.py took 0.275 seconds
[2024-10-05T22:22:48.973+0000] {processor.py:186} INFO - Started process (PID=2926) to work on /opt/airflow/dags/dag_extract_dolar.py
[2024-10-05T22:22:48.974+0000] {processor.py:914} INFO - Processing file /opt/airflow/dags/dag_extract_dolar.py for tasks to queue
[2024-10-05T22:22:48.975+0000] {logging_mixin.py:190} INFO - [2024-10-05T22:22:48.975+0000] {dagbag.py:588} INFO - Filling up the DagBag from /opt/airflow/dags/dag_extract_dolar.py
[2024-10-05T22:22:49.135+0000] {processor.py:925} INFO - DAG(s) 'Extract_dolar_to_minio' retrieved from /opt/airflow/dags/dag_extract_dolar.py
[2024-10-05T22:22:49.160+0000] {logging_mixin.py:190} INFO - [2024-10-05T22:22:49.160+0000] {dag.py:3239} INFO - Sync 1 DAGs
[2024-10-05T22:22:49.183+0000] {logging_mixin.py:190} INFO - [2024-10-05T22:22:49.183+0000] {dag.py:4180} INFO - Setting next_dagrun for Extract_dolar_to_minio to 2024-10-05 00:00:00+00:00, run_after=2024-10-06 00:00:00+00:00
[2024-10-05T22:22:49.204+0000] {processor.py:208} INFO - Processing /opt/airflow/dags/dag_extract_dolar.py took 0.238 seconds
[2024-10-05T22:22:50.221+0000] {processor.py:186} INFO - Started process (PID=2927) to work on /opt/airflow/dags/dag_extract_dolar.py
[2024-10-05T22:22:50.222+0000] {processor.py:914} INFO - Processing file /opt/airflow/dags/dag_extract_dolar.py for tasks to queue
[2024-10-05T22:22:50.223+0000] {logging_mixin.py:190} INFO - [2024-10-05T22:22:50.223+0000] {dagbag.py:588} INFO - Filling up the DagBag from /opt/airflow/dags/dag_extract_dolar.py
[2024-10-05T22:22:50.399+0000] {processor.py:925} INFO - DAG(s) 'Extract_dolar_to_minio' retrieved from /opt/airflow/dags/dag_extract_dolar.py
[2024-10-05T22:22:50.424+0000] {logging_mixin.py:190} INFO - [2024-10-05T22:22:50.424+0000] {dag.py:3239} INFO - Sync 1 DAGs
[2024-10-05T22:22:50.451+0000] {logging_mixin.py:190} INFO - [2024-10-05T22:22:50.451+0000] {dag.py:4180} INFO - Setting next_dagrun for Extract_dolar_to_minio to 2024-10-05 00:00:00+00:00, run_after=2024-10-06 00:00:00+00:00
[2024-10-05T22:22:50.470+0000] {processor.py:208} INFO - Processing /opt/airflow/dags/dag_extract_dolar.py took 0.255 seconds
[2024-10-05T22:23:20.676+0000] {processor.py:186} INFO - Started process (PID=2934) to work on /opt/airflow/dags/dag_extract_dolar.py
[2024-10-05T22:23:20.676+0000] {processor.py:914} INFO - Processing file /opt/airflow/dags/dag_extract_dolar.py for tasks to queue
[2024-10-05T22:23:20.678+0000] {logging_mixin.py:190} INFO - [2024-10-05T22:23:20.677+0000] {dagbag.py:588} INFO - Filling up the DagBag from /opt/airflow/dags/dag_extract_dolar.py
[2024-10-05T22:23:20.885+0000] {processor.py:925} INFO - DAG(s) 'Extract_dolar_to_minio' retrieved from /opt/airflow/dags/dag_extract_dolar.py
[2024-10-05T22:23:20.910+0000] {logging_mixin.py:190} INFO - [2024-10-05T22:23:20.910+0000] {dag.py:3239} INFO - Sync 1 DAGs
[2024-10-05T22:23:20.935+0000] {logging_mixin.py:190} INFO - [2024-10-05T22:23:20.935+0000] {dag.py:4180} INFO - Setting next_dagrun for Extract_dolar_to_minio to 2024-10-05 00:00:00+00:00, run_after=2024-10-06 00:00:00+00:00
[2024-10-05T22:23:20.952+0000] {processor.py:208} INFO - Processing /opt/airflow/dags/dag_extract_dolar.py took 0.284 seconds
[2024-10-05T22:23:43.116+0000] {processor.py:186} INFO - Started process (PID=2941) to work on /opt/airflow/dags/dag_extract_dolar.py
[2024-10-05T22:23:43.118+0000] {processor.py:914} INFO - Processing file /opt/airflow/dags/dag_extract_dolar.py for tasks to queue
[2024-10-05T22:23:43.119+0000] {logging_mixin.py:190} INFO - [2024-10-05T22:23:43.118+0000] {dagbag.py:588} INFO - Filling up the DagBag from /opt/airflow/dags/dag_extract_dolar.py
[2024-10-05T22:23:43.296+0000] {processor.py:925} INFO - DAG(s) 'Extract_dolar_to_minio' retrieved from /opt/airflow/dags/dag_extract_dolar.py
[2024-10-05T22:23:43.323+0000] {logging_mixin.py:190} INFO - [2024-10-05T22:23:43.323+0000] {dag.py:3239} INFO - Sync 1 DAGs
[2024-10-05T22:23:43.348+0000] {logging_mixin.py:190} INFO - [2024-10-05T22:23:43.348+0000] {dag.py:4180} INFO - Setting next_dagrun for Extract_dolar_to_minio to 2024-10-05 00:00:00+00:00, run_after=2024-10-06 00:00:00+00:00
[2024-10-05T22:23:43.368+0000] {processor.py:208} INFO - Processing /opt/airflow/dags/dag_extract_dolar.py took 0.259 seconds
[2024-10-05T22:24:13.574+0000] {processor.py:186} INFO - Started process (PID=2948) to work on /opt/airflow/dags/dag_extract_dolar.py
[2024-10-05T22:24:13.575+0000] {processor.py:914} INFO - Processing file /opt/airflow/dags/dag_extract_dolar.py for tasks to queue
[2024-10-05T22:24:13.576+0000] {logging_mixin.py:190} INFO - [2024-10-05T22:24:13.576+0000] {dagbag.py:588} INFO - Filling up the DagBag from /opt/airflow/dags/dag_extract_dolar.py
[2024-10-05T22:24:13.746+0000] {processor.py:925} INFO - DAG(s) 'Extract_dolar_to_minio' retrieved from /opt/airflow/dags/dag_extract_dolar.py
[2024-10-05T22:24:13.774+0000] {logging_mixin.py:190} INFO - [2024-10-05T22:24:13.774+0000] {dag.py:3239} INFO - Sync 1 DAGs
[2024-10-05T22:24:13.801+0000] {logging_mixin.py:190} INFO - [2024-10-05T22:24:13.801+0000] {dag.py:4180} INFO - Setting next_dagrun for Extract_dolar_to_minio to 2024-10-05 00:00:00+00:00, run_after=2024-10-06 00:00:00+00:00
[2024-10-05T22:24:13.818+0000] {processor.py:208} INFO - Processing /opt/airflow/dags/dag_extract_dolar.py took 0.251 seconds
[2024-10-05T22:24:44.015+0000] {processor.py:186} INFO - Started process (PID=2955) to work on /opt/airflow/dags/dag_extract_dolar.py
[2024-10-05T22:24:44.016+0000] {processor.py:914} INFO - Processing file /opt/airflow/dags/dag_extract_dolar.py for tasks to queue
[2024-10-05T22:24:44.017+0000] {logging_mixin.py:190} INFO - [2024-10-05T22:24:44.017+0000] {dagbag.py:588} INFO - Filling up the DagBag from /opt/airflow/dags/dag_extract_dolar.py
[2024-10-05T22:24:44.203+0000] {processor.py:925} INFO - DAG(s) 'Extract_dolar_to_minio' retrieved from /opt/airflow/dags/dag_extract_dolar.py
[2024-10-05T22:24:44.232+0000] {logging_mixin.py:190} INFO - [2024-10-05T22:24:44.231+0000] {dag.py:3239} INFO - Sync 1 DAGs
[2024-10-05T22:24:44.256+0000] {logging_mixin.py:190} INFO - [2024-10-05T22:24:44.256+0000] {dag.py:4180} INFO - Setting next_dagrun for Extract_dolar_to_minio to 2024-10-05 00:00:00+00:00, run_after=2024-10-06 00:00:00+00:00
[2024-10-05T22:24:44.275+0000] {processor.py:208} INFO - Processing /opt/airflow/dags/dag_extract_dolar.py took 0.266 seconds
[2024-10-05T22:25:14.565+0000] {processor.py:186} INFO - Started process (PID=2962) to work on /opt/airflow/dags/dag_extract_dolar.py
[2024-10-05T22:25:14.567+0000] {processor.py:914} INFO - Processing file /opt/airflow/dags/dag_extract_dolar.py for tasks to queue
[2024-10-05T22:25:14.569+0000] {logging_mixin.py:190} INFO - [2024-10-05T22:25:14.568+0000] {dagbag.py:588} INFO - Filling up the DagBag from /opt/airflow/dags/dag_extract_dolar.py
[2024-10-05T22:25:14.760+0000] {processor.py:925} INFO - DAG(s) 'Extract_dolar_to_minio' retrieved from /opt/airflow/dags/dag_extract_dolar.py
[2024-10-05T22:25:14.792+0000] {logging_mixin.py:190} INFO - [2024-10-05T22:25:14.792+0000] {dag.py:3239} INFO - Sync 1 DAGs
[2024-10-05T22:25:14.817+0000] {logging_mixin.py:190} INFO - [2024-10-05T22:25:14.817+0000] {dag.py:4180} INFO - Setting next_dagrun for Extract_dolar_to_minio to 2024-10-05 00:00:00+00:00, run_after=2024-10-06 00:00:00+00:00
[2024-10-05T22:25:14.833+0000] {processor.py:208} INFO - Processing /opt/airflow/dags/dag_extract_dolar.py took 0.275 seconds
[2024-10-05T22:25:44.986+0000] {processor.py:186} INFO - Started process (PID=2969) to work on /opt/airflow/dags/dag_extract_dolar.py
[2024-10-05T22:25:44.988+0000] {processor.py:914} INFO - Processing file /opt/airflow/dags/dag_extract_dolar.py for tasks to queue
[2024-10-05T22:25:44.990+0000] {logging_mixin.py:190} INFO - [2024-10-05T22:25:44.989+0000] {dagbag.py:588} INFO - Filling up the DagBag from /opt/airflow/dags/dag_extract_dolar.py
[2024-10-05T22:25:45.157+0000] {processor.py:925} INFO - DAG(s) 'Extract_dolar_to_minio' retrieved from /opt/airflow/dags/dag_extract_dolar.py
[2024-10-05T22:25:45.184+0000] {logging_mixin.py:190} INFO - [2024-10-05T22:25:45.184+0000] {dag.py:3239} INFO - Sync 1 DAGs
[2024-10-05T22:25:45.208+0000] {logging_mixin.py:190} INFO - [2024-10-05T22:25:45.208+0000] {dag.py:4180} INFO - Setting next_dagrun for Extract_dolar_to_minio to 2024-10-05 00:00:00+00:00, run_after=2024-10-06 00:00:00+00:00
[2024-10-05T22:25:45.233+0000] {processor.py:208} INFO - Processing /opt/airflow/dags/dag_extract_dolar.py took 0.253 seconds
[2024-10-05T22:26:15.402+0000] {processor.py:186} INFO - Started process (PID=2976) to work on /opt/airflow/dags/dag_extract_dolar.py
[2024-10-05T22:26:15.403+0000] {processor.py:914} INFO - Processing file /opt/airflow/dags/dag_extract_dolar.py for tasks to queue
[2024-10-05T22:26:15.404+0000] {logging_mixin.py:190} INFO - [2024-10-05T22:26:15.404+0000] {dagbag.py:588} INFO - Filling up the DagBag from /opt/airflow/dags/dag_extract_dolar.py
[2024-10-05T22:26:15.641+0000] {processor.py:925} INFO - DAG(s) 'Extract_dolar_to_minio' retrieved from /opt/airflow/dags/dag_extract_dolar.py
[2024-10-05T22:26:15.668+0000] {logging_mixin.py:190} INFO - [2024-10-05T22:26:15.668+0000] {dag.py:3239} INFO - Sync 1 DAGs
[2024-10-05T22:26:15.694+0000] {logging_mixin.py:190} INFO - [2024-10-05T22:26:15.694+0000] {dag.py:4180} INFO - Setting next_dagrun for Extract_dolar_to_minio to 2024-10-05 00:00:00+00:00, run_after=2024-10-06 00:00:00+00:00
[2024-10-05T22:26:15.711+0000] {processor.py:208} INFO - Processing /opt/airflow/dags/dag_extract_dolar.py took 0.317 seconds
[2024-10-05T22:26:45.882+0000] {processor.py:186} INFO - Started process (PID=2983) to work on /opt/airflow/dags/dag_extract_dolar.py
[2024-10-05T22:26:45.883+0000] {processor.py:914} INFO - Processing file /opt/airflow/dags/dag_extract_dolar.py for tasks to queue
[2024-10-05T22:26:45.885+0000] {logging_mixin.py:190} INFO - [2024-10-05T22:26:45.884+0000] {dagbag.py:588} INFO - Filling up the DagBag from /opt/airflow/dags/dag_extract_dolar.py
[2024-10-05T22:26:46.117+0000] {processor.py:925} INFO - DAG(s) 'Extract_dolar_to_minio' retrieved from /opt/airflow/dags/dag_extract_dolar.py
[2024-10-05T22:26:46.405+0000] {logging_mixin.py:190} INFO - [2024-10-05T22:26:46.404+0000] {dag.py:3239} INFO - Sync 1 DAGs
[2024-10-05T22:26:46.419+0000] {logging_mixin.py:190} INFO - [2024-10-05T22:26:46.419+0000] {dag.py:3262} INFO - Creating ORM DAG for Extract_dolar_to_minio
[2024-10-05T22:26:46.430+0000] {logging_mixin.py:190} INFO - [2024-10-05T22:26:46.429+0000] {dag.py:4180} INFO - Setting next_dagrun for Extract_dolar_to_minio to 2024-09-01 00:00:00+00:00, run_after=2024-09-02 00:00:00+00:00
[2024-10-05T22:26:46.451+0000] {processor.py:208} INFO - Processing /opt/airflow/dags/dag_extract_dolar.py took 0.575 seconds
[2024-10-05T22:27:16.654+0000] {processor.py:186} INFO - Started process (PID=2990) to work on /opt/airflow/dags/dag_extract_dolar.py
[2024-10-05T22:27:16.655+0000] {processor.py:914} INFO - Processing file /opt/airflow/dags/dag_extract_dolar.py for tasks to queue
[2024-10-05T22:27:16.657+0000] {logging_mixin.py:190} INFO - [2024-10-05T22:27:16.657+0000] {dagbag.py:588} INFO - Filling up the DagBag from /opt/airflow/dags/dag_extract_dolar.py
[2024-10-05T22:27:16.835+0000] {processor.py:925} INFO - DAG(s) 'Extract_dolar_to_minio' retrieved from /opt/airflow/dags/dag_extract_dolar.py
[2024-10-05T22:27:16.879+0000] {logging_mixin.py:190} INFO - [2024-10-05T22:27:16.878+0000] {dag.py:3239} INFO - Sync 1 DAGs
[2024-10-05T22:27:16.904+0000] {logging_mixin.py:190} INFO - [2024-10-05T22:27:16.904+0000] {dag.py:4180} INFO - Setting next_dagrun for Extract_dolar_to_minio to 2024-09-01 00:00:00+00:00, run_after=2024-09-02 00:00:00+00:00
[2024-10-05T22:27:16.920+0000] {processor.py:208} INFO - Processing /opt/airflow/dags/dag_extract_dolar.py took 0.272 seconds
[2024-10-05T22:27:47.089+0000] {processor.py:186} INFO - Started process (PID=2997) to work on /opt/airflow/dags/dag_extract_dolar.py
[2024-10-05T22:27:47.091+0000] {processor.py:914} INFO - Processing file /opt/airflow/dags/dag_extract_dolar.py for tasks to queue
[2024-10-05T22:27:47.092+0000] {logging_mixin.py:190} INFO - [2024-10-05T22:27:47.092+0000] {dagbag.py:588} INFO - Filling up the DagBag from /opt/airflow/dags/dag_extract_dolar.py
[2024-10-05T22:27:47.266+0000] {processor.py:925} INFO - DAG(s) 'Extract_dolar_to_minio' retrieved from /opt/airflow/dags/dag_extract_dolar.py
[2024-10-05T22:27:47.299+0000] {logging_mixin.py:190} INFO - [2024-10-05T22:27:47.298+0000] {dag.py:3239} INFO - Sync 1 DAGs
[2024-10-05T22:27:47.323+0000] {logging_mixin.py:190} INFO - [2024-10-05T22:27:47.322+0000] {dag.py:4180} INFO - Setting next_dagrun for Extract_dolar_to_minio to 2024-09-01 00:00:00+00:00, run_after=2024-09-02 00:00:00+00:00
[2024-10-05T22:27:47.339+0000] {processor.py:208} INFO - Processing /opt/airflow/dags/dag_extract_dolar.py took 0.258 seconds
[2024-10-05T22:28:17.546+0000] {processor.py:186} INFO - Started process (PID=3004) to work on /opt/airflow/dags/dag_extract_dolar.py
[2024-10-05T22:28:17.547+0000] {processor.py:914} INFO - Processing file /opt/airflow/dags/dag_extract_dolar.py for tasks to queue
[2024-10-05T22:28:17.549+0000] {logging_mixin.py:190} INFO - [2024-10-05T22:28:17.548+0000] {dagbag.py:588} INFO - Filling up the DagBag from /opt/airflow/dags/dag_extract_dolar.py
[2024-10-05T22:28:17.798+0000] {processor.py:925} INFO - DAG(s) 'Extract_dolar_to_minio' retrieved from /opt/airflow/dags/dag_extract_dolar.py
[2024-10-05T22:28:17.834+0000] {logging_mixin.py:190} INFO - [2024-10-05T22:28:17.834+0000] {dag.py:3239} INFO - Sync 1 DAGs
[2024-10-05T22:28:17.861+0000] {logging_mixin.py:190} INFO - [2024-10-05T22:28:17.861+0000] {dag.py:4180} INFO - Setting next_dagrun for Extract_dolar_to_minio to 2024-09-01 00:00:00+00:00, run_after=2024-09-02 00:00:00+00:00
[2024-10-05T22:28:17.887+0000] {processor.py:208} INFO - Processing /opt/airflow/dags/dag_extract_dolar.py took 0.350 seconds
[2024-10-05T22:28:48.091+0000] {processor.py:186} INFO - Started process (PID=3011) to work on /opt/airflow/dags/dag_extract_dolar.py
[2024-10-05T22:28:48.092+0000] {processor.py:914} INFO - Processing file /opt/airflow/dags/dag_extract_dolar.py for tasks to queue
[2024-10-05T22:28:48.094+0000] {logging_mixin.py:190} INFO - [2024-10-05T22:28:48.093+0000] {dagbag.py:588} INFO - Filling up the DagBag from /opt/airflow/dags/dag_extract_dolar.py
[2024-10-05T22:28:48.272+0000] {processor.py:925} INFO - DAG(s) 'Extract_dolar_to_minio' retrieved from /opt/airflow/dags/dag_extract_dolar.py
[2024-10-05T22:28:48.298+0000] {logging_mixin.py:190} INFO - [2024-10-05T22:28:48.298+0000] {dag.py:3239} INFO - Sync 1 DAGs
[2024-10-05T22:28:48.323+0000] {logging_mixin.py:190} INFO - [2024-10-05T22:28:48.323+0000] {dag.py:4180} INFO - Setting next_dagrun for Extract_dolar_to_minio to 2024-09-01 00:00:00+00:00, run_after=2024-09-02 00:00:00+00:00
[2024-10-05T22:28:48.340+0000] {processor.py:208} INFO - Processing /opt/airflow/dags/dag_extract_dolar.py took 0.255 seconds
[2024-10-05T22:29:18.619+0000] {processor.py:186} INFO - Started process (PID=3018) to work on /opt/airflow/dags/dag_extract_dolar.py
[2024-10-05T22:29:18.621+0000] {processor.py:914} INFO - Processing file /opt/airflow/dags/dag_extract_dolar.py for tasks to queue
[2024-10-05T22:29:18.622+0000] {logging_mixin.py:190} INFO - [2024-10-05T22:29:18.621+0000] {dagbag.py:588} INFO - Filling up the DagBag from /opt/airflow/dags/dag_extract_dolar.py
[2024-10-05T22:29:18.795+0000] {processor.py:925} INFO - DAG(s) 'Extract_dolar_to_minio' retrieved from /opt/airflow/dags/dag_extract_dolar.py
[2024-10-05T22:29:18.821+0000] {logging_mixin.py:190} INFO - [2024-10-05T22:29:18.821+0000] {dag.py:3239} INFO - Sync 1 DAGs
[2024-10-05T22:29:18.846+0000] {logging_mixin.py:190} INFO - [2024-10-05T22:29:18.846+0000] {dag.py:4180} INFO - Setting next_dagrun for Extract_dolar_to_minio to 2024-09-01 00:00:00+00:00, run_after=2024-09-02 00:00:00+00:00
[2024-10-05T22:29:18.865+0000] {processor.py:208} INFO - Processing /opt/airflow/dags/dag_extract_dolar.py took 0.252 seconds
[2024-10-05T22:29:49.060+0000] {processor.py:186} INFO - Started process (PID=3025) to work on /opt/airflow/dags/dag_extract_dolar.py
[2024-10-05T22:29:49.062+0000] {processor.py:914} INFO - Processing file /opt/airflow/dags/dag_extract_dolar.py for tasks to queue
[2024-10-05T22:29:49.063+0000] {logging_mixin.py:190} INFO - [2024-10-05T22:29:49.063+0000] {dagbag.py:588} INFO - Filling up the DagBag from /opt/airflow/dags/dag_extract_dolar.py
[2024-10-05T22:29:49.237+0000] {processor.py:925} INFO - DAG(s) 'Extract_dolar_to_minio' retrieved from /opt/airflow/dags/dag_extract_dolar.py
[2024-10-05T22:29:49.265+0000] {logging_mixin.py:190} INFO - [2024-10-05T22:29:49.265+0000] {dag.py:3239} INFO - Sync 1 DAGs
[2024-10-05T22:29:49.291+0000] {logging_mixin.py:190} INFO - [2024-10-05T22:29:49.291+0000] {dag.py:4180} INFO - Setting next_dagrun for Extract_dolar_to_minio to 2024-09-01 00:00:00+00:00, run_after=2024-09-02 00:00:00+00:00
[2024-10-05T22:29:49.309+0000] {processor.py:208} INFO - Processing /opt/airflow/dags/dag_extract_dolar.py took 0.256 seconds
[2024-10-05T22:30:19.490+0000] {processor.py:186} INFO - Started process (PID=3032) to work on /opt/airflow/dags/dag_extract_dolar.py
[2024-10-05T22:30:19.491+0000] {processor.py:914} INFO - Processing file /opt/airflow/dags/dag_extract_dolar.py for tasks to queue
[2024-10-05T22:30:19.492+0000] {logging_mixin.py:190} INFO - [2024-10-05T22:30:19.492+0000] {dagbag.py:588} INFO - Filling up the DagBag from /opt/airflow/dags/dag_extract_dolar.py
[2024-10-05T22:30:19.655+0000] {processor.py:925} INFO - DAG(s) 'Extract_dolar_to_minio' retrieved from /opt/airflow/dags/dag_extract_dolar.py
[2024-10-05T22:30:19.680+0000] {logging_mixin.py:190} INFO - [2024-10-05T22:30:19.680+0000] {dag.py:3239} INFO - Sync 1 DAGs
[2024-10-05T22:30:19.704+0000] {logging_mixin.py:190} INFO - [2024-10-05T22:30:19.704+0000] {dag.py:4180} INFO - Setting next_dagrun for Extract_dolar_to_minio to 2024-09-01 00:00:00+00:00, run_after=2024-09-02 00:00:00+00:00
[2024-10-05T22:30:19.720+0000] {processor.py:208} INFO - Processing /opt/airflow/dags/dag_extract_dolar.py took 0.238 seconds
[2024-10-05T22:30:49.912+0000] {processor.py:186} INFO - Started process (PID=3039) to work on /opt/airflow/dags/dag_extract_dolar.py
[2024-10-05T22:30:49.914+0000] {processor.py:914} INFO - Processing file /opt/airflow/dags/dag_extract_dolar.py for tasks to queue
[2024-10-05T22:30:49.915+0000] {logging_mixin.py:190} INFO - [2024-10-05T22:30:49.914+0000] {dagbag.py:588} INFO - Filling up the DagBag from /opt/airflow/dags/dag_extract_dolar.py
[2024-10-05T22:30:50.084+0000] {processor.py:925} INFO - DAG(s) 'Extract_dolar_to_minio' retrieved from /opt/airflow/dags/dag_extract_dolar.py
[2024-10-05T22:30:50.109+0000] {logging_mixin.py:190} INFO - [2024-10-05T22:30:50.108+0000] {dag.py:3239} INFO - Sync 1 DAGs
[2024-10-05T22:30:50.132+0000] {logging_mixin.py:190} INFO - [2024-10-05T22:30:50.131+0000] {dag.py:4180} INFO - Setting next_dagrun for Extract_dolar_to_minio to 2024-09-01 00:00:00+00:00, run_after=2024-09-02 00:00:00+00:00
[2024-10-05T22:30:50.148+0000] {processor.py:208} INFO - Processing /opt/airflow/dags/dag_extract_dolar.py took 0.242 seconds
[2024-10-05T22:31:20.313+0000] {processor.py:186} INFO - Started process (PID=3046) to work on /opt/airflow/dags/dag_extract_dolar.py
[2024-10-05T22:31:20.315+0000] {processor.py:914} INFO - Processing file /opt/airflow/dags/dag_extract_dolar.py for tasks to queue
[2024-10-05T22:31:20.316+0000] {logging_mixin.py:190} INFO - [2024-10-05T22:31:20.316+0000] {dagbag.py:588} INFO - Filling up the DagBag from /opt/airflow/dags/dag_extract_dolar.py
[2024-10-05T22:31:20.490+0000] {processor.py:925} INFO - DAG(s) 'Extract_dolar_to_minio' retrieved from /opt/airflow/dags/dag_extract_dolar.py
[2024-10-05T22:31:20.523+0000] {logging_mixin.py:190} INFO - [2024-10-05T22:31:20.522+0000] {dag.py:3239} INFO - Sync 1 DAGs
[2024-10-05T22:31:20.547+0000] {logging_mixin.py:190} INFO - [2024-10-05T22:31:20.546+0000] {dag.py:4180} INFO - Setting next_dagrun for Extract_dolar_to_minio to 2024-09-01 00:00:00+00:00, run_after=2024-09-02 00:00:00+00:00
[2024-10-05T22:31:20.567+0000] {processor.py:208} INFO - Processing /opt/airflow/dags/dag_extract_dolar.py took 0.261 seconds
[2024-10-05T22:31:50.792+0000] {processor.py:186} INFO - Started process (PID=3053) to work on /opt/airflow/dags/dag_extract_dolar.py
[2024-10-05T22:31:50.794+0000] {processor.py:914} INFO - Processing file /opt/airflow/dags/dag_extract_dolar.py for tasks to queue
[2024-10-05T22:31:50.795+0000] {logging_mixin.py:190} INFO - [2024-10-05T22:31:50.795+0000] {dagbag.py:588} INFO - Filling up the DagBag from /opt/airflow/dags/dag_extract_dolar.py
[2024-10-05T22:31:50.956+0000] {processor.py:925} INFO - DAG(s) 'Extract_dolar_to_minio' retrieved from /opt/airflow/dags/dag_extract_dolar.py
[2024-10-05T22:31:50.980+0000] {logging_mixin.py:190} INFO - [2024-10-05T22:31:50.980+0000] {dag.py:3239} INFO - Sync 1 DAGs
[2024-10-05T22:31:51.006+0000] {logging_mixin.py:190} INFO - [2024-10-05T22:31:51.006+0000] {dag.py:4180} INFO - Setting next_dagrun for Extract_dolar_to_minio to 2024-09-01 00:00:00+00:00, run_after=2024-09-02 00:00:00+00:00
[2024-10-05T22:31:51.023+0000] {processor.py:208} INFO - Processing /opt/airflow/dags/dag_extract_dolar.py took 0.239 seconds
[2024-10-05T22:32:21.218+0000] {processor.py:186} INFO - Started process (PID=3060) to work on /opt/airflow/dags/dag_extract_dolar.py
[2024-10-05T22:32:21.222+0000] {processor.py:914} INFO - Processing file /opt/airflow/dags/dag_extract_dolar.py for tasks to queue
[2024-10-05T22:32:21.223+0000] {logging_mixin.py:190} INFO - [2024-10-05T22:32:21.222+0000] {dagbag.py:588} INFO - Filling up the DagBag from /opt/airflow/dags/dag_extract_dolar.py
[2024-10-05T22:32:21.386+0000] {processor.py:925} INFO - DAG(s) 'Extract_dolar_to_minio' retrieved from /opt/airflow/dags/dag_extract_dolar.py
[2024-10-05T22:32:21.410+0000] {logging_mixin.py:190} INFO - [2024-10-05T22:32:21.410+0000] {dag.py:3239} INFO - Sync 1 DAGs
[2024-10-05T22:32:21.434+0000] {logging_mixin.py:190} INFO - [2024-10-05T22:32:21.434+0000] {dag.py:4180} INFO - Setting next_dagrun for Extract_dolar_to_minio to 2024-09-01 00:00:00+00:00, run_after=2024-09-02 00:00:00+00:00
[2024-10-05T22:32:21.449+0000] {processor.py:208} INFO - Processing /opt/airflow/dags/dag_extract_dolar.py took 0.239 seconds
[2024-10-05T22:32:51.646+0000] {processor.py:186} INFO - Started process (PID=3067) to work on /opt/airflow/dags/dag_extract_dolar.py
[2024-10-05T22:32:51.647+0000] {processor.py:914} INFO - Processing file /opt/airflow/dags/dag_extract_dolar.py for tasks to queue
[2024-10-05T22:32:51.648+0000] {logging_mixin.py:190} INFO - [2024-10-05T22:32:51.648+0000] {dagbag.py:588} INFO - Filling up the DagBag from /opt/airflow/dags/dag_extract_dolar.py
[2024-10-05T22:32:51.812+0000] {processor.py:925} INFO - DAG(s) 'Extract_dolar_to_minio' retrieved from /opt/airflow/dags/dag_extract_dolar.py
[2024-10-05T22:32:51.837+0000] {logging_mixin.py:190} INFO - [2024-10-05T22:32:51.836+0000] {dag.py:3239} INFO - Sync 1 DAGs
[2024-10-05T22:32:51.862+0000] {logging_mixin.py:190} INFO - [2024-10-05T22:32:51.862+0000] {dag.py:4180} INFO - Setting next_dagrun for Extract_dolar_to_minio to 2024-09-01 00:00:00+00:00, run_after=2024-09-02 00:00:00+00:00
[2024-10-05T22:32:51.878+0000] {processor.py:208} INFO - Processing /opt/airflow/dags/dag_extract_dolar.py took 0.239 seconds
[2024-10-05T22:33:22.126+0000] {processor.py:186} INFO - Started process (PID=3074) to work on /opt/airflow/dags/dag_extract_dolar.py
[2024-10-05T22:33:22.128+0000] {processor.py:914} INFO - Processing file /opt/airflow/dags/dag_extract_dolar.py for tasks to queue
[2024-10-05T22:33:22.129+0000] {logging_mixin.py:190} INFO - [2024-10-05T22:33:22.129+0000] {dagbag.py:588} INFO - Filling up the DagBag from /opt/airflow/dags/dag_extract_dolar.py
[2024-10-05T22:33:22.294+0000] {processor.py:925} INFO - DAG(s) 'Extract_dolar_to_minio' retrieved from /opt/airflow/dags/dag_extract_dolar.py
[2024-10-05T22:33:22.319+0000] {logging_mixin.py:190} INFO - [2024-10-05T22:33:22.318+0000] {dag.py:3239} INFO - Sync 1 DAGs
[2024-10-05T22:33:22.341+0000] {logging_mixin.py:190} INFO - [2024-10-05T22:33:22.340+0000] {dag.py:4180} INFO - Setting next_dagrun for Extract_dolar_to_minio to 2024-09-01 00:00:00+00:00, run_after=2024-09-02 00:00:00+00:00
[2024-10-05T22:33:22.356+0000] {processor.py:208} INFO - Processing /opt/airflow/dags/dag_extract_dolar.py took 0.240 seconds
[2024-10-05T22:33:52.398+0000] {processor.py:186} INFO - Started process (PID=3081) to work on /opt/airflow/dags/dag_extract_dolar.py
[2024-10-05T22:33:52.399+0000] {processor.py:914} INFO - Processing file /opt/airflow/dags/dag_extract_dolar.py for tasks to queue
[2024-10-05T22:33:52.401+0000] {logging_mixin.py:190} INFO - [2024-10-05T22:33:52.401+0000] {dagbag.py:588} INFO - Filling up the DagBag from /opt/airflow/dags/dag_extract_dolar.py
[2024-10-05T22:33:52.578+0000] {processor.py:925} INFO - DAG(s) 'Extract_dolar_to_minio' retrieved from /opt/airflow/dags/dag_extract_dolar.py
[2024-10-05T22:33:52.603+0000] {logging_mixin.py:190} INFO - [2024-10-05T22:33:52.603+0000] {dag.py:3239} INFO - Sync 1 DAGs
[2024-10-05T22:33:52.626+0000] {logging_mixin.py:190} INFO - [2024-10-05T22:33:52.626+0000] {dag.py:4180} INFO - Setting next_dagrun for Extract_dolar_to_minio to 2024-09-01 00:00:00+00:00, run_after=2024-09-02 00:00:00+00:00
[2024-10-05T22:33:52.643+0000] {processor.py:208} INFO - Processing /opt/airflow/dags/dag_extract_dolar.py took 0.253 seconds
[2024-10-05T22:34:22.788+0000] {processor.py:186} INFO - Started process (PID=3088) to work on /opt/airflow/dags/dag_extract_dolar.py
[2024-10-05T22:34:22.789+0000] {processor.py:914} INFO - Processing file /opt/airflow/dags/dag_extract_dolar.py for tasks to queue
[2024-10-05T22:34:22.790+0000] {logging_mixin.py:190} INFO - [2024-10-05T22:34:22.790+0000] {dagbag.py:588} INFO - Filling up the DagBag from /opt/airflow/dags/dag_extract_dolar.py
[2024-10-05T22:34:22.959+0000] {processor.py:925} INFO - DAG(s) 'Extract_dolar_to_minio' retrieved from /opt/airflow/dags/dag_extract_dolar.py
[2024-10-05T22:34:22.983+0000] {logging_mixin.py:190} INFO - [2024-10-05T22:34:22.983+0000] {dag.py:3239} INFO - Sync 1 DAGs
[2024-10-05T22:34:23.006+0000] {logging_mixin.py:190} INFO - [2024-10-05T22:34:23.005+0000] {dag.py:4180} INFO - Setting next_dagrun for Extract_dolar_to_minio to 2024-09-01 00:00:00+00:00, run_after=2024-09-02 00:00:00+00:00
[2024-10-05T22:34:23.021+0000] {processor.py:208} INFO - Processing /opt/airflow/dags/dag_extract_dolar.py took 0.239 seconds
[2024-10-05T22:34:53.066+0000] {processor.py:186} INFO - Started process (PID=3095) to work on /opt/airflow/dags/dag_extract_dolar.py
[2024-10-05T22:34:53.068+0000] {processor.py:914} INFO - Processing file /opt/airflow/dags/dag_extract_dolar.py for tasks to queue
[2024-10-05T22:34:53.069+0000] {logging_mixin.py:190} INFO - [2024-10-05T22:34:53.068+0000] {dagbag.py:588} INFO - Filling up the DagBag from /opt/airflow/dags/dag_extract_dolar.py
[2024-10-05T22:34:53.232+0000] {processor.py:925} INFO - DAG(s) 'Extract_dolar_to_minio' retrieved from /opt/airflow/dags/dag_extract_dolar.py
[2024-10-05T22:34:53.256+0000] {logging_mixin.py:190} INFO - [2024-10-05T22:34:53.256+0000] {dag.py:3239} INFO - Sync 1 DAGs
[2024-10-05T22:34:53.280+0000] {logging_mixin.py:190} INFO - [2024-10-05T22:34:53.279+0000] {dag.py:4180} INFO - Setting next_dagrun for Extract_dolar_to_minio to 2024-09-01 00:00:00+00:00, run_after=2024-09-02 00:00:00+00:00
[2024-10-05T22:34:53.298+0000] {processor.py:208} INFO - Processing /opt/airflow/dags/dag_extract_dolar.py took 0.240 seconds
[2024-10-05T22:35:23.456+0000] {processor.py:186} INFO - Started process (PID=3102) to work on /opt/airflow/dags/dag_extract_dolar.py
[2024-10-05T22:35:23.457+0000] {processor.py:914} INFO - Processing file /opt/airflow/dags/dag_extract_dolar.py for tasks to queue
[2024-10-05T22:35:23.459+0000] {logging_mixin.py:190} INFO - [2024-10-05T22:35:23.458+0000] {dagbag.py:588} INFO - Filling up the DagBag from /opt/airflow/dags/dag_extract_dolar.py
[2024-10-05T22:35:23.623+0000] {processor.py:925} INFO - DAG(s) 'Extract_dolar_to_minio' retrieved from /opt/airflow/dags/dag_extract_dolar.py
[2024-10-05T22:35:23.647+0000] {logging_mixin.py:190} INFO - [2024-10-05T22:35:23.647+0000] {dag.py:3239} INFO - Sync 1 DAGs
[2024-10-05T22:35:23.671+0000] {logging_mixin.py:190} INFO - [2024-10-05T22:35:23.670+0000] {dag.py:4180} INFO - Setting next_dagrun for Extract_dolar_to_minio to 2024-09-01 00:00:00+00:00, run_after=2024-09-02 00:00:00+00:00
[2024-10-05T22:35:23.687+0000] {processor.py:208} INFO - Processing /opt/airflow/dags/dag_extract_dolar.py took 0.237 seconds
[2024-10-05T22:35:53.867+0000] {processor.py:186} INFO - Started process (PID=3109) to work on /opt/airflow/dags/dag_extract_dolar.py
[2024-10-05T22:35:53.868+0000] {processor.py:914} INFO - Processing file /opt/airflow/dags/dag_extract_dolar.py for tasks to queue
[2024-10-05T22:35:53.869+0000] {logging_mixin.py:190} INFO - [2024-10-05T22:35:53.869+0000] {dagbag.py:588} INFO - Filling up the DagBag from /opt/airflow/dags/dag_extract_dolar.py
[2024-10-05T22:35:54.042+0000] {processor.py:925} INFO - DAG(s) 'Extract_dolar_to_minio' retrieved from /opt/airflow/dags/dag_extract_dolar.py
[2024-10-05T22:35:54.069+0000] {logging_mixin.py:190} INFO - [2024-10-05T22:35:54.069+0000] {dag.py:3239} INFO - Sync 1 DAGs
[2024-10-05T22:35:54.094+0000] {logging_mixin.py:190} INFO - [2024-10-05T22:35:54.094+0000] {dag.py:4180} INFO - Setting next_dagrun for Extract_dolar_to_minio to 2024-09-01 00:00:00+00:00, run_after=2024-09-02 00:00:00+00:00
[2024-10-05T22:35:54.112+0000] {processor.py:208} INFO - Processing /opt/airflow/dags/dag_extract_dolar.py took 0.253 seconds
[2024-10-05T22:36:24.280+0000] {processor.py:186} INFO - Started process (PID=3116) to work on /opt/airflow/dags/dag_extract_dolar.py
[2024-10-05T22:36:24.281+0000] {processor.py:914} INFO - Processing file /opt/airflow/dags/dag_extract_dolar.py for tasks to queue
[2024-10-05T22:36:24.282+0000] {logging_mixin.py:190} INFO - [2024-10-05T22:36:24.282+0000] {dagbag.py:588} INFO - Filling up the DagBag from /opt/airflow/dags/dag_extract_dolar.py
[2024-10-05T22:36:24.473+0000] {processor.py:925} INFO - DAG(s) 'Extract_dolar_to_minio' retrieved from /opt/airflow/dags/dag_extract_dolar.py
[2024-10-05T22:36:24.499+0000] {logging_mixin.py:190} INFO - [2024-10-05T22:36:24.499+0000] {dag.py:3239} INFO - Sync 1 DAGs
[2024-10-05T22:36:24.524+0000] {logging_mixin.py:190} INFO - [2024-10-05T22:36:24.524+0000] {dag.py:4180} INFO - Setting next_dagrun for Extract_dolar_to_minio to 2024-09-01 00:00:00+00:00, run_after=2024-09-02 00:00:00+00:00
[2024-10-05T22:36:24.541+0000] {processor.py:208} INFO - Processing /opt/airflow/dags/dag_extract_dolar.py took 0.268 seconds
[2024-10-05T22:36:54.745+0000] {processor.py:186} INFO - Started process (PID=3123) to work on /opt/airflow/dags/dag_extract_dolar.py
[2024-10-05T22:36:54.746+0000] {processor.py:914} INFO - Processing file /opt/airflow/dags/dag_extract_dolar.py for tasks to queue
[2024-10-05T22:36:54.747+0000] {logging_mixin.py:190} INFO - [2024-10-05T22:36:54.747+0000] {dagbag.py:588} INFO - Filling up the DagBag from /opt/airflow/dags/dag_extract_dolar.py
[2024-10-05T22:36:54.941+0000] {processor.py:925} INFO - DAG(s) 'Extract_dolar_to_minio' retrieved from /opt/airflow/dags/dag_extract_dolar.py
[2024-10-05T22:36:54.967+0000] {logging_mixin.py:190} INFO - [2024-10-05T22:36:54.967+0000] {dag.py:3239} INFO - Sync 1 DAGs
[2024-10-05T22:36:54.992+0000] {logging_mixin.py:190} INFO - [2024-10-05T22:36:54.991+0000] {dag.py:4180} INFO - Setting next_dagrun for Extract_dolar_to_minio to 2024-09-01 00:00:00+00:00, run_after=2024-09-02 00:00:00+00:00
[2024-10-05T22:36:55.008+0000] {processor.py:208} INFO - Processing /opt/airflow/dags/dag_extract_dolar.py took 0.271 seconds
[2024-10-05T22:37:25.229+0000] {processor.py:186} INFO - Started process (PID=3130) to work on /opt/airflow/dags/dag_extract_dolar.py
[2024-10-05T22:37:25.230+0000] {processor.py:914} INFO - Processing file /opt/airflow/dags/dag_extract_dolar.py for tasks to queue
[2024-10-05T22:37:25.231+0000] {logging_mixin.py:190} INFO - [2024-10-05T22:37:25.231+0000] {dagbag.py:588} INFO - Filling up the DagBag from /opt/airflow/dags/dag_extract_dolar.py
[2024-10-05T22:37:25.410+0000] {processor.py:925} INFO - DAG(s) 'Extract_dolar_to_minio' retrieved from /opt/airflow/dags/dag_extract_dolar.py
[2024-10-05T22:37:25.436+0000] {logging_mixin.py:190} INFO - [2024-10-05T22:37:25.435+0000] {dag.py:3239} INFO - Sync 1 DAGs
[2024-10-05T22:37:25.460+0000] {logging_mixin.py:190} INFO - [2024-10-05T22:37:25.459+0000] {dag.py:4180} INFO - Setting next_dagrun for Extract_dolar_to_minio to 2024-09-01 00:00:00+00:00, run_after=2024-09-02 00:00:00+00:00
[2024-10-05T22:37:25.479+0000] {processor.py:208} INFO - Processing /opt/airflow/dags/dag_extract_dolar.py took 0.256 seconds
[2024-10-05T22:37:55.686+0000] {processor.py:186} INFO - Started process (PID=3137) to work on /opt/airflow/dags/dag_extract_dolar.py
[2024-10-05T22:37:55.687+0000] {processor.py:914} INFO - Processing file /opt/airflow/dags/dag_extract_dolar.py for tasks to queue
[2024-10-05T22:37:55.688+0000] {logging_mixin.py:190} INFO - [2024-10-05T22:37:55.688+0000] {dagbag.py:588} INFO - Filling up the DagBag from /opt/airflow/dags/dag_extract_dolar.py
[2024-10-05T22:37:55.859+0000] {processor.py:925} INFO - DAG(s) 'Extract_dolar_to_minio' retrieved from /opt/airflow/dags/dag_extract_dolar.py
[2024-10-05T22:37:55.883+0000] {logging_mixin.py:190} INFO - [2024-10-05T22:37:55.883+0000] {dag.py:3239} INFO - Sync 1 DAGs
[2024-10-05T22:37:55.906+0000] {logging_mixin.py:190} INFO - [2024-10-05T22:37:55.906+0000] {dag.py:4180} INFO - Setting next_dagrun for Extract_dolar_to_minio to 2024-09-01 00:00:00+00:00, run_after=2024-09-02 00:00:00+00:00
[2024-10-05T22:37:55.922+0000] {processor.py:208} INFO - Processing /opt/airflow/dags/dag_extract_dolar.py took 0.243 seconds
[2024-10-05T22:38:26.107+0000] {processor.py:186} INFO - Started process (PID=3144) to work on /opt/airflow/dags/dag_extract_dolar.py
[2024-10-05T22:38:26.108+0000] {processor.py:914} INFO - Processing file /opt/airflow/dags/dag_extract_dolar.py for tasks to queue
[2024-10-05T22:38:26.110+0000] {logging_mixin.py:190} INFO - [2024-10-05T22:38:26.109+0000] {dagbag.py:588} INFO - Filling up the DagBag from /opt/airflow/dags/dag_extract_dolar.py
[2024-10-05T22:38:26.278+0000] {processor.py:925} INFO - DAG(s) 'Extract_dolar_to_minio' retrieved from /opt/airflow/dags/dag_extract_dolar.py
[2024-10-05T22:38:26.303+0000] {logging_mixin.py:190} INFO - [2024-10-05T22:38:26.303+0000] {dag.py:3239} INFO - Sync 1 DAGs
[2024-10-05T22:38:26.325+0000] {logging_mixin.py:190} INFO - [2024-10-05T22:38:26.325+0000] {dag.py:4180} INFO - Setting next_dagrun for Extract_dolar_to_minio to 2024-09-01 00:00:00+00:00, run_after=2024-09-02 00:00:00+00:00
[2024-10-05T22:38:26.343+0000] {processor.py:208} INFO - Processing /opt/airflow/dags/dag_extract_dolar.py took 0.242 seconds
[2024-10-05T22:38:56.590+0000] {processor.py:186} INFO - Started process (PID=3151) to work on /opt/airflow/dags/dag_extract_dolar.py
[2024-10-05T22:38:56.591+0000] {processor.py:914} INFO - Processing file /opt/airflow/dags/dag_extract_dolar.py for tasks to queue
[2024-10-05T22:38:56.593+0000] {logging_mixin.py:190} INFO - [2024-10-05T22:38:56.592+0000] {dagbag.py:588} INFO - Filling up the DagBag from /opt/airflow/dags/dag_extract_dolar.py
[2024-10-05T22:38:56.763+0000] {processor.py:925} INFO - DAG(s) 'Extract_dolar_to_minio' retrieved from /opt/airflow/dags/dag_extract_dolar.py
[2024-10-05T22:38:56.789+0000] {logging_mixin.py:190} INFO - [2024-10-05T22:38:56.788+0000] {dag.py:3239} INFO - Sync 1 DAGs
[2024-10-05T22:38:56.815+0000] {logging_mixin.py:190} INFO - [2024-10-05T22:38:56.814+0000] {dag.py:4180} INFO - Setting next_dagrun for Extract_dolar_to_minio to 2024-09-01 00:00:00+00:00, run_after=2024-09-02 00:00:00+00:00
[2024-10-05T22:38:56.837+0000] {processor.py:208} INFO - Processing /opt/airflow/dags/dag_extract_dolar.py took 0.255 seconds
[2024-10-05T22:39:27.046+0000] {processor.py:186} INFO - Started process (PID=3158) to work on /opt/airflow/dags/dag_extract_dolar.py
[2024-10-05T22:39:27.048+0000] {processor.py:914} INFO - Processing file /opt/airflow/dags/dag_extract_dolar.py for tasks to queue
[2024-10-05T22:39:27.050+0000] {logging_mixin.py:190} INFO - [2024-10-05T22:39:27.049+0000] {dagbag.py:588} INFO - Filling up the DagBag from /opt/airflow/dags/dag_extract_dolar.py
[2024-10-05T22:39:27.217+0000] {processor.py:925} INFO - DAG(s) 'Extract_dolar_to_minio' retrieved from /opt/airflow/dags/dag_extract_dolar.py
[2024-10-05T22:39:27.248+0000] {logging_mixin.py:190} INFO - [2024-10-05T22:39:27.248+0000] {dag.py:3239} INFO - Sync 1 DAGs
[2024-10-05T22:39:27.272+0000] {logging_mixin.py:190} INFO - [2024-10-05T22:39:27.271+0000] {dag.py:4180} INFO - Setting next_dagrun for Extract_dolar_to_minio to 2024-09-01 00:00:00+00:00, run_after=2024-09-02 00:00:00+00:00
[2024-10-05T22:39:27.287+0000] {processor.py:208} INFO - Processing /opt/airflow/dags/dag_extract_dolar.py took 0.250 seconds
[2024-10-05T22:39:57.457+0000] {processor.py:186} INFO - Started process (PID=3165) to work on /opt/airflow/dags/dag_extract_dolar.py
[2024-10-05T22:39:57.458+0000] {processor.py:914} INFO - Processing file /opt/airflow/dags/dag_extract_dolar.py for tasks to queue
[2024-10-05T22:39:57.460+0000] {logging_mixin.py:190} INFO - [2024-10-05T22:39:57.459+0000] {dagbag.py:588} INFO - Filling up the DagBag from /opt/airflow/dags/dag_extract_dolar.py
[2024-10-05T22:39:57.638+0000] {processor.py:925} INFO - DAG(s) 'Extract_dolar_to_minio' retrieved from /opt/airflow/dags/dag_extract_dolar.py
[2024-10-05T22:39:57.669+0000] {logging_mixin.py:190} INFO - [2024-10-05T22:39:57.668+0000] {dag.py:3239} INFO - Sync 1 DAGs
[2024-10-05T22:39:57.692+0000] {logging_mixin.py:190} INFO - [2024-10-05T22:39:57.692+0000] {dag.py:4180} INFO - Setting next_dagrun for Extract_dolar_to_minio to 2024-09-01 00:00:00+00:00, run_after=2024-09-02 00:00:00+00:00
[2024-10-05T22:39:57.709+0000] {processor.py:208} INFO - Processing /opt/airflow/dags/dag_extract_dolar.py took 0.261 seconds
[2024-10-05T22:40:27.869+0000] {processor.py:186} INFO - Started process (PID=3172) to work on /opt/airflow/dags/dag_extract_dolar.py
[2024-10-05T22:40:27.871+0000] {processor.py:914} INFO - Processing file /opt/airflow/dags/dag_extract_dolar.py for tasks to queue
[2024-10-05T22:40:27.872+0000] {logging_mixin.py:190} INFO - [2024-10-05T22:40:27.871+0000] {dagbag.py:588} INFO - Filling up the DagBag from /opt/airflow/dags/dag_extract_dolar.py
[2024-10-05T22:40:28.042+0000] {processor.py:925} INFO - DAG(s) 'Extract_dolar_to_minio' retrieved from /opt/airflow/dags/dag_extract_dolar.py
[2024-10-05T22:40:28.067+0000] {logging_mixin.py:190} INFO - [2024-10-05T22:40:28.067+0000] {dag.py:3239} INFO - Sync 1 DAGs
[2024-10-05T22:40:28.092+0000] {logging_mixin.py:190} INFO - [2024-10-05T22:40:28.092+0000] {dag.py:4180} INFO - Setting next_dagrun for Extract_dolar_to_minio to 2024-09-01 00:00:00+00:00, run_after=2024-09-02 00:00:00+00:00
[2024-10-05T22:40:28.109+0000] {processor.py:208} INFO - Processing /opt/airflow/dags/dag_extract_dolar.py took 0.246 seconds
[2024-10-05T22:40:58.340+0000] {processor.py:186} INFO - Started process (PID=3179) to work on /opt/airflow/dags/dag_extract_dolar.py
[2024-10-05T22:40:58.341+0000] {processor.py:914} INFO - Processing file /opt/airflow/dags/dag_extract_dolar.py for tasks to queue
[2024-10-05T22:40:58.342+0000] {logging_mixin.py:190} INFO - [2024-10-05T22:40:58.342+0000] {dagbag.py:588} INFO - Filling up the DagBag from /opt/airflow/dags/dag_extract_dolar.py
[2024-10-05T22:40:58.528+0000] {processor.py:925} INFO - DAG(s) 'Extract_dolar_to_minio' retrieved from /opt/airflow/dags/dag_extract_dolar.py
[2024-10-05T22:40:58.560+0000] {logging_mixin.py:190} INFO - [2024-10-05T22:40:58.560+0000] {dag.py:3239} INFO - Sync 1 DAGs
[2024-10-05T22:40:58.590+0000] {logging_mixin.py:190} INFO - [2024-10-05T22:40:58.590+0000] {dag.py:4180} INFO - Setting next_dagrun for Extract_dolar_to_minio to 2024-09-01 00:00:00+00:00, run_after=2024-09-02 00:00:00+00:00
[2024-10-05T22:40:58.611+0000] {processor.py:208} INFO - Processing /opt/airflow/dags/dag_extract_dolar.py took 0.278 seconds
[2024-10-05T22:41:28.808+0000] {processor.py:186} INFO - Started process (PID=3186) to work on /opt/airflow/dags/dag_extract_dolar.py
[2024-10-05T22:41:28.809+0000] {processor.py:914} INFO - Processing file /opt/airflow/dags/dag_extract_dolar.py for tasks to queue
[2024-10-05T22:41:28.810+0000] {logging_mixin.py:190} INFO - [2024-10-05T22:41:28.810+0000] {dagbag.py:588} INFO - Filling up the DagBag from /opt/airflow/dags/dag_extract_dolar.py
[2024-10-05T22:41:28.973+0000] {processor.py:925} INFO - DAG(s) 'Extract_dolar_to_minio' retrieved from /opt/airflow/dags/dag_extract_dolar.py
[2024-10-05T22:41:28.999+0000] {logging_mixin.py:190} INFO - [2024-10-05T22:41:28.999+0000] {dag.py:3239} INFO - Sync 1 DAGs
[2024-10-05T22:41:29.023+0000] {logging_mixin.py:190} INFO - [2024-10-05T22:41:29.023+0000] {dag.py:4180} INFO - Setting next_dagrun for Extract_dolar_to_minio to 2024-09-01 00:00:00+00:00, run_after=2024-09-02 00:00:00+00:00
[2024-10-05T22:41:29.047+0000] {processor.py:208} INFO - Processing /opt/airflow/dags/dag_extract_dolar.py took 0.245 seconds
[2024-10-05T22:41:59.225+0000] {processor.py:186} INFO - Started process (PID=3193) to work on /opt/airflow/dags/dag_extract_dolar.py
[2024-10-05T22:41:59.226+0000] {processor.py:914} INFO - Processing file /opt/airflow/dags/dag_extract_dolar.py for tasks to queue
[2024-10-05T22:41:59.227+0000] {logging_mixin.py:190} INFO - [2024-10-05T22:41:59.227+0000] {dagbag.py:588} INFO - Filling up the DagBag from /opt/airflow/dags/dag_extract_dolar.py
[2024-10-05T22:41:59.406+0000] {processor.py:925} INFO - DAG(s) 'Extract_dolar_to_minio' retrieved from /opt/airflow/dags/dag_extract_dolar.py
[2024-10-05T22:41:59.432+0000] {logging_mixin.py:190} INFO - [2024-10-05T22:41:59.431+0000] {dag.py:3239} INFO - Sync 1 DAGs
[2024-10-05T22:41:59.457+0000] {logging_mixin.py:190} INFO - [2024-10-05T22:41:59.457+0000] {dag.py:4180} INFO - Setting next_dagrun for Extract_dolar_to_minio to 2024-09-01 00:00:00+00:00, run_after=2024-09-02 00:00:00+00:00
[2024-10-05T22:41:59.474+0000] {processor.py:208} INFO - Processing /opt/airflow/dags/dag_extract_dolar.py took 0.256 seconds
[2024-10-05T22:42:29.680+0000] {processor.py:186} INFO - Started process (PID=3200) to work on /opt/airflow/dags/dag_extract_dolar.py
[2024-10-05T22:42:29.682+0000] {processor.py:914} INFO - Processing file /opt/airflow/dags/dag_extract_dolar.py for tasks to queue
[2024-10-05T22:42:29.683+0000] {logging_mixin.py:190} INFO - [2024-10-05T22:42:29.683+0000] {dagbag.py:588} INFO - Filling up the DagBag from /opt/airflow/dags/dag_extract_dolar.py
[2024-10-05T22:42:29.884+0000] {processor.py:925} INFO - DAG(s) 'Extract_dolar_to_minio' retrieved from /opt/airflow/dags/dag_extract_dolar.py
[2024-10-05T22:42:29.908+0000] {logging_mixin.py:190} INFO - [2024-10-05T22:42:29.908+0000] {dag.py:3239} INFO - Sync 1 DAGs
[2024-10-05T22:42:29.959+0000] {logging_mixin.py:190} INFO - [2024-10-05T22:42:29.958+0000] {dag.py:4180} INFO - Setting next_dagrun for Extract_dolar_to_minio to 2024-09-01 00:00:00+00:00, run_after=2024-09-02 00:00:00+00:00
[2024-10-05T22:42:29.987+0000] {processor.py:208} INFO - Processing /opt/airflow/dags/dag_extract_dolar.py took 0.312 seconds
[2024-10-05T22:43:00.180+0000] {processor.py:186} INFO - Started process (PID=3207) to work on /opt/airflow/dags/dag_extract_dolar.py
[2024-10-05T22:43:00.181+0000] {processor.py:914} INFO - Processing file /opt/airflow/dags/dag_extract_dolar.py for tasks to queue
[2024-10-05T22:43:00.182+0000] {logging_mixin.py:190} INFO - [2024-10-05T22:43:00.182+0000] {dagbag.py:588} INFO - Filling up the DagBag from /opt/airflow/dags/dag_extract_dolar.py
[2024-10-05T22:43:00.350+0000] {processor.py:925} INFO - DAG(s) 'Extract_dolar_to_minio' retrieved from /opt/airflow/dags/dag_extract_dolar.py
[2024-10-05T22:43:00.375+0000] {logging_mixin.py:190} INFO - [2024-10-05T22:43:00.375+0000] {dag.py:3239} INFO - Sync 1 DAGs
[2024-10-05T22:43:00.399+0000] {logging_mixin.py:190} INFO - [2024-10-05T22:43:00.398+0000] {dag.py:4180} INFO - Setting next_dagrun for Extract_dolar_to_minio to 2024-09-01 00:00:00+00:00, run_after=2024-09-02 00:00:00+00:00
[2024-10-05T22:43:00.420+0000] {processor.py:208} INFO - Processing /opt/airflow/dags/dag_extract_dolar.py took 0.247 seconds
[2024-10-05T22:43:30.614+0000] {processor.py:186} INFO - Started process (PID=3214) to work on /opt/airflow/dags/dag_extract_dolar.py
[2024-10-05T22:43:30.615+0000] {processor.py:914} INFO - Processing file /opt/airflow/dags/dag_extract_dolar.py for tasks to queue
[2024-10-05T22:43:30.618+0000] {logging_mixin.py:190} INFO - [2024-10-05T22:43:30.618+0000] {dagbag.py:588} INFO - Filling up the DagBag from /opt/airflow/dags/dag_extract_dolar.py
[2024-10-05T22:43:30.781+0000] {processor.py:925} INFO - DAG(s) 'Extract_dolar_to_minio' retrieved from /opt/airflow/dags/dag_extract_dolar.py
[2024-10-05T22:43:30.806+0000] {logging_mixin.py:190} INFO - [2024-10-05T22:43:30.806+0000] {dag.py:3239} INFO - Sync 1 DAGs
[2024-10-05T22:43:30.834+0000] {logging_mixin.py:190} INFO - [2024-10-05T22:43:30.834+0000] {dag.py:4180} INFO - Setting next_dagrun for Extract_dolar_to_minio to 2024-09-01 00:00:00+00:00, run_after=2024-09-02 00:00:00+00:00
[2024-10-05T22:43:30.850+0000] {processor.py:208} INFO - Processing /opt/airflow/dags/dag_extract_dolar.py took 0.248 seconds
[2024-10-05T22:44:01.027+0000] {processor.py:186} INFO - Started process (PID=3221) to work on /opt/airflow/dags/dag_extract_dolar.py
[2024-10-05T22:44:01.028+0000] {processor.py:914} INFO - Processing file /opt/airflow/dags/dag_extract_dolar.py for tasks to queue
[2024-10-05T22:44:01.029+0000] {logging_mixin.py:190} INFO - [2024-10-05T22:44:01.029+0000] {dagbag.py:588} INFO - Filling up the DagBag from /opt/airflow/dags/dag_extract_dolar.py
[2024-10-05T22:44:01.193+0000] {processor.py:925} INFO - DAG(s) 'Extract_dolar_to_minio' retrieved from /opt/airflow/dags/dag_extract_dolar.py
[2024-10-05T22:44:01.220+0000] {logging_mixin.py:190} INFO - [2024-10-05T22:44:01.220+0000] {dag.py:3239} INFO - Sync 1 DAGs
[2024-10-05T22:44:01.243+0000] {logging_mixin.py:190} INFO - [2024-10-05T22:44:01.243+0000] {dag.py:4180} INFO - Setting next_dagrun for Extract_dolar_to_minio to 2024-09-01 00:00:00+00:00, run_after=2024-09-02 00:00:00+00:00
[2024-10-05T22:44:01.264+0000] {processor.py:208} INFO - Processing /opt/airflow/dags/dag_extract_dolar.py took 0.244 seconds
[2024-10-05T22:44:31.514+0000] {processor.py:186} INFO - Started process (PID=3228) to work on /opt/airflow/dags/dag_extract_dolar.py
[2024-10-05T22:44:31.516+0000] {processor.py:914} INFO - Processing file /opt/airflow/dags/dag_extract_dolar.py for tasks to queue
[2024-10-05T22:44:31.517+0000] {logging_mixin.py:190} INFO - [2024-10-05T22:44:31.517+0000] {dagbag.py:588} INFO - Filling up the DagBag from /opt/airflow/dags/dag_extract_dolar.py
[2024-10-05T22:44:31.682+0000] {processor.py:925} INFO - DAG(s) 'Extract_dolar_to_minio' retrieved from /opt/airflow/dags/dag_extract_dolar.py
[2024-10-05T22:44:31.707+0000] {logging_mixin.py:190} INFO - [2024-10-05T22:44:31.707+0000] {dag.py:3239} INFO - Sync 1 DAGs
[2024-10-05T22:44:31.730+0000] {logging_mixin.py:190} INFO - [2024-10-05T22:44:31.730+0000] {dag.py:4180} INFO - Setting next_dagrun for Extract_dolar_to_minio to 2024-09-01 00:00:00+00:00, run_after=2024-09-02 00:00:00+00:00
[2024-10-05T22:44:31.746+0000] {processor.py:208} INFO - Processing /opt/airflow/dags/dag_extract_dolar.py took 0.238 seconds
[2024-10-05T22:45:01.979+0000] {processor.py:186} INFO - Started process (PID=3235) to work on /opt/airflow/dags/dag_extract_dolar.py
[2024-10-05T22:45:01.980+0000] {processor.py:914} INFO - Processing file /opt/airflow/dags/dag_extract_dolar.py for tasks to queue
[2024-10-05T22:45:01.981+0000] {logging_mixin.py:190} INFO - [2024-10-05T22:45:01.981+0000] {dagbag.py:588} INFO - Filling up the DagBag from /opt/airflow/dags/dag_extract_dolar.py
[2024-10-05T22:45:02.143+0000] {processor.py:925} INFO - DAG(s) 'Extract_dolar_to_minio' retrieved from /opt/airflow/dags/dag_extract_dolar.py
[2024-10-05T22:45:02.168+0000] {logging_mixin.py:190} INFO - [2024-10-05T22:45:02.168+0000] {dag.py:3239} INFO - Sync 1 DAGs
[2024-10-05T22:45:02.191+0000] {logging_mixin.py:190} INFO - [2024-10-05T22:45:02.191+0000] {dag.py:4180} INFO - Setting next_dagrun for Extract_dolar_to_minio to 2024-09-01 00:00:00+00:00, run_after=2024-09-02 00:00:00+00:00
[2024-10-05T22:45:02.211+0000] {processor.py:208} INFO - Processing /opt/airflow/dags/dag_extract_dolar.py took 0.238 seconds
[2024-10-05T22:45:32.456+0000] {processor.py:186} INFO - Started process (PID=3242) to work on /opt/airflow/dags/dag_extract_dolar.py
[2024-10-05T22:45:32.457+0000] {processor.py:914} INFO - Processing file /opt/airflow/dags/dag_extract_dolar.py for tasks to queue
[2024-10-05T22:45:32.458+0000] {logging_mixin.py:190} INFO - [2024-10-05T22:45:32.458+0000] {dagbag.py:588} INFO - Filling up the DagBag from /opt/airflow/dags/dag_extract_dolar.py
[2024-10-05T22:45:32.622+0000] {processor.py:925} INFO - DAG(s) 'Extract_dolar_to_minio' retrieved from /opt/airflow/dags/dag_extract_dolar.py
[2024-10-05T22:45:32.647+0000] {logging_mixin.py:190} INFO - [2024-10-05T22:45:32.646+0000] {dag.py:3239} INFO - Sync 1 DAGs
[2024-10-05T22:45:32.671+0000] {logging_mixin.py:190} INFO - [2024-10-05T22:45:32.671+0000] {dag.py:4180} INFO - Setting next_dagrun for Extract_dolar_to_minio to 2024-09-01 00:00:00+00:00, run_after=2024-09-02 00:00:00+00:00
[2024-10-05T22:45:32.689+0000] {processor.py:208} INFO - Processing /opt/airflow/dags/dag_extract_dolar.py took 0.242 seconds
[2024-10-05T22:46:02.913+0000] {processor.py:186} INFO - Started process (PID=3249) to work on /opt/airflow/dags/dag_extract_dolar.py
[2024-10-05T22:46:02.915+0000] {processor.py:914} INFO - Processing file /opt/airflow/dags/dag_extract_dolar.py for tasks to queue
[2024-10-05T22:46:02.916+0000] {logging_mixin.py:190} INFO - [2024-10-05T22:46:02.916+0000] {dagbag.py:588} INFO - Filling up the DagBag from /opt/airflow/dags/dag_extract_dolar.py
[2024-10-05T22:46:03.079+0000] {processor.py:925} INFO - DAG(s) 'Extract_dolar_to_minio' retrieved from /opt/airflow/dags/dag_extract_dolar.py
[2024-10-05T22:46:03.104+0000] {logging_mixin.py:190} INFO - [2024-10-05T22:46:03.103+0000] {dag.py:3239} INFO - Sync 1 DAGs
[2024-10-05T22:46:03.127+0000] {logging_mixin.py:190} INFO - [2024-10-05T22:46:03.127+0000] {dag.py:4180} INFO - Setting next_dagrun for Extract_dolar_to_minio to 2024-09-01 00:00:00+00:00, run_after=2024-09-02 00:00:00+00:00
[2024-10-05T22:46:03.142+0000] {processor.py:208} INFO - Processing /opt/airflow/dags/dag_extract_dolar.py took 0.245 seconds
[2024-10-05T22:46:33.321+0000] {processor.py:186} INFO - Started process (PID=3256) to work on /opt/airflow/dags/dag_extract_dolar.py
[2024-10-05T22:46:33.322+0000] {processor.py:914} INFO - Processing file /opt/airflow/dags/dag_extract_dolar.py for tasks to queue
[2024-10-05T22:46:33.323+0000] {logging_mixin.py:190} INFO - [2024-10-05T22:46:33.323+0000] {dagbag.py:588} INFO - Filling up the DagBag from /opt/airflow/dags/dag_extract_dolar.py
[2024-10-05T22:46:33.498+0000] {processor.py:925} INFO - DAG(s) 'Extract_dolar_to_minio' retrieved from /opt/airflow/dags/dag_extract_dolar.py
[2024-10-05T22:46:33.524+0000] {logging_mixin.py:190} INFO - [2024-10-05T22:46:33.524+0000] {dag.py:3239} INFO - Sync 1 DAGs
[2024-10-05T22:46:33.548+0000] {logging_mixin.py:190} INFO - [2024-10-05T22:46:33.547+0000] {dag.py:4180} INFO - Setting next_dagrun for Extract_dolar_to_minio to 2024-09-01 00:00:00+00:00, run_after=2024-09-02 00:00:00+00:00
[2024-10-05T22:46:33.565+0000] {processor.py:208} INFO - Processing /opt/airflow/dags/dag_extract_dolar.py took 0.251 seconds
[2024-10-05T22:47:03.766+0000] {processor.py:186} INFO - Started process (PID=3263) to work on /opt/airflow/dags/dag_extract_dolar.py
[2024-10-05T22:47:03.767+0000] {processor.py:914} INFO - Processing file /opt/airflow/dags/dag_extract_dolar.py for tasks to queue
[2024-10-05T22:47:03.770+0000] {logging_mixin.py:190} INFO - [2024-10-05T22:47:03.769+0000] {dagbag.py:588} INFO - Filling up the DagBag from /opt/airflow/dags/dag_extract_dolar.py
[2024-10-05T22:47:03.956+0000] {processor.py:925} INFO - DAG(s) 'Extract_dolar_to_minio' retrieved from /opt/airflow/dags/dag_extract_dolar.py
[2024-10-05T22:47:03.985+0000] {logging_mixin.py:190} INFO - [2024-10-05T22:47:03.985+0000] {dag.py:3239} INFO - Sync 1 DAGs
[2024-10-05T22:47:04.010+0000] {logging_mixin.py:190} INFO - [2024-10-05T22:47:04.010+0000] {dag.py:4180} INFO - Setting next_dagrun for Extract_dolar_to_minio to 2024-09-01 00:00:00+00:00, run_after=2024-09-02 00:00:00+00:00
[2024-10-05T22:47:04.028+0000] {processor.py:208} INFO - Processing /opt/airflow/dags/dag_extract_dolar.py took 0.270 seconds
[2024-10-05T22:47:34.197+0000] {processor.py:186} INFO - Started process (PID=3270) to work on /opt/airflow/dags/dag_extract_dolar.py
[2024-10-05T22:47:34.198+0000] {processor.py:914} INFO - Processing file /opt/airflow/dags/dag_extract_dolar.py for tasks to queue
[2024-10-05T22:47:34.202+0000] {logging_mixin.py:190} INFO - [2024-10-05T22:47:34.201+0000] {dagbag.py:588} INFO - Filling up the DagBag from /opt/airflow/dags/dag_extract_dolar.py
[2024-10-05T22:47:34.397+0000] {processor.py:925} INFO - DAG(s) 'Extract_dolar_to_minio' retrieved from /opt/airflow/dags/dag_extract_dolar.py
[2024-10-05T22:47:34.420+0000] {logging_mixin.py:190} INFO - [2024-10-05T22:47:34.420+0000] {dag.py:3239} INFO - Sync 1 DAGs
[2024-10-05T22:47:34.445+0000] {logging_mixin.py:190} INFO - [2024-10-05T22:47:34.444+0000] {dag.py:4180} INFO - Setting next_dagrun for Extract_dolar_to_minio to 2024-09-01 00:00:00+00:00, run_after=2024-09-02 00:00:00+00:00
[2024-10-05T22:47:34.463+0000] {processor.py:208} INFO - Processing /opt/airflow/dags/dag_extract_dolar.py took 0.273 seconds
[2024-10-05T22:48:04.609+0000] {processor.py:186} INFO - Started process (PID=3277) to work on /opt/airflow/dags/dag_extract_dolar.py
[2024-10-05T22:48:04.610+0000] {processor.py:914} INFO - Processing file /opt/airflow/dags/dag_extract_dolar.py for tasks to queue
[2024-10-05T22:48:04.612+0000] {logging_mixin.py:190} INFO - [2024-10-05T22:48:04.611+0000] {dagbag.py:588} INFO - Filling up the DagBag from /opt/airflow/dags/dag_extract_dolar.py
[2024-10-05T22:48:04.785+0000] {processor.py:925} INFO - DAG(s) 'Extract_dolar_to_minio' retrieved from /opt/airflow/dags/dag_extract_dolar.py
[2024-10-05T22:48:04.810+0000] {logging_mixin.py:190} INFO - [2024-10-05T22:48:04.810+0000] {dag.py:3239} INFO - Sync 1 DAGs
[2024-10-05T22:48:04.834+0000] {logging_mixin.py:190} INFO - [2024-10-05T22:48:04.833+0000] {dag.py:4180} INFO - Setting next_dagrun for Extract_dolar_to_minio to 2024-09-01 00:00:00+00:00, run_after=2024-09-02 00:00:00+00:00
[2024-10-05T22:48:04.849+0000] {processor.py:208} INFO - Processing /opt/airflow/dags/dag_extract_dolar.py took 0.247 seconds
[2024-10-05T22:48:35.004+0000] {processor.py:186} INFO - Started process (PID=3284) to work on /opt/airflow/dags/dag_extract_dolar.py
[2024-10-05T22:48:35.005+0000] {processor.py:914} INFO - Processing file /opt/airflow/dags/dag_extract_dolar.py for tasks to queue
[2024-10-05T22:48:35.006+0000] {logging_mixin.py:190} INFO - [2024-10-05T22:48:35.006+0000] {dagbag.py:588} INFO - Filling up the DagBag from /opt/airflow/dags/dag_extract_dolar.py
[2024-10-05T22:48:35.169+0000] {processor.py:925} INFO - DAG(s) 'Extract_dolar_to_minio' retrieved from /opt/airflow/dags/dag_extract_dolar.py
[2024-10-05T22:48:35.195+0000] {logging_mixin.py:190} INFO - [2024-10-05T22:48:35.195+0000] {dag.py:3239} INFO - Sync 1 DAGs
[2024-10-05T22:48:35.229+0000] {logging_mixin.py:190} INFO - [2024-10-05T22:48:35.229+0000] {dag.py:4180} INFO - Setting next_dagrun for Extract_dolar_to_minio to 2024-09-01 00:00:00+00:00, run_after=2024-09-02 00:00:00+00:00
[2024-10-05T22:48:35.248+0000] {processor.py:208} INFO - Processing /opt/airflow/dags/dag_extract_dolar.py took 0.250 seconds
