[2024-10-05T22:20:12.409+0000] {local_task_job_runner.py:123} INFO - ::group::Pre task execution logs
[2024-10-05T22:20:12.429+0000] {taskinstance.py:2612} INFO - Dependencies all met for dep_context=non-requeueable deps ti=<TaskInstance: Extract_dolar_to_minio.extract_dolar_context scheduled__2024-10-01T00:00:00+00:00 [queued]>
[2024-10-05T22:20:12.439+0000] {taskinstance.py:2612} INFO - Dependencies all met for dep_context=requeueable deps ti=<TaskInstance: Extract_dolar_to_minio.extract_dolar_context scheduled__2024-10-01T00:00:00+00:00 [queued]>
[2024-10-05T22:20:12.439+0000] {taskinstance.py:2865} INFO - Starting attempt 1 of 1
[2024-10-05T22:20:12.499+0000] {taskinstance.py:2888} INFO - Executing <Task(PythonOperator): extract_dolar_context> on 2024-10-01 00:00:00+00:00
[2024-10-05T22:20:12.510+0000] {warnings.py:112} WARNING - /home/***/.local/lib/python3.12/site-packages/***/task/task_runner/standard_task_runner.py:70: DeprecationWarning: This process (pid=4945) is multi-threaded, use of fork() may lead to deadlocks in the child.
  pid = os.fork()

[2024-10-05T22:20:12.512+0000] {standard_task_runner.py:72} INFO - Started process 4950 to run task
[2024-10-05T22:20:12.509+0000] {standard_task_runner.py:104} INFO - Running: ['***', 'tasks', 'run', 'Extract_dolar_to_minio', 'extract_dolar_context', 'scheduled__2024-10-01T00:00:00+00:00', '--job-id', '15905', '--raw', '--subdir', 'DAGS_FOLDER/dag_extract_dolar.py', '--cfg-path', '/tmp/tmpo_v6wmc6']
[2024-10-05T22:20:12.514+0000] {standard_task_runner.py:105} INFO - Job 15905: Subtask extract_dolar_context
[2024-10-05T22:20:12.566+0000] {task_command.py:467} INFO - Running <TaskInstance: Extract_dolar_to_minio.extract_dolar_context scheduled__2024-10-01T00:00:00+00:00 [running]> on host b93c95755c8e
[2024-10-05T22:20:12.662+0000] {taskinstance.py:3131} INFO - Exporting env vars: AIRFLOW_CTX_DAG_OWNER='***' AIRFLOW_CTX_DAG_ID='Extract_dolar_to_minio' AIRFLOW_CTX_TASK_ID='extract_dolar_context' AIRFLOW_CTX_EXECUTION_DATE='2024-10-01T00:00:00+00:00' AIRFLOW_CTX_TRY_NUMBER='1' AIRFLOW_CTX_DAG_RUN_ID='scheduled__2024-10-01T00:00:00+00:00'
[2024-10-05T22:20:12.664+0000] {taskinstance.py:731} INFO - ::endgroup::
[2024-10-05T22:20:13.566+0000] {logging_mixin.py:190} INFO - Sucesso na requisição - <Response [200]>
[2024-10-05T22:20:13.566+0000] {logging_mixin.py:190} INFO - 
Dados extraídos na data: 2024-10-05 22:20:13.566951
[2024-10-05T22:20:13.567+0000] {logging_mixin.py:190} INFO - {
    "@odata.context": "https://was-p.bcnet.bcb.gov.br/olinda/servico/PTAX/versao/v1/odata$metadata#_CotacaoDolarDia(cotacaoCompra,cotacaoVenda,dataHoraCotacao)",
    "value": [
        {
            "cotacaoCompra": 5.4515,
            "cotacaoVenda": 5.4521,
            "dataHoraCotacao": "2024-10-01 13:10:02.0"
        }
    ]
}
[2024-10-05T22:20:13.567+0000] {python.py:240} INFO - Done. Returned value was: {'@odata.context': 'https://was-p.bcnet.bcb.gov.br/olinda/servico/PTAX/versao/v1/odata$metadata#_CotacaoDolarDia(cotacaoCompra,cotacaoVenda,dataHoraCotacao)', 'value': [{'cotacaoCompra': 5.4515, 'cotacaoVenda': 5.4521, 'dataHoraCotacao': '2024-10-01 13:10:02.0'}]}
[2024-10-05T22:20:13.589+0000] {taskinstance.py:340} INFO - ::group::Post task execution logs
[2024-10-05T22:20:13.589+0000] {taskinstance.py:352} INFO - Marking task as SUCCESS. dag_id=Extract_dolar_to_minio, task_id=extract_dolar_context, run_id=scheduled__2024-10-01T00:00:00+00:00, execution_date=20241001T000000, start_date=20241005T222012, end_date=20241005T222013
[2024-10-05T22:20:13.612+0000] {local_task_job_runner.py:266} INFO - Task exited with return code 0
[2024-10-05T22:20:13.621+0000] {local_task_job_runner.py:245} INFO - ::endgroup::
