[2024-10-05T22:19:52.203+0000] {local_task_job_runner.py:123} INFO - ::group::Pre task execution logs
[2024-10-05T22:19:52.219+0000] {taskinstance.py:2612} INFO - Dependencies all met for dep_context=non-requeueable deps ti=<TaskInstance: Extract_dolar_to_minio.load_dolar scheduled__2024-09-16T00:00:00+00:00 [queued]>
[2024-10-05T22:19:52.229+0000] {taskinstance.py:2612} INFO - Dependencies all met for dep_context=requeueable deps ti=<TaskInstance: Extract_dolar_to_minio.load_dolar scheduled__2024-09-16T00:00:00+00:00 [queued]>
[2024-10-05T22:19:52.230+0000] {taskinstance.py:2865} INFO - Starting attempt 1 of 1
[2024-10-05T22:19:52.243+0000] {taskinstance.py:2888} INFO - Executing <Task(PythonOperator): load_dolar> on 2024-09-16 00:00:00+00:00
[2024-10-05T22:19:52.248+0000] {warnings.py:112} WARNING - /home/***/.local/lib/python3.12/site-packages/***/task/task_runner/standard_task_runner.py:70: DeprecationWarning: This process (pid=4847) is multi-threaded, use of fork() may lead to deadlocks in the child.
  pid = os.fork()

[2024-10-05T22:19:52.250+0000] {standard_task_runner.py:72} INFO - Started process 4852 to run task
[2024-10-05T22:19:52.252+0000] {standard_task_runner.py:104} INFO - Running: ['***', 'tasks', 'run', 'Extract_dolar_to_minio', 'load_dolar', 'scheduled__2024-09-16T00:00:00+00:00', '--job-id', '15876', '--raw', '--subdir', 'DAGS_FOLDER/dag_extract_dolar.py', '--cfg-path', '/tmp/tmpt_xu_1v9']
[2024-10-05T22:19:52.253+0000] {standard_task_runner.py:105} INFO - Job 15876: Subtask load_dolar
[2024-10-05T22:19:52.298+0000] {task_command.py:467} INFO - Running <TaskInstance: Extract_dolar_to_minio.load_dolar scheduled__2024-09-16T00:00:00+00:00 [running]> on host b93c95755c8e
[2024-10-05T22:19:52.408+0000] {taskinstance.py:3131} INFO - Exporting env vars: AIRFLOW_CTX_DAG_OWNER='***' AIRFLOW_CTX_DAG_ID='Extract_dolar_to_minio' AIRFLOW_CTX_TASK_ID='load_dolar' AIRFLOW_CTX_EXECUTION_DATE='2024-09-16T00:00:00+00:00' AIRFLOW_CTX_TRY_NUMBER='1' AIRFLOW_CTX_DAG_RUN_ID='scheduled__2024-09-16T00:00:00+00:00'
[2024-10-05T22:19:52.409+0000] {taskinstance.py:731} INFO - ::endgroup::
[2024-10-05T22:19:52.423+0000] {logging_mixin.py:190} INFO - Iniciando Conex達o com o MinIO
[2024-10-05T22:19:52.424+0000] {logging_mixin.py:190} INFO - Conex達o com o MinIO realizada com sucesso
[2024-10-05T22:19:52.436+0000] {logging_mixin.py:190} INFO - Buckets Encontrados: [Bucket('dolar-bucket-bronze')]
[2024-10-05T22:19:52.437+0000] {logging_mixin.py:190} INFO - Iniciando Conex達o com o MinIO
[2024-10-05T22:19:52.437+0000] {logging_mixin.py:190} INFO - Conex達o com o MinIO realizada com sucesso
[2024-10-05T22:19:52.446+0000] {logging_mixin.py:190} INFO - Arquivo 'cotacao09-16-2024' enviado com sucesso para o bucket 'dolar-bucket-bronze'!
[2024-10-05T22:19:52.447+0000] {python.py:240} INFO - Done. Returned value was: None
[2024-10-05T22:19:52.456+0000] {taskinstance.py:340} INFO - ::group::Post task execution logs
[2024-10-05T22:19:52.456+0000] {taskinstance.py:352} INFO - Marking task as SUCCESS. dag_id=Extract_dolar_to_minio, task_id=load_dolar, run_id=scheduled__2024-09-16T00:00:00+00:00, execution_date=20240916T000000, start_date=20241005T221952, end_date=20241005T221952
[2024-10-05T22:19:52.506+0000] {local_task_job_runner.py:266} INFO - Task exited with return code 0
[2024-10-05T22:19:52.515+0000] {local_task_job_runner.py:245} INFO - ::endgroup::
