[2024-10-05T22:20:05.227+0000] {local_task_job_runner.py:123} INFO - ::group::Pre task execution logs
[2024-10-05T22:20:05.247+0000] {taskinstance.py:2612} INFO - Dependencies all met for dep_context=non-requeueable deps ti=<TaskInstance: Extract_dolar_to_minio.load_dolar scheduled__2024-09-23T00:00:00+00:00 [queued]>
[2024-10-05T22:20:05.258+0000] {taskinstance.py:2612} INFO - Dependencies all met for dep_context=requeueable deps ti=<TaskInstance: Extract_dolar_to_minio.load_dolar scheduled__2024-09-23T00:00:00+00:00 [queued]>
[2024-10-05T22:20:05.259+0000] {taskinstance.py:2865} INFO - Starting attempt 1 of 1
[2024-10-05T22:20:05.275+0000] {taskinstance.py:2888} INFO - Executing <Task(PythonOperator): load_dolar> on 2024-09-23 00:00:00+00:00
[2024-10-05T22:20:05.280+0000] {warnings.py:112} WARNING - /home/***/.local/lib/python3.12/site-packages/***/task/task_runner/standard_task_runner.py:70: DeprecationWarning: This process (pid=4922) is multi-threaded, use of fork() may lead to deadlocks in the child.
  pid = os.fork()

[2024-10-05T22:20:05.282+0000] {standard_task_runner.py:72} INFO - Started process 4927 to run task
[2024-10-05T22:20:05.282+0000] {standard_task_runner.py:104} INFO - Running: ['***', 'tasks', 'run', 'Extract_dolar_to_minio', 'load_dolar', 'scheduled__2024-09-23T00:00:00+00:00', '--job-id', '15901', '--raw', '--subdir', 'DAGS_FOLDER/dag_extract_dolar.py', '--cfg-path', '/tmp/tmpt_pyhfuu']
[2024-10-05T22:20:05.284+0000] {standard_task_runner.py:105} INFO - Job 15901: Subtask load_dolar
[2024-10-05T22:20:05.327+0000] {task_command.py:467} INFO - Running <TaskInstance: Extract_dolar_to_minio.load_dolar scheduled__2024-09-23T00:00:00+00:00 [running]> on host b93c95755c8e
[2024-10-05T22:20:05.423+0000] {taskinstance.py:3131} INFO - Exporting env vars: AIRFLOW_CTX_DAG_OWNER='***' AIRFLOW_CTX_DAG_ID='Extract_dolar_to_minio' AIRFLOW_CTX_TASK_ID='load_dolar' AIRFLOW_CTX_EXECUTION_DATE='2024-09-23T00:00:00+00:00' AIRFLOW_CTX_TRY_NUMBER='1' AIRFLOW_CTX_DAG_RUN_ID='scheduled__2024-09-23T00:00:00+00:00'
[2024-10-05T22:20:05.424+0000] {taskinstance.py:731} INFO - ::endgroup::
[2024-10-05T22:20:05.438+0000] {logging_mixin.py:190} INFO - Iniciando Conex達o com o MinIO
[2024-10-05T22:20:05.439+0000] {logging_mixin.py:190} INFO - Conex達o com o MinIO realizada com sucesso
[2024-10-05T22:20:05.452+0000] {logging_mixin.py:190} INFO - Buckets Encontrados: [Bucket('dolar-bucket-bronze')]
[2024-10-05T22:20:05.453+0000] {logging_mixin.py:190} INFO - Iniciando Conex達o com o MinIO
[2024-10-05T22:20:05.454+0000] {logging_mixin.py:190} INFO - Conex達o com o MinIO realizada com sucesso
[2024-10-05T22:20:05.463+0000] {logging_mixin.py:190} INFO - Arquivo 'cotacao09-23-2024' enviado com sucesso para o bucket 'dolar-bucket-bronze'!
[2024-10-05T22:20:05.464+0000] {python.py:240} INFO - Done. Returned value was: None
[2024-10-05T22:20:05.475+0000] {taskinstance.py:340} INFO - ::group::Post task execution logs
[2024-10-05T22:20:05.475+0000] {taskinstance.py:352} INFO - Marking task as SUCCESS. dag_id=Extract_dolar_to_minio, task_id=load_dolar, run_id=scheduled__2024-09-23T00:00:00+00:00, execution_date=20240923T000000, start_date=20241005T222005, end_date=20241005T222005
[2024-10-05T22:20:05.497+0000] {local_task_job_runner.py:266} INFO - Task exited with return code 0
[2024-10-05T22:20:05.515+0000] {taskinstance.py:3900} INFO - 0 downstream tasks scheduled from follow-on schedule check
[2024-10-05T22:20:05.517+0000] {local_task_job_runner.py:245} INFO - ::endgroup::
