[2024-11-08T22:56:13.037+0000] {processor.py:186} INFO - Started process (PID=457) to work on /opt/airflow/dags/cotacao_dolar_dag.py
[2024-11-08T22:56:13.038+0000] {processor.py:914} INFO - Processing file /opt/airflow/dags/cotacao_dolar_dag.py for tasks to queue
[2024-11-08T22:56:13.042+0000] {logging_mixin.py:190} INFO - [2024-11-08T22:56:13.041+0000] {dagbag.py:588} INFO - Filling up the DagBag from /opt/airflow/dags/cotacao_dolar_dag.py
[2024-11-08T22:56:13.053+0000] {processor.py:925} INFO - DAG(s) 'cotacao_dolar_full' retrieved from /opt/airflow/dags/cotacao_dolar_dag.py
[2024-11-08T22:56:13.074+0000] {logging_mixin.py:190} INFO - [2024-11-08T22:56:13.074+0000] {dag.py:3239} INFO - Sync 1 DAGs
[2024-11-08T22:56:13.100+0000] {logging_mixin.py:190} INFO - [2024-11-08T22:56:13.100+0000] {dag.py:4180} INFO - Setting next_dagrun for cotacao_dolar_full to 2024-11-07 00:00:00+00:00, run_after=2024-11-08 00:00:00+00:00
[2024-11-08T22:56:13.118+0000] {processor.py:208} INFO - Processing /opt/airflow/dags/cotacao_dolar_dag.py took 0.088 seconds
[2024-11-08T22:56:43.677+0000] {processor.py:186} INFO - Started process (PID=468) to work on /opt/airflow/dags/cotacao_dolar_dag.py
[2024-11-08T22:56:43.681+0000] {processor.py:914} INFO - Processing file /opt/airflow/dags/cotacao_dolar_dag.py for tasks to queue
[2024-11-08T22:56:43.684+0000] {logging_mixin.py:190} INFO - [2024-11-08T22:56:43.684+0000] {dagbag.py:588} INFO - Filling up the DagBag from /opt/airflow/dags/cotacao_dolar_dag.py
[2024-11-08T22:56:43.769+0000] {processor.py:925} INFO - DAG(s) 'cotacao_dolar_full' retrieved from /opt/airflow/dags/cotacao_dolar_dag.py
[2024-11-08T22:56:43.850+0000] {logging_mixin.py:190} INFO - [2024-11-08T22:56:43.849+0000] {dag.py:3239} INFO - Sync 1 DAGs
[2024-11-08T22:56:43.896+0000] {logging_mixin.py:190} INFO - [2024-11-08T22:56:43.896+0000] {dag.py:4180} INFO - Setting next_dagrun for cotacao_dolar_full to 2024-11-07 00:00:00+00:00, run_after=2024-11-08 00:00:00+00:00
[2024-11-08T22:56:43.923+0000] {processor.py:208} INFO - Processing /opt/airflow/dags/cotacao_dolar_dag.py took 0.289 seconds
[2024-11-08T22:57:13.961+0000] {processor.py:186} INFO - Started process (PID=478) to work on /opt/airflow/dags/cotacao_dolar_dag.py
[2024-11-08T22:57:13.962+0000] {processor.py:914} INFO - Processing file /opt/airflow/dags/cotacao_dolar_dag.py for tasks to queue
[2024-11-08T22:57:13.965+0000] {logging_mixin.py:190} INFO - [2024-11-08T22:57:13.964+0000] {dagbag.py:588} INFO - Filling up the DagBag from /opt/airflow/dags/cotacao_dolar_dag.py
[2024-11-08T22:57:13.977+0000] {processor.py:925} INFO - DAG(s) 'cotacao_dolar_full' retrieved from /opt/airflow/dags/cotacao_dolar_dag.py
[2024-11-08T22:57:13.999+0000] {logging_mixin.py:190} INFO - [2024-11-08T22:57:13.999+0000] {dag.py:3239} INFO - Sync 1 DAGs
[2024-11-08T22:57:14.028+0000] {logging_mixin.py:190} INFO - [2024-11-08T22:57:14.028+0000] {dag.py:4180} INFO - Setting next_dagrun for cotacao_dolar_full to 2024-11-07 00:00:00+00:00, run_after=2024-11-08 00:00:00+00:00
[2024-11-08T22:57:14.220+0000] {processor.py:208} INFO - Processing /opt/airflow/dags/cotacao_dolar_dag.py took 0.266 seconds
[2024-11-08T22:57:44.719+0000] {processor.py:186} INFO - Started process (PID=488) to work on /opt/airflow/dags/cotacao_dolar_dag.py
[2024-11-08T22:57:44.720+0000] {processor.py:914} INFO - Processing file /opt/airflow/dags/cotacao_dolar_dag.py for tasks to queue
[2024-11-08T22:57:44.723+0000] {logging_mixin.py:190} INFO - [2024-11-08T22:57:44.722+0000] {dagbag.py:588} INFO - Filling up the DagBag from /opt/airflow/dags/cotacao_dolar_dag.py
[2024-11-08T22:57:44.733+0000] {processor.py:925} INFO - DAG(s) 'cotacao_dolar_full' retrieved from /opt/airflow/dags/cotacao_dolar_dag.py
[2024-11-08T22:57:44.753+0000] {logging_mixin.py:190} INFO - [2024-11-08T22:57:44.753+0000] {dag.py:3239} INFO - Sync 1 DAGs
[2024-11-08T22:57:44.921+0000] {logging_mixin.py:190} INFO - [2024-11-08T22:57:44.921+0000] {dag.py:4180} INFO - Setting next_dagrun for cotacao_dolar_full to 2024-11-07 00:00:00+00:00, run_after=2024-11-08 00:00:00+00:00
[2024-11-08T22:57:44.938+0000] {processor.py:208} INFO - Processing /opt/airflow/dags/cotacao_dolar_dag.py took 0.225 seconds
[2024-11-08T22:58:15.207+0000] {processor.py:186} INFO - Started process (PID=498) to work on /opt/airflow/dags/cotacao_dolar_dag.py
[2024-11-08T22:58:15.208+0000] {processor.py:914} INFO - Processing file /opt/airflow/dags/cotacao_dolar_dag.py for tasks to queue
[2024-11-08T22:58:15.211+0000] {logging_mixin.py:190} INFO - [2024-11-08T22:58:15.211+0000] {dagbag.py:588} INFO - Filling up the DagBag from /opt/airflow/dags/cotacao_dolar_dag.py
[2024-11-08T22:58:15.269+0000] {processor.py:925} INFO - DAG(s) 'cotacao_dolar_full' retrieved from /opt/airflow/dags/cotacao_dolar_dag.py
[2024-11-08T22:58:15.295+0000] {logging_mixin.py:190} INFO - [2024-11-08T22:58:15.295+0000] {dag.py:3239} INFO - Sync 1 DAGs
[2024-11-08T22:58:15.536+0000] {logging_mixin.py:190} INFO - [2024-11-08T22:58:15.536+0000] {dag.py:4180} INFO - Setting next_dagrun for cotacao_dolar_full to 2024-11-07 00:00:00+00:00, run_after=2024-11-08 00:00:00+00:00
[2024-11-08T22:58:15.552+0000] {processor.py:208} INFO - Processing /opt/airflow/dags/cotacao_dolar_dag.py took 0.352 seconds
