[2024-11-08T22:56:15.415+0000] {processor.py:186} INFO - Started process (PID=459) to work on /opt/airflow/dags/dag_extract_dolar.py
[2024-11-08T22:56:15.416+0000] {processor.py:914} INFO - Processing file /opt/airflow/dags/dag_extract_dolar.py for tasks to queue
[2024-11-08T22:56:15.418+0000] {logging_mixin.py:190} INFO - [2024-11-08T22:56:15.418+0000] {dagbag.py:588} INFO - Filling up the DagBag from /opt/airflow/dags/dag_extract_dolar.py
[2024-11-08T22:56:15.837+0000] {processor.py:925} INFO - DAG(s) 'Extract_dolar_to_minio' retrieved from /opt/airflow/dags/dag_extract_dolar.py
[2024-11-08T22:56:15.857+0000] {logging_mixin.py:190} INFO - [2024-11-08T22:56:15.857+0000] {dag.py:3239} INFO - Sync 1 DAGs
[2024-11-08T22:56:15.879+0000] {logging_mixin.py:190} INFO - [2024-11-08T22:56:15.879+0000] {dag.py:4180} INFO - Setting next_dagrun for Extract_dolar_to_minio to 2024-11-08 00:00:00+00:00, run_after=2024-11-09 00:00:00+00:00
[2024-11-08T22:56:15.897+0000] {processor.py:208} INFO - Processing /opt/airflow/dags/dag_extract_dolar.py took 0.488 seconds
[2024-11-08T22:56:46.722+0000] {processor.py:186} INFO - Started process (PID=470) to work on /opt/airflow/dags/dag_extract_dolar.py
[2024-11-08T22:56:46.724+0000] {processor.py:914} INFO - Processing file /opt/airflow/dags/dag_extract_dolar.py for tasks to queue
[2024-11-08T22:56:46.729+0000] {logging_mixin.py:190} INFO - [2024-11-08T22:56:46.729+0000] {dagbag.py:588} INFO - Filling up the DagBag from /opt/airflow/dags/dag_extract_dolar.py
[2024-11-08T22:56:47.292+0000] {processor.py:925} INFO - DAG(s) 'Extract_dolar_to_minio' retrieved from /opt/airflow/dags/dag_extract_dolar.py
[2024-11-08T22:56:47.313+0000] {logging_mixin.py:190} INFO - [2024-11-08T22:56:47.313+0000] {dag.py:3239} INFO - Sync 1 DAGs
[2024-11-08T22:56:47.338+0000] {logging_mixin.py:190} INFO - [2024-11-08T22:56:47.338+0000] {dag.py:4180} INFO - Setting next_dagrun for Extract_dolar_to_minio to 2024-11-08 00:00:00+00:00, run_after=2024-11-09 00:00:00+00:00
[2024-11-08T22:56:47.356+0000] {processor.py:208} INFO - Processing /opt/airflow/dags/dag_extract_dolar.py took 0.641 seconds
[2024-11-08T22:57:17.506+0000] {processor.py:186} INFO - Started process (PID=480) to work on /opt/airflow/dags/dag_extract_dolar.py
[2024-11-08T22:57:17.508+0000] {processor.py:914} INFO - Processing file /opt/airflow/dags/dag_extract_dolar.py for tasks to queue
[2024-11-08T22:57:17.510+0000] {logging_mixin.py:190} INFO - [2024-11-08T22:57:17.510+0000] {dagbag.py:588} INFO - Filling up the DagBag from /opt/airflow/dags/dag_extract_dolar.py
[2024-11-08T22:57:17.913+0000] {processor.py:925} INFO - DAG(s) 'Extract_dolar_to_minio' retrieved from /opt/airflow/dags/dag_extract_dolar.py
[2024-11-08T22:57:17.933+0000] {logging_mixin.py:190} INFO - [2024-11-08T22:57:17.933+0000] {dag.py:3239} INFO - Sync 1 DAGs
[2024-11-08T22:57:17.953+0000] {logging_mixin.py:190} INFO - [2024-11-08T22:57:17.953+0000] {dag.py:4180} INFO - Setting next_dagrun for Extract_dolar_to_minio to 2024-11-08 00:00:00+00:00, run_after=2024-11-09 00:00:00+00:00
[2024-11-08T22:57:17.969+0000] {processor.py:208} INFO - Processing /opt/airflow/dags/dag_extract_dolar.py took 0.470 seconds
[2024-11-08T22:57:48.024+0000] {processor.py:186} INFO - Started process (PID=490) to work on /opt/airflow/dags/dag_extract_dolar.py
[2024-11-08T22:57:48.025+0000] {processor.py:914} INFO - Processing file /opt/airflow/dags/dag_extract_dolar.py for tasks to queue
[2024-11-08T22:57:48.028+0000] {logging_mixin.py:190} INFO - [2024-11-08T22:57:48.028+0000] {dagbag.py:588} INFO - Filling up the DagBag from /opt/airflow/dags/dag_extract_dolar.py
[2024-11-08T22:57:48.414+0000] {processor.py:925} INFO - DAG(s) 'Extract_dolar_to_minio' retrieved from /opt/airflow/dags/dag_extract_dolar.py
[2024-11-08T22:57:48.435+0000] {logging_mixin.py:190} INFO - [2024-11-08T22:57:48.434+0000] {dag.py:3239} INFO - Sync 1 DAGs
[2024-11-08T22:57:48.456+0000] {logging_mixin.py:190} INFO - [2024-11-08T22:57:48.456+0000] {dag.py:4180} INFO - Setting next_dagrun for Extract_dolar_to_minio to 2024-11-08 00:00:00+00:00, run_after=2024-11-09 00:00:00+00:00
[2024-11-08T22:57:48.472+0000] {processor.py:208} INFO - Processing /opt/airflow/dags/dag_extract_dolar.py took 0.455 seconds
[2024-11-08T22:58:18.611+0000] {processor.py:186} INFO - Started process (PID=500) to work on /opt/airflow/dags/dag_extract_dolar.py
[2024-11-08T22:58:18.614+0000] {processor.py:914} INFO - Processing file /opt/airflow/dags/dag_extract_dolar.py for tasks to queue
[2024-11-08T22:58:18.617+0000] {logging_mixin.py:190} INFO - [2024-11-08T22:58:18.617+0000] {dagbag.py:588} INFO - Filling up the DagBag from /opt/airflow/dags/dag_extract_dolar.py
