[2024-11-08T22:56:15.060+0000] {processor.py:186} INFO - Started process (PID=458) to work on /opt/airflow/dags/transformation.py
[2024-11-08T22:56:15.061+0000] {processor.py:914} INFO - Processing file /opt/airflow/dags/transformation.py for tasks to queue
[2024-11-08T22:56:15.063+0000] {logging_mixin.py:190} INFO - [2024-11-08T22:56:15.063+0000] {dagbag.py:588} INFO - Filling up the DagBag from /opt/airflow/dags/transformation.py
[2024-11-08T22:56:15.075+0000] {processor.py:925} INFO - DAG(s) 'transformacao_dolar_silver' retrieved from /opt/airflow/dags/transformation.py
[2024-11-08T22:56:15.346+0000] {logging_mixin.py:190} INFO - [2024-11-08T22:56:15.346+0000] {dag.py:3239} INFO - Sync 1 DAGs
[2024-11-08T22:56:15.358+0000] {logging_mixin.py:190} INFO - [2024-11-08T22:56:15.358+0000] {dag.py:3262} INFO - Creating ORM DAG for transformacao_dolar_silver
[2024-11-08T22:56:15.367+0000] {logging_mixin.py:190} INFO - [2024-11-08T22:56:15.367+0000] {dag.py:4180} INFO - Setting next_dagrun for transformacao_dolar_silver to 2024-11-07 00:00:00+00:00, run_after=2024-11-08 00:00:00+00:00
[2024-11-08T22:56:15.387+0000] {processor.py:208} INFO - Processing /opt/airflow/dags/transformation.py took 0.334 seconds
[2024-11-08T22:56:45.678+0000] {processor.py:186} INFO - Started process (PID=469) to work on /opt/airflow/dags/transformation.py
[2024-11-08T22:56:45.680+0000] {processor.py:914} INFO - Processing file /opt/airflow/dags/transformation.py for tasks to queue
[2024-11-08T22:56:45.683+0000] {logging_mixin.py:190} INFO - [2024-11-08T22:56:45.683+0000] {dagbag.py:588} INFO - Filling up the DagBag from /opt/airflow/dags/transformation.py
[2024-11-08T22:56:45.703+0000] {processor.py:925} INFO - DAG(s) 'transformacao_dolar_silver' retrieved from /opt/airflow/dags/transformation.py
[2024-11-08T22:56:45.730+0000] {logging_mixin.py:190} INFO - [2024-11-08T22:56:45.730+0000] {dag.py:3239} INFO - Sync 1 DAGs
[2024-11-08T22:56:45.768+0000] {logging_mixin.py:190} INFO - [2024-11-08T22:56:45.767+0000] {dag.py:4180} INFO - Setting next_dagrun for transformacao_dolar_silver to 2024-11-08 00:00:00+00:00, run_after=2024-11-09 00:00:00+00:00
[2024-11-08T22:56:45.790+0000] {processor.py:208} INFO - Processing /opt/airflow/dags/transformation.py took 0.121 seconds
[2024-11-08T22:57:16.250+0000] {processor.py:186} INFO - Started process (PID=479) to work on /opt/airflow/dags/transformation.py
[2024-11-08T22:57:16.251+0000] {processor.py:914} INFO - Processing file /opt/airflow/dags/transformation.py for tasks to queue
[2024-11-08T22:57:16.253+0000] {logging_mixin.py:190} INFO - [2024-11-08T22:57:16.253+0000] {dagbag.py:588} INFO - Filling up the DagBag from /opt/airflow/dags/transformation.py
[2024-11-08T22:57:16.264+0000] {processor.py:925} INFO - DAG(s) 'transformacao_dolar_silver' retrieved from /opt/airflow/dags/transformation.py
[2024-11-08T22:57:16.284+0000] {logging_mixin.py:190} INFO - [2024-11-08T22:57:16.284+0000] {dag.py:3239} INFO - Sync 1 DAGs
[2024-11-08T22:57:16.317+0000] {logging_mixin.py:190} INFO - [2024-11-08T22:57:16.317+0000] {dag.py:4180} INFO - Setting next_dagrun for transformacao_dolar_silver to 2024-11-08 00:00:00+00:00, run_after=2024-11-09 00:00:00+00:00
[2024-11-08T22:57:16.475+0000] {processor.py:208} INFO - Processing /opt/airflow/dags/transformation.py took 0.232 seconds
[2024-11-08T22:57:46.736+0000] {processor.py:186} INFO - Started process (PID=489) to work on /opt/airflow/dags/transformation.py
[2024-11-08T22:57:46.739+0000] {processor.py:914} INFO - Processing file /opt/airflow/dags/transformation.py for tasks to queue
[2024-11-08T22:57:46.741+0000] {logging_mixin.py:190} INFO - [2024-11-08T22:57:46.741+0000] {dagbag.py:588} INFO - Filling up the DagBag from /opt/airflow/dags/transformation.py
[2024-11-08T22:57:46.753+0000] {processor.py:925} INFO - DAG(s) 'transformacao_dolar_silver' retrieved from /opt/airflow/dags/transformation.py
[2024-11-08T22:57:46.774+0000] {logging_mixin.py:190} INFO - [2024-11-08T22:57:46.774+0000] {dag.py:3239} INFO - Sync 1 DAGs
[2024-11-08T22:57:46.971+0000] {logging_mixin.py:190} INFO - [2024-11-08T22:57:46.971+0000] {dag.py:4180} INFO - Setting next_dagrun for transformacao_dolar_silver to 2024-11-08 00:00:00+00:00, run_after=2024-11-09 00:00:00+00:00
[2024-11-08T22:57:46.990+0000] {processor.py:208} INFO - Processing /opt/airflow/dags/transformation.py took 0.260 seconds
[2024-11-08T22:58:17.566+0000] {processor.py:186} INFO - Started process (PID=499) to work on /opt/airflow/dags/transformation.py
[2024-11-08T22:58:17.567+0000] {processor.py:914} INFO - Processing file /opt/airflow/dags/transformation.py for tasks to queue
[2024-11-08T22:58:17.570+0000] {logging_mixin.py:190} INFO - [2024-11-08T22:58:17.569+0000] {dagbag.py:588} INFO - Filling up the DagBag from /opt/airflow/dags/transformation.py
[2024-11-08T22:58:17.581+0000] {processor.py:925} INFO - DAG(s) 'transformacao_dolar_silver' retrieved from /opt/airflow/dags/transformation.py
[2024-11-08T22:58:17.609+0000] {logging_mixin.py:190} INFO - [2024-11-08T22:58:17.609+0000] {dag.py:3239} INFO - Sync 1 DAGs
[2024-11-08T22:58:17.771+0000] {logging_mixin.py:190} INFO - [2024-11-08T22:58:17.771+0000] {dag.py:4180} INFO - Setting next_dagrun for transformacao_dolar_silver to 2024-11-08 00:00:00+00:00, run_after=2024-11-09 00:00:00+00:00
[2024-11-08T22:58:17.787+0000] {processor.py:208} INFO - Processing /opt/airflow/dags/transformation.py took 0.228 seconds
