[2024-11-21T22:46:30.660+0000] {processor.py:186} INFO - Started process (PID=132) to work on /opt/airflow/dags/dag_extract_dolar.py
[2024-11-21T22:46:30.661+0000] {processor.py:914} INFO - Processing file /opt/airflow/dags/dag_extract_dolar.py for tasks to queue
[2024-11-21T22:46:30.663+0000] {logging_mixin.py:190} INFO - [2024-11-21T22:46:30.663+0000] {dagbag.py:588} INFO - Filling up the DagBag from /opt/airflow/dags/dag_extract_dolar.py
[2024-11-21T22:46:31.108+0000] {processor.py:925} INFO - DAG(s) 'cotacao_dolar_to_minio' retrieved from /opt/airflow/dags/dag_extract_dolar.py
[2024-11-21T22:46:31.128+0000] {logging_mixin.py:190} INFO - [2024-11-21T22:46:31.128+0000] {dag.py:3239} INFO - Sync 1 DAGs
[2024-11-21T22:46:31.153+0000] {logging_mixin.py:190} INFO - [2024-11-21T22:46:31.152+0000] {dag.py:4180} INFO - Setting next_dagrun for cotacao_dolar_to_minio to 2024-11-21 00:00:00+00:00, run_after=2024-11-22 00:00:00+00:00
[2024-11-21T22:46:31.168+0000] {processor.py:208} INFO - Processing /opt/airflow/dags/dag_extract_dolar.py took 0.515 seconds
[2024-11-21T22:47:01.333+0000] {processor.py:186} INFO - Started process (PID=140) to work on /opt/airflow/dags/dag_extract_dolar.py
[2024-11-21T22:47:01.343+0000] {processor.py:914} INFO - Processing file /opt/airflow/dags/dag_extract_dolar.py for tasks to queue
[2024-11-21T22:47:01.346+0000] {logging_mixin.py:190} INFO - [2024-11-21T22:47:01.345+0000] {dagbag.py:588} INFO - Filling up the DagBag from /opt/airflow/dags/dag_extract_dolar.py
[2024-11-21T22:47:01.974+0000] {processor.py:925} INFO - DAG(s) 'cotacao_dolar_to_minio' retrieved from /opt/airflow/dags/dag_extract_dolar.py
[2024-11-21T22:47:02.004+0000] {logging_mixin.py:190} INFO - [2024-11-21T22:47:02.004+0000] {dag.py:3239} INFO - Sync 1 DAGs
[2024-11-21T22:47:02.047+0000] {logging_mixin.py:190} INFO - [2024-11-21T22:47:02.046+0000] {dag.py:4180} INFO - Setting next_dagrun for cotacao_dolar_to_minio to 2024-11-21 00:00:00+00:00, run_after=2024-11-22 00:00:00+00:00
[2024-11-21T22:47:02.084+0000] {processor.py:208} INFO - Processing /opt/airflow/dags/dag_extract_dolar.py took 0.757 seconds
[2024-11-21T22:47:32.312+0000] {processor.py:186} INFO - Started process (PID=148) to work on /opt/airflow/dags/dag_extract_dolar.py
[2024-11-21T22:47:32.313+0000] {processor.py:914} INFO - Processing file /opt/airflow/dags/dag_extract_dolar.py for tasks to queue
[2024-11-21T22:47:32.316+0000] {logging_mixin.py:190} INFO - [2024-11-21T22:47:32.315+0000] {dagbag.py:588} INFO - Filling up the DagBag from /opt/airflow/dags/dag_extract_dolar.py
[2024-11-21T22:47:32.838+0000] {processor.py:925} INFO - DAG(s) 'cotacao_dolar_to_minio' retrieved from /opt/airflow/dags/dag_extract_dolar.py
[2024-11-21T22:47:32.859+0000] {logging_mixin.py:190} INFO - [2024-11-21T22:47:32.858+0000] {dag.py:3239} INFO - Sync 1 DAGs
[2024-11-21T22:47:32.885+0000] {logging_mixin.py:190} INFO - [2024-11-21T22:47:32.885+0000] {dag.py:4180} INFO - Setting next_dagrun for cotacao_dolar_to_minio to 2024-11-21 00:00:00+00:00, run_after=2024-11-22 00:00:00+00:00
[2024-11-21T22:47:32.901+0000] {processor.py:208} INFO - Processing /opt/airflow/dags/dag_extract_dolar.py took 0.596 seconds
[2024-11-21T22:48:03.083+0000] {processor.py:186} INFO - Started process (PID=156) to work on /opt/airflow/dags/dag_extract_dolar.py
[2024-11-21T22:48:03.085+0000] {processor.py:914} INFO - Processing file /opt/airflow/dags/dag_extract_dolar.py for tasks to queue
[2024-11-21T22:48:03.088+0000] {logging_mixin.py:190} INFO - [2024-11-21T22:48:03.087+0000] {dagbag.py:588} INFO - Filling up the DagBag from /opt/airflow/dags/dag_extract_dolar.py
[2024-11-21T22:48:03.602+0000] {processor.py:925} INFO - DAG(s) 'cotacao_dolar_to_minio' retrieved from /opt/airflow/dags/dag_extract_dolar.py
[2024-11-21T22:48:03.622+0000] {logging_mixin.py:190} INFO - [2024-11-21T22:48:03.621+0000] {dag.py:3239} INFO - Sync 1 DAGs
[2024-11-21T22:48:03.646+0000] {logging_mixin.py:190} INFO - [2024-11-21T22:48:03.646+0000] {dag.py:4180} INFO - Setting next_dagrun for cotacao_dolar_to_minio to 2024-11-21 00:00:00+00:00, run_after=2024-11-22 00:00:00+00:00
[2024-11-21T22:48:03.666+0000] {processor.py:208} INFO - Processing /opt/airflow/dags/dag_extract_dolar.py took 0.591 seconds
[2024-11-21T22:48:33.873+0000] {processor.py:186} INFO - Started process (PID=164) to work on /opt/airflow/dags/dag_extract_dolar.py
[2024-11-21T22:48:33.873+0000] {processor.py:914} INFO - Processing file /opt/airflow/dags/dag_extract_dolar.py for tasks to queue
[2024-11-21T22:48:33.877+0000] {logging_mixin.py:190} INFO - [2024-11-21T22:48:33.876+0000] {dagbag.py:588} INFO - Filling up the DagBag from /opt/airflow/dags/dag_extract_dolar.py
[2024-11-21T22:48:34.278+0000] {processor.py:925} INFO - DAG(s) 'cotacao_dolar_to_minio' retrieved from /opt/airflow/dags/dag_extract_dolar.py
[2024-11-21T22:48:34.298+0000] {logging_mixin.py:190} INFO - [2024-11-21T22:48:34.298+0000] {dag.py:3239} INFO - Sync 1 DAGs
[2024-11-21T22:48:34.319+0000] {logging_mixin.py:190} INFO - [2024-11-21T22:48:34.319+0000] {dag.py:4180} INFO - Setting next_dagrun for cotacao_dolar_to_minio to 2024-11-21 00:00:00+00:00, run_after=2024-11-22 00:00:00+00:00
[2024-11-21T22:48:34.336+0000] {processor.py:208} INFO - Processing /opt/airflow/dags/dag_extract_dolar.py took 0.470 seconds
[2024-11-21T22:49:04.521+0000] {processor.py:186} INFO - Started process (PID=172) to work on /opt/airflow/dags/dag_extract_dolar.py
[2024-11-21T22:49:04.523+0000] {processor.py:914} INFO - Processing file /opt/airflow/dags/dag_extract_dolar.py for tasks to queue
[2024-11-21T22:49:04.525+0000] {logging_mixin.py:190} INFO - [2024-11-21T22:49:04.525+0000] {dagbag.py:588} INFO - Filling up the DagBag from /opt/airflow/dags/dag_extract_dolar.py
[2024-11-21T22:49:04.958+0000] {processor.py:925} INFO - DAG(s) 'cotacao_dolar_to_minio' retrieved from /opt/airflow/dags/dag_extract_dolar.py
[2024-11-21T22:49:04.975+0000] {logging_mixin.py:190} INFO - [2024-11-21T22:49:04.975+0000] {dag.py:3239} INFO - Sync 1 DAGs
[2024-11-21T22:49:04.998+0000] {logging_mixin.py:190} INFO - [2024-11-21T22:49:04.998+0000] {dag.py:4180} INFO - Setting next_dagrun for cotacao_dolar_to_minio to 2024-11-21 00:00:00+00:00, run_after=2024-11-22 00:00:00+00:00
[2024-11-21T22:49:05.016+0000] {processor.py:208} INFO - Processing /opt/airflow/dags/dag_extract_dolar.py took 0.501 seconds
[2024-11-21T22:49:35.194+0000] {processor.py:186} INFO - Started process (PID=180) to work on /opt/airflow/dags/dag_extract_dolar.py
[2024-11-21T22:49:35.195+0000] {processor.py:914} INFO - Processing file /opt/airflow/dags/dag_extract_dolar.py for tasks to queue
[2024-11-21T22:49:35.197+0000] {logging_mixin.py:190} INFO - [2024-11-21T22:49:35.197+0000] {dagbag.py:588} INFO - Filling up the DagBag from /opt/airflow/dags/dag_extract_dolar.py
[2024-11-21T22:49:35.668+0000] {processor.py:925} INFO - DAG(s) 'cotacao_dolar_to_minio' retrieved from /opt/airflow/dags/dag_extract_dolar.py
[2024-11-21T22:49:35.687+0000] {logging_mixin.py:190} INFO - [2024-11-21T22:49:35.687+0000] {dag.py:3239} INFO - Sync 1 DAGs
[2024-11-21T22:49:35.712+0000] {logging_mixin.py:190} INFO - [2024-11-21T22:49:35.712+0000] {dag.py:4180} INFO - Setting next_dagrun for cotacao_dolar_to_minio to 2024-11-21 00:00:00+00:00, run_after=2024-11-22 00:00:00+00:00
[2024-11-21T22:49:35.728+0000] {processor.py:208} INFO - Processing /opt/airflow/dags/dag_extract_dolar.py took 0.541 seconds
[2024-11-21T22:50:05.914+0000] {processor.py:186} INFO - Started process (PID=188) to work on /opt/airflow/dags/dag_extract_dolar.py
[2024-11-21T22:50:05.916+0000] {processor.py:914} INFO - Processing file /opt/airflow/dags/dag_extract_dolar.py for tasks to queue
[2024-11-21T22:50:05.922+0000] {logging_mixin.py:190} INFO - [2024-11-21T22:50:05.922+0000] {dagbag.py:588} INFO - Filling up the DagBag from /opt/airflow/dags/dag_extract_dolar.py
[2024-11-21T22:50:06.362+0000] {processor.py:925} INFO - DAG(s) 'cotacao_dolar_to_minio' retrieved from /opt/airflow/dags/dag_extract_dolar.py
[2024-11-21T22:50:06.382+0000] {logging_mixin.py:190} INFO - [2024-11-21T22:50:06.382+0000] {dag.py:3239} INFO - Sync 1 DAGs
[2024-11-21T22:50:06.406+0000] {logging_mixin.py:190} INFO - [2024-11-21T22:50:06.405+0000] {dag.py:4180} INFO - Setting next_dagrun for cotacao_dolar_to_minio to 2024-11-21 00:00:00+00:00, run_after=2024-11-22 00:00:00+00:00
[2024-11-21T22:50:06.424+0000] {processor.py:208} INFO - Processing /opt/airflow/dags/dag_extract_dolar.py took 0.517 seconds
[2024-11-21T22:50:36.623+0000] {processor.py:186} INFO - Started process (PID=196) to work on /opt/airflow/dags/dag_extract_dolar.py
[2024-11-21T22:50:36.625+0000] {processor.py:914} INFO - Processing file /opt/airflow/dags/dag_extract_dolar.py for tasks to queue
[2024-11-21T22:50:36.629+0000] {logging_mixin.py:190} INFO - [2024-11-21T22:50:36.628+0000] {dagbag.py:588} INFO - Filling up the DagBag from /opt/airflow/dags/dag_extract_dolar.py
[2024-11-21T22:50:37.072+0000] {processor.py:925} INFO - DAG(s) 'cotacao_dolar_to_minio' retrieved from /opt/airflow/dags/dag_extract_dolar.py
[2024-11-21T22:50:37.090+0000] {logging_mixin.py:190} INFO - [2024-11-21T22:50:37.090+0000] {dag.py:3239} INFO - Sync 1 DAGs
[2024-11-21T22:50:37.115+0000] {logging_mixin.py:190} INFO - [2024-11-21T22:50:37.115+0000] {dag.py:4180} INFO - Setting next_dagrun for cotacao_dolar_to_minio to 2024-11-21 00:00:00+00:00, run_after=2024-11-22 00:00:00+00:00
[2024-11-21T22:50:37.131+0000] {processor.py:208} INFO - Processing /opt/airflow/dags/dag_extract_dolar.py took 0.520 seconds
[2024-11-21T22:51:07.305+0000] {processor.py:186} INFO - Started process (PID=204) to work on /opt/airflow/dags/dag_extract_dolar.py
[2024-11-21T22:51:07.307+0000] {processor.py:914} INFO - Processing file /opt/airflow/dags/dag_extract_dolar.py for tasks to queue
[2024-11-21T22:51:07.309+0000] {logging_mixin.py:190} INFO - [2024-11-21T22:51:07.309+0000] {dagbag.py:588} INFO - Filling up the DagBag from /opt/airflow/dags/dag_extract_dolar.py
[2024-11-21T22:51:07.719+0000] {processor.py:925} INFO - DAG(s) 'cotacao_dolar_to_minio' retrieved from /opt/airflow/dags/dag_extract_dolar.py
[2024-11-21T22:51:07.736+0000] {logging_mixin.py:190} INFO - [2024-11-21T22:51:07.736+0000] {dag.py:3239} INFO - Sync 1 DAGs
[2024-11-21T22:51:07.759+0000] {logging_mixin.py:190} INFO - [2024-11-21T22:51:07.759+0000] {dag.py:4180} INFO - Setting next_dagrun for cotacao_dolar_to_minio to 2024-11-21 00:00:00+00:00, run_after=2024-11-22 00:00:00+00:00
[2024-11-21T22:51:07.778+0000] {processor.py:208} INFO - Processing /opt/airflow/dags/dag_extract_dolar.py took 0.479 seconds
[2024-11-21T22:51:37.986+0000] {processor.py:186} INFO - Started process (PID=212) to work on /opt/airflow/dags/dag_extract_dolar.py
[2024-11-21T22:51:37.987+0000] {processor.py:914} INFO - Processing file /opt/airflow/dags/dag_extract_dolar.py for tasks to queue
[2024-11-21T22:51:37.991+0000] {logging_mixin.py:190} INFO - [2024-11-21T22:51:37.990+0000] {dagbag.py:588} INFO - Filling up the DagBag from /opt/airflow/dags/dag_extract_dolar.py
[2024-11-21T22:51:38.424+0000] {processor.py:925} INFO - DAG(s) 'cotacao_dolar_to_minio' retrieved from /opt/airflow/dags/dag_extract_dolar.py
[2024-11-21T22:51:38.442+0000] {logging_mixin.py:190} INFO - [2024-11-21T22:51:38.442+0000] {dag.py:3239} INFO - Sync 1 DAGs
[2024-11-21T22:51:38.473+0000] {logging_mixin.py:190} INFO - [2024-11-21T22:51:38.472+0000] {dag.py:4180} INFO - Setting next_dagrun for cotacao_dolar_to_minio to 2024-11-21 00:00:00+00:00, run_after=2024-11-22 00:00:00+00:00
[2024-11-21T22:51:38.495+0000] {processor.py:208} INFO - Processing /opt/airflow/dags/dag_extract_dolar.py took 0.515 seconds
[2024-11-21T22:52:08.670+0000] {processor.py:186} INFO - Started process (PID=220) to work on /opt/airflow/dags/dag_extract_dolar.py
[2024-11-21T22:52:08.672+0000] {processor.py:914} INFO - Processing file /opt/airflow/dags/dag_extract_dolar.py for tasks to queue
[2024-11-21T22:52:08.674+0000] {logging_mixin.py:190} INFO - [2024-11-21T22:52:08.674+0000] {dagbag.py:588} INFO - Filling up the DagBag from /opt/airflow/dags/dag_extract_dolar.py
[2024-11-21T22:52:09.105+0000] {processor.py:925} INFO - DAG(s) 'cotacao_dolar_to_minio' retrieved from /opt/airflow/dags/dag_extract_dolar.py
[2024-11-21T22:52:09.125+0000] {logging_mixin.py:190} INFO - [2024-11-21T22:52:09.124+0000] {dag.py:3239} INFO - Sync 1 DAGs
[2024-11-21T22:52:09.148+0000] {logging_mixin.py:190} INFO - [2024-11-21T22:52:09.148+0000] {dag.py:4180} INFO - Setting next_dagrun for cotacao_dolar_to_minio to 2024-11-21 00:00:00+00:00, run_after=2024-11-22 00:00:00+00:00
[2024-11-21T22:52:09.166+0000] {processor.py:208} INFO - Processing /opt/airflow/dags/dag_extract_dolar.py took 0.502 seconds
[2024-11-21T22:52:39.371+0000] {processor.py:186} INFO - Started process (PID=228) to work on /opt/airflow/dags/dag_extract_dolar.py
[2024-11-21T22:52:39.372+0000] {processor.py:914} INFO - Processing file /opt/airflow/dags/dag_extract_dolar.py for tasks to queue
[2024-11-21T22:52:39.375+0000] {logging_mixin.py:190} INFO - [2024-11-21T22:52:39.375+0000] {dagbag.py:588} INFO - Filling up the DagBag from /opt/airflow/dags/dag_extract_dolar.py
[2024-11-21T22:52:39.755+0000] {processor.py:925} INFO - DAG(s) 'cotacao_dolar_to_minio' retrieved from /opt/airflow/dags/dag_extract_dolar.py
[2024-11-21T22:52:39.773+0000] {logging_mixin.py:190} INFO - [2024-11-21T22:52:39.773+0000] {dag.py:3239} INFO - Sync 1 DAGs
[2024-11-21T22:52:39.796+0000] {logging_mixin.py:190} INFO - [2024-11-21T22:52:39.796+0000] {dag.py:4180} INFO - Setting next_dagrun for cotacao_dolar_to_minio to 2024-11-21 00:00:00+00:00, run_after=2024-11-22 00:00:00+00:00
[2024-11-21T22:52:39.812+0000] {processor.py:208} INFO - Processing /opt/airflow/dags/dag_extract_dolar.py took 0.447 seconds
[2024-11-21T22:53:09.988+0000] {processor.py:186} INFO - Started process (PID=236) to work on /opt/airflow/dags/dag_extract_dolar.py
[2024-11-21T22:53:09.989+0000] {processor.py:914} INFO - Processing file /opt/airflow/dags/dag_extract_dolar.py for tasks to queue
[2024-11-21T22:53:09.991+0000] {logging_mixin.py:190} INFO - [2024-11-21T22:53:09.991+0000] {dagbag.py:588} INFO - Filling up the DagBag from /opt/airflow/dags/dag_extract_dolar.py
[2024-11-21T22:53:10.385+0000] {processor.py:925} INFO - DAG(s) 'cotacao_dolar_to_minio' retrieved from /opt/airflow/dags/dag_extract_dolar.py
[2024-11-21T22:53:10.404+0000] {logging_mixin.py:190} INFO - [2024-11-21T22:53:10.403+0000] {dag.py:3239} INFO - Sync 1 DAGs
[2024-11-21T22:53:10.425+0000] {logging_mixin.py:190} INFO - [2024-11-21T22:53:10.425+0000] {dag.py:4180} INFO - Setting next_dagrun for cotacao_dolar_to_minio to 2024-11-21 00:00:00+00:00, run_after=2024-11-22 00:00:00+00:00
[2024-11-21T22:53:10.443+0000] {processor.py:208} INFO - Processing /opt/airflow/dags/dag_extract_dolar.py took 0.461 seconds
[2024-11-21T22:53:40.617+0000] {processor.py:186} INFO - Started process (PID=245) to work on /opt/airflow/dags/dag_extract_dolar.py
[2024-11-21T22:53:40.618+0000] {processor.py:914} INFO - Processing file /opt/airflow/dags/dag_extract_dolar.py for tasks to queue
[2024-11-21T22:53:40.621+0000] {logging_mixin.py:190} INFO - [2024-11-21T22:53:40.620+0000] {dagbag.py:588} INFO - Filling up the DagBag from /opt/airflow/dags/dag_extract_dolar.py
[2024-11-21T22:53:41.007+0000] {processor.py:925} INFO - DAG(s) 'cotacao_dolar_to_minio' retrieved from /opt/airflow/dags/dag_extract_dolar.py
[2024-11-21T22:53:41.025+0000] {logging_mixin.py:190} INFO - [2024-11-21T22:53:41.025+0000] {dag.py:3239} INFO - Sync 1 DAGs
[2024-11-21T22:53:41.047+0000] {logging_mixin.py:190} INFO - [2024-11-21T22:53:41.047+0000] {dag.py:4180} INFO - Setting next_dagrun for cotacao_dolar_to_minio to 2024-11-21 00:00:00+00:00, run_after=2024-11-22 00:00:00+00:00
[2024-11-21T22:53:41.066+0000] {processor.py:208} INFO - Processing /opt/airflow/dags/dag_extract_dolar.py took 0.454 seconds
[2024-11-21T22:54:11.249+0000] {processor.py:186} INFO - Started process (PID=253) to work on /opt/airflow/dags/dag_extract_dolar.py
[2024-11-21T22:54:11.250+0000] {processor.py:914} INFO - Processing file /opt/airflow/dags/dag_extract_dolar.py for tasks to queue
[2024-11-21T22:54:11.252+0000] {logging_mixin.py:190} INFO - [2024-11-21T22:54:11.252+0000] {dagbag.py:588} INFO - Filling up the DagBag from /opt/airflow/dags/dag_extract_dolar.py
[2024-11-21T22:54:11.638+0000] {processor.py:925} INFO - DAG(s) 'cotacao_dolar_to_minio' retrieved from /opt/airflow/dags/dag_extract_dolar.py
[2024-11-21T22:54:11.657+0000] {logging_mixin.py:190} INFO - [2024-11-21T22:54:11.657+0000] {dag.py:3239} INFO - Sync 1 DAGs
[2024-11-21T22:54:11.680+0000] {logging_mixin.py:190} INFO - [2024-11-21T22:54:11.680+0000] {dag.py:4180} INFO - Setting next_dagrun for cotacao_dolar_to_minio to 2024-11-21 00:00:00+00:00, run_after=2024-11-22 00:00:00+00:00
[2024-11-21T22:54:11.698+0000] {processor.py:208} INFO - Processing /opt/airflow/dags/dag_extract_dolar.py took 0.455 seconds
[2024-11-21T22:54:41.882+0000] {processor.py:186} INFO - Started process (PID=261) to work on /opt/airflow/dags/dag_extract_dolar.py
[2024-11-21T22:54:41.883+0000] {processor.py:914} INFO - Processing file /opt/airflow/dags/dag_extract_dolar.py for tasks to queue
[2024-11-21T22:54:41.885+0000] {logging_mixin.py:190} INFO - [2024-11-21T22:54:41.885+0000] {dagbag.py:588} INFO - Filling up the DagBag from /opt/airflow/dags/dag_extract_dolar.py
[2024-11-21T22:54:42.264+0000] {processor.py:925} INFO - DAG(s) 'cotacao_dolar_to_minio' retrieved from /opt/airflow/dags/dag_extract_dolar.py
[2024-11-21T22:54:42.282+0000] {logging_mixin.py:190} INFO - [2024-11-21T22:54:42.282+0000] {dag.py:3239} INFO - Sync 1 DAGs
[2024-11-21T22:54:42.305+0000] {logging_mixin.py:190} INFO - [2024-11-21T22:54:42.305+0000] {dag.py:4180} INFO - Setting next_dagrun for cotacao_dolar_to_minio to 2024-11-21 00:00:00+00:00, run_after=2024-11-22 00:00:00+00:00
[2024-11-21T22:54:42.321+0000] {processor.py:208} INFO - Processing /opt/airflow/dags/dag_extract_dolar.py took 0.446 seconds
[2024-11-21T22:55:12.527+0000] {processor.py:186} INFO - Started process (PID=269) to work on /opt/airflow/dags/dag_extract_dolar.py
[2024-11-21T22:55:12.529+0000] {processor.py:914} INFO - Processing file /opt/airflow/dags/dag_extract_dolar.py for tasks to queue
[2024-11-21T22:55:12.532+0000] {logging_mixin.py:190} INFO - [2024-11-21T22:55:12.532+0000] {dagbag.py:588} INFO - Filling up the DagBag from /opt/airflow/dags/dag_extract_dolar.py
[2024-11-21T22:55:12.916+0000] {processor.py:925} INFO - DAG(s) 'cotacao_dolar_to_minio' retrieved from /opt/airflow/dags/dag_extract_dolar.py
[2024-11-21T22:55:12.935+0000] {logging_mixin.py:190} INFO - [2024-11-21T22:55:12.935+0000] {dag.py:3239} INFO - Sync 1 DAGs
[2024-11-21T22:55:12.957+0000] {logging_mixin.py:190} INFO - [2024-11-21T22:55:12.957+0000] {dag.py:4180} INFO - Setting next_dagrun for cotacao_dolar_to_minio to 2024-11-21 00:00:00+00:00, run_after=2024-11-22 00:00:00+00:00
[2024-11-21T22:55:12.974+0000] {processor.py:208} INFO - Processing /opt/airflow/dags/dag_extract_dolar.py took 0.458 seconds
[2024-11-21T22:55:43.152+0000] {processor.py:186} INFO - Started process (PID=277) to work on /opt/airflow/dags/dag_extract_dolar.py
[2024-11-21T22:55:43.153+0000] {processor.py:914} INFO - Processing file /opt/airflow/dags/dag_extract_dolar.py for tasks to queue
[2024-11-21T22:55:43.156+0000] {logging_mixin.py:190} INFO - [2024-11-21T22:55:43.156+0000] {dagbag.py:588} INFO - Filling up the DagBag from /opt/airflow/dags/dag_extract_dolar.py
[2024-11-21T22:55:43.557+0000] {processor.py:925} INFO - DAG(s) 'cotacao_dolar_to_minio' retrieved from /opt/airflow/dags/dag_extract_dolar.py
[2024-11-21T22:55:43.580+0000] {logging_mixin.py:190} INFO - [2024-11-21T22:55:43.580+0000] {dag.py:3239} INFO - Sync 1 DAGs
[2024-11-21T22:55:43.603+0000] {logging_mixin.py:190} INFO - [2024-11-21T22:55:43.603+0000] {dag.py:4180} INFO - Setting next_dagrun for cotacao_dolar_to_minio to 2024-11-21 00:00:00+00:00, run_after=2024-11-22 00:00:00+00:00
[2024-11-21T22:55:43.751+0000] {processor.py:208} INFO - Processing /opt/airflow/dags/dag_extract_dolar.py took 0.605 seconds
[2024-11-21T22:56:15.018+0000] {processor.py:186} INFO - Started process (PID=285) to work on /opt/airflow/dags/dag_extract_dolar.py
[2024-11-21T22:56:15.037+0000] {processor.py:914} INFO - Processing file /opt/airflow/dags/dag_extract_dolar.py for tasks to queue
[2024-11-21T22:56:15.226+0000] {logging_mixin.py:190} INFO - [2024-11-21T22:56:15.226+0000] {dagbag.py:588} INFO - Filling up the DagBag from /opt/airflow/dags/dag_extract_dolar.py
[2024-11-21T22:56:17.791+0000] {processor.py:925} INFO - DAG(s) 'cotacao_dolar_to_minio' retrieved from /opt/airflow/dags/dag_extract_dolar.py
[2024-11-21T22:56:17.807+0000] {logging_mixin.py:190} INFO - [2024-11-21T22:56:17.807+0000] {dag.py:3239} INFO - Sync 1 DAGs
[2024-11-21T22:56:17.829+0000] {logging_mixin.py:190} INFO - [2024-11-21T22:56:17.829+0000] {dag.py:4180} INFO - Setting next_dagrun for cotacao_dolar_to_minio to 2024-11-21 00:00:00+00:00, run_after=2024-11-22 00:00:00+00:00
[2024-11-21T22:56:17.852+0000] {processor.py:208} INFO - Processing /opt/airflow/dags/dag_extract_dolar.py took 2.850 seconds
[2024-11-21T22:56:48.047+0000] {processor.py:186} INFO - Started process (PID=299) to work on /opt/airflow/dags/dag_extract_dolar.py
[2024-11-21T22:56:48.048+0000] {processor.py:914} INFO - Processing file /opt/airflow/dags/dag_extract_dolar.py for tasks to queue
[2024-11-21T22:56:48.051+0000] {logging_mixin.py:190} INFO - [2024-11-21T22:56:48.050+0000] {dagbag.py:588} INFO - Filling up the DagBag from /opt/airflow/dags/dag_extract_dolar.py
[2024-11-21T22:56:48.439+0000] {processor.py:925} INFO - DAG(s) 'cotacao_dolar_to_minio' retrieved from /opt/airflow/dags/dag_extract_dolar.py
[2024-11-21T22:56:48.457+0000] {logging_mixin.py:190} INFO - [2024-11-21T22:56:48.457+0000] {dag.py:3239} INFO - Sync 1 DAGs
[2024-11-21T22:56:48.478+0000] {logging_mixin.py:190} INFO - [2024-11-21T22:56:48.478+0000] {dag.py:4180} INFO - Setting next_dagrun for cotacao_dolar_to_minio to 2024-11-21 00:00:00+00:00, run_after=2024-11-22 00:00:00+00:00
[2024-11-21T22:56:48.495+0000] {processor.py:208} INFO - Processing /opt/airflow/dags/dag_extract_dolar.py took 0.456 seconds
[2024-11-21T22:57:18.771+0000] {processor.py:186} INFO - Started process (PID=307) to work on /opt/airflow/dags/dag_extract_dolar.py
[2024-11-21T22:57:18.773+0000] {processor.py:914} INFO - Processing file /opt/airflow/dags/dag_extract_dolar.py for tasks to queue
[2024-11-21T22:57:18.776+0000] {logging_mixin.py:190} INFO - [2024-11-21T22:57:18.775+0000] {dagbag.py:588} INFO - Filling up the DagBag from /opt/airflow/dags/dag_extract_dolar.py
[2024-11-21T22:57:19.156+0000] {processor.py:925} INFO - DAG(s) 'cotacao_dolar_to_minio' retrieved from /opt/airflow/dags/dag_extract_dolar.py
[2024-11-21T22:57:19.173+0000] {logging_mixin.py:190} INFO - [2024-11-21T22:57:19.173+0000] {dag.py:3239} INFO - Sync 1 DAGs
[2024-11-21T22:57:19.196+0000] {logging_mixin.py:190} INFO - [2024-11-21T22:57:19.196+0000] {dag.py:4180} INFO - Setting next_dagrun for cotacao_dolar_to_minio to 2024-11-21 00:00:00+00:00, run_after=2024-11-22 00:00:00+00:00
[2024-11-21T22:57:19.212+0000] {processor.py:208} INFO - Processing /opt/airflow/dags/dag_extract_dolar.py took 0.451 seconds
[2024-11-21T22:57:49.419+0000] {processor.py:186} INFO - Started process (PID=315) to work on /opt/airflow/dags/dag_extract_dolar.py
[2024-11-21T22:57:49.421+0000] {processor.py:914} INFO - Processing file /opt/airflow/dags/dag_extract_dolar.py for tasks to queue
[2024-11-21T22:57:49.423+0000] {logging_mixin.py:190} INFO - [2024-11-21T22:57:49.423+0000] {dagbag.py:588} INFO - Filling up the DagBag from /opt/airflow/dags/dag_extract_dolar.py
[2024-11-21T22:57:49.802+0000] {processor.py:925} INFO - DAG(s) 'cotacao_dolar_to_minio' retrieved from /opt/airflow/dags/dag_extract_dolar.py
[2024-11-21T22:57:49.819+0000] {logging_mixin.py:190} INFO - [2024-11-21T22:57:49.819+0000] {dag.py:3239} INFO - Sync 1 DAGs
[2024-11-21T22:57:49.841+0000] {logging_mixin.py:190} INFO - [2024-11-21T22:57:49.841+0000] {dag.py:4180} INFO - Setting next_dagrun for cotacao_dolar_to_minio to 2024-11-21 00:00:00+00:00, run_after=2024-11-22 00:00:00+00:00
[2024-11-21T22:57:49.861+0000] {processor.py:208} INFO - Processing /opt/airflow/dags/dag_extract_dolar.py took 0.449 seconds
[2024-11-21T22:58:20.084+0000] {processor.py:186} INFO - Started process (PID=323) to work on /opt/airflow/dags/dag_extract_dolar.py
[2024-11-21T22:58:20.086+0000] {processor.py:914} INFO - Processing file /opt/airflow/dags/dag_extract_dolar.py for tasks to queue
[2024-11-21T22:58:20.089+0000] {logging_mixin.py:190} INFO - [2024-11-21T22:58:20.088+0000] {dagbag.py:588} INFO - Filling up the DagBag from /opt/airflow/dags/dag_extract_dolar.py
[2024-11-21T22:58:20.469+0000] {processor.py:925} INFO - DAG(s) 'cotacao_dolar_to_minio' retrieved from /opt/airflow/dags/dag_extract_dolar.py
[2024-11-21T22:58:20.487+0000] {logging_mixin.py:190} INFO - [2024-11-21T22:58:20.487+0000] {dag.py:3239} INFO - Sync 1 DAGs
[2024-11-21T22:58:20.509+0000] {logging_mixin.py:190} INFO - [2024-11-21T22:58:20.508+0000] {dag.py:4180} INFO - Setting next_dagrun for cotacao_dolar_to_minio to 2024-11-21 00:00:00+00:00, run_after=2024-11-22 00:00:00+00:00
[2024-11-21T22:58:20.525+0000] {processor.py:208} INFO - Processing /opt/airflow/dags/dag_extract_dolar.py took 0.447 seconds
[2024-11-21T22:58:50.797+0000] {processor.py:186} INFO - Started process (PID=331) to work on /opt/airflow/dags/dag_extract_dolar.py
[2024-11-21T22:58:50.800+0000] {processor.py:914} INFO - Processing file /opt/airflow/dags/dag_extract_dolar.py for tasks to queue
[2024-11-21T22:58:50.803+0000] {logging_mixin.py:190} INFO - [2024-11-21T22:58:50.803+0000] {dagbag.py:588} INFO - Filling up the DagBag from /opt/airflow/dags/dag_extract_dolar.py
[2024-11-21T22:58:51.185+0000] {processor.py:925} INFO - DAG(s) 'cotacao_dolar_to_minio' retrieved from /opt/airflow/dags/dag_extract_dolar.py
[2024-11-21T22:58:51.202+0000] {logging_mixin.py:190} INFO - [2024-11-21T22:58:51.202+0000] {dag.py:3239} INFO - Sync 1 DAGs
[2024-11-21T22:58:51.223+0000] {logging_mixin.py:190} INFO - [2024-11-21T22:58:51.223+0000] {dag.py:4180} INFO - Setting next_dagrun for cotacao_dolar_to_minio to 2024-11-21 00:00:00+00:00, run_after=2024-11-22 00:00:00+00:00
[2024-11-21T22:58:51.239+0000] {processor.py:208} INFO - Processing /opt/airflow/dags/dag_extract_dolar.py took 0.455 seconds
[2024-11-21T22:59:21.481+0000] {processor.py:186} INFO - Started process (PID=339) to work on /opt/airflow/dags/dag_extract_dolar.py
[2024-11-21T22:59:21.483+0000] {processor.py:914} INFO - Processing file /opt/airflow/dags/dag_extract_dolar.py for tasks to queue
[2024-11-21T22:59:21.485+0000] {logging_mixin.py:190} INFO - [2024-11-21T22:59:21.484+0000] {dagbag.py:588} INFO - Filling up the DagBag from /opt/airflow/dags/dag_extract_dolar.py
[2024-11-21T22:59:21.875+0000] {processor.py:925} INFO - DAG(s) 'cotacao_dolar_to_minio' retrieved from /opt/airflow/dags/dag_extract_dolar.py
[2024-11-21T22:59:21.893+0000] {logging_mixin.py:190} INFO - [2024-11-21T22:59:21.892+0000] {dag.py:3239} INFO - Sync 1 DAGs
[2024-11-21T22:59:21.915+0000] {logging_mixin.py:190} INFO - [2024-11-21T22:59:21.915+0000] {dag.py:4180} INFO - Setting next_dagrun for cotacao_dolar_to_minio to 2024-11-21 00:00:00+00:00, run_after=2024-11-22 00:00:00+00:00
[2024-11-21T22:59:21.932+0000] {processor.py:208} INFO - Processing /opt/airflow/dags/dag_extract_dolar.py took 0.458 seconds
[2024-11-21T22:59:52.214+0000] {processor.py:186} INFO - Started process (PID=347) to work on /opt/airflow/dags/dag_extract_dolar.py
[2024-11-21T22:59:52.216+0000] {processor.py:914} INFO - Processing file /opt/airflow/dags/dag_extract_dolar.py for tasks to queue
[2024-11-21T22:59:52.219+0000] {logging_mixin.py:190} INFO - [2024-11-21T22:59:52.219+0000] {dagbag.py:588} INFO - Filling up the DagBag from /opt/airflow/dags/dag_extract_dolar.py
[2024-11-21T22:59:52.598+0000] {processor.py:925} INFO - DAG(s) 'cotacao_dolar_to_minio' retrieved from /opt/airflow/dags/dag_extract_dolar.py
[2024-11-21T22:59:52.616+0000] {logging_mixin.py:190} INFO - [2024-11-21T22:59:52.615+0000] {dag.py:3239} INFO - Sync 1 DAGs
[2024-11-21T22:59:52.638+0000] {logging_mixin.py:190} INFO - [2024-11-21T22:59:52.638+0000] {dag.py:4180} INFO - Setting next_dagrun for cotacao_dolar_to_minio to 2024-11-21 00:00:00+00:00, run_after=2024-11-22 00:00:00+00:00
[2024-11-21T22:59:52.655+0000] {processor.py:208} INFO - Processing /opt/airflow/dags/dag_extract_dolar.py took 0.447 seconds
[2024-11-21T23:00:22.903+0000] {processor.py:186} INFO - Started process (PID=355) to work on /opt/airflow/dags/dag_extract_dolar.py
[2024-11-21T23:00:22.905+0000] {processor.py:914} INFO - Processing file /opt/airflow/dags/dag_extract_dolar.py for tasks to queue
[2024-11-21T23:00:22.908+0000] {logging_mixin.py:190} INFO - [2024-11-21T23:00:22.907+0000] {dagbag.py:588} INFO - Filling up the DagBag from /opt/airflow/dags/dag_extract_dolar.py
[2024-11-21T23:00:23.300+0000] {processor.py:925} INFO - DAG(s) 'cotacao_dolar_to_minio' retrieved from /opt/airflow/dags/dag_extract_dolar.py
[2024-11-21T23:00:23.320+0000] {logging_mixin.py:190} INFO - [2024-11-21T23:00:23.319+0000] {dag.py:3239} INFO - Sync 1 DAGs
[2024-11-21T23:00:23.346+0000] {logging_mixin.py:190} INFO - [2024-11-21T23:00:23.346+0000] {dag.py:4180} INFO - Setting next_dagrun for cotacao_dolar_to_minio to 2024-11-21 00:00:00+00:00, run_after=2024-11-22 00:00:00+00:00
[2024-11-21T23:00:23.370+0000] {processor.py:208} INFO - Processing /opt/airflow/dags/dag_extract_dolar.py took 0.473 seconds
[2024-11-21T23:00:53.663+0000] {processor.py:186} INFO - Started process (PID=363) to work on /opt/airflow/dags/dag_extract_dolar.py
[2024-11-21T23:00:53.665+0000] {processor.py:914} INFO - Processing file /opt/airflow/dags/dag_extract_dolar.py for tasks to queue
[2024-11-21T23:00:53.667+0000] {logging_mixin.py:190} INFO - [2024-11-21T23:00:53.667+0000] {dagbag.py:588} INFO - Filling up the DagBag from /opt/airflow/dags/dag_extract_dolar.py
[2024-11-21T23:00:54.092+0000] {processor.py:925} INFO - DAG(s) 'cotacao_dolar_to_minio' retrieved from /opt/airflow/dags/dag_extract_dolar.py
[2024-11-21T23:00:54.111+0000] {logging_mixin.py:190} INFO - [2024-11-21T23:00:54.110+0000] {dag.py:3239} INFO - Sync 1 DAGs
[2024-11-21T23:00:54.133+0000] {logging_mixin.py:190} INFO - [2024-11-21T23:00:54.132+0000] {dag.py:4180} INFO - Setting next_dagrun for cotacao_dolar_to_minio to 2024-11-21 00:00:00+00:00, run_after=2024-11-22 00:00:00+00:00
[2024-11-21T23:00:54.148+0000] {processor.py:208} INFO - Processing /opt/airflow/dags/dag_extract_dolar.py took 0.492 seconds
[2024-11-21T23:01:24.352+0000] {processor.py:186} INFO - Started process (PID=371) to work on /opt/airflow/dags/dag_extract_dolar.py
[2024-11-21T23:01:24.354+0000] {processor.py:914} INFO - Processing file /opt/airflow/dags/dag_extract_dolar.py for tasks to queue
[2024-11-21T23:01:24.356+0000] {logging_mixin.py:190} INFO - [2024-11-21T23:01:24.356+0000] {dagbag.py:588} INFO - Filling up the DagBag from /opt/airflow/dags/dag_extract_dolar.py
[2024-11-21T23:01:24.736+0000] {processor.py:925} INFO - DAG(s) 'cotacao_dolar_to_minio' retrieved from /opt/airflow/dags/dag_extract_dolar.py
[2024-11-21T23:01:24.753+0000] {logging_mixin.py:190} INFO - [2024-11-21T23:01:24.753+0000] {dag.py:3239} INFO - Sync 1 DAGs
[2024-11-21T23:01:24.775+0000] {logging_mixin.py:190} INFO - [2024-11-21T23:01:24.775+0000] {dag.py:4180} INFO - Setting next_dagrun for cotacao_dolar_to_minio to 2024-11-21 00:00:00+00:00, run_after=2024-11-22 00:00:00+00:00
[2024-11-21T23:01:24.791+0000] {processor.py:208} INFO - Processing /opt/airflow/dags/dag_extract_dolar.py took 0.445 seconds
[2024-11-21T23:01:55.016+0000] {processor.py:186} INFO - Started process (PID=379) to work on /opt/airflow/dags/dag_extract_dolar.py
[2024-11-21T23:01:55.017+0000] {processor.py:914} INFO - Processing file /opt/airflow/dags/dag_extract_dolar.py for tasks to queue
[2024-11-21T23:01:55.019+0000] {logging_mixin.py:190} INFO - [2024-11-21T23:01:55.019+0000] {dagbag.py:588} INFO - Filling up the DagBag from /opt/airflow/dags/dag_extract_dolar.py
[2024-11-21T23:01:55.403+0000] {processor.py:925} INFO - DAG(s) 'cotacao_dolar_to_minio' retrieved from /opt/airflow/dags/dag_extract_dolar.py
[2024-11-21T23:01:55.420+0000] {logging_mixin.py:190} INFO - [2024-11-21T23:01:55.420+0000] {dag.py:3239} INFO - Sync 1 DAGs
[2024-11-21T23:01:55.441+0000] {logging_mixin.py:190} INFO - [2024-11-21T23:01:55.441+0000] {dag.py:4180} INFO - Setting next_dagrun for cotacao_dolar_to_minio to 2024-11-21 00:00:00+00:00, run_after=2024-11-22 00:00:00+00:00
[2024-11-21T23:01:55.458+0000] {processor.py:208} INFO - Processing /opt/airflow/dags/dag_extract_dolar.py took 0.448 seconds
[2024-11-21T23:02:25.722+0000] {processor.py:186} INFO - Started process (PID=387) to work on /opt/airflow/dags/dag_extract_dolar.py
[2024-11-21T23:02:25.722+0000] {processor.py:914} INFO - Processing file /opt/airflow/dags/dag_extract_dolar.py for tasks to queue
[2024-11-21T23:02:25.726+0000] {logging_mixin.py:190} INFO - [2024-11-21T23:02:25.725+0000] {dagbag.py:588} INFO - Filling up the DagBag from /opt/airflow/dags/dag_extract_dolar.py
[2024-11-21T23:02:26.121+0000] {processor.py:925} INFO - DAG(s) 'cotacao_dolar_to_minio' retrieved from /opt/airflow/dags/dag_extract_dolar.py
[2024-11-21T23:02:26.139+0000] {logging_mixin.py:190} INFO - [2024-11-21T23:02:26.139+0000] {dag.py:3239} INFO - Sync 1 DAGs
[2024-11-21T23:02:26.162+0000] {logging_mixin.py:190} INFO - [2024-11-21T23:02:26.162+0000] {dag.py:4180} INFO - Setting next_dagrun for cotacao_dolar_to_minio to 2024-11-21 00:00:00+00:00, run_after=2024-11-22 00:00:00+00:00
[2024-11-21T23:02:26.181+0000] {processor.py:208} INFO - Processing /opt/airflow/dags/dag_extract_dolar.py took 0.467 seconds
[2024-11-21T23:02:56.438+0000] {processor.py:186} INFO - Started process (PID=395) to work on /opt/airflow/dags/dag_extract_dolar.py
[2024-11-21T23:02:56.439+0000] {processor.py:914} INFO - Processing file /opt/airflow/dags/dag_extract_dolar.py for tasks to queue
[2024-11-21T23:02:56.441+0000] {logging_mixin.py:190} INFO - [2024-11-21T23:02:56.441+0000] {dagbag.py:588} INFO - Filling up the DagBag from /opt/airflow/dags/dag_extract_dolar.py
[2024-11-21T23:02:56.825+0000] {processor.py:925} INFO - DAG(s) 'cotacao_dolar_to_minio' retrieved from /opt/airflow/dags/dag_extract_dolar.py
[2024-11-21T23:02:56.843+0000] {logging_mixin.py:190} INFO - [2024-11-21T23:02:56.843+0000] {dag.py:3239} INFO - Sync 1 DAGs
[2024-11-21T23:02:56.866+0000] {logging_mixin.py:190} INFO - [2024-11-21T23:02:56.865+0000] {dag.py:4180} INFO - Setting next_dagrun for cotacao_dolar_to_minio to 2024-11-21 00:00:00+00:00, run_after=2024-11-22 00:00:00+00:00
[2024-11-21T23:02:56.883+0000] {processor.py:208} INFO - Processing /opt/airflow/dags/dag_extract_dolar.py took 0.453 seconds
[2024-11-21T23:03:27.118+0000] {processor.py:186} INFO - Started process (PID=403) to work on /opt/airflow/dags/dag_extract_dolar.py
[2024-11-21T23:03:27.119+0000] {processor.py:914} INFO - Processing file /opt/airflow/dags/dag_extract_dolar.py for tasks to queue
[2024-11-21T23:03:27.122+0000] {logging_mixin.py:190} INFO - [2024-11-21T23:03:27.121+0000] {dagbag.py:588} INFO - Filling up the DagBag from /opt/airflow/dags/dag_extract_dolar.py
[2024-11-21T23:03:27.502+0000] {processor.py:925} INFO - DAG(s) 'cotacao_dolar_to_minio' retrieved from /opt/airflow/dags/dag_extract_dolar.py
[2024-11-21T23:03:27.519+0000] {logging_mixin.py:190} INFO - [2024-11-21T23:03:27.519+0000] {dag.py:3239} INFO - Sync 1 DAGs
[2024-11-21T23:03:27.542+0000] {logging_mixin.py:190} INFO - [2024-11-21T23:03:27.541+0000] {dag.py:4180} INFO - Setting next_dagrun for cotacao_dolar_to_minio to 2024-11-21 00:00:00+00:00, run_after=2024-11-22 00:00:00+00:00
[2024-11-21T23:03:27.559+0000] {processor.py:208} INFO - Processing /opt/airflow/dags/dag_extract_dolar.py took 0.453 seconds
[2024-11-21T23:03:57.837+0000] {processor.py:186} INFO - Started process (PID=411) to work on /opt/airflow/dags/dag_extract_dolar.py
[2024-11-21T23:03:57.838+0000] {processor.py:914} INFO - Processing file /opt/airflow/dags/dag_extract_dolar.py for tasks to queue
[2024-11-21T23:03:57.840+0000] {logging_mixin.py:190} INFO - [2024-11-21T23:03:57.840+0000] {dagbag.py:588} INFO - Filling up the DagBag from /opt/airflow/dags/dag_extract_dolar.py
[2024-11-21T23:03:58.220+0000] {processor.py:925} INFO - DAG(s) 'cotacao_dolar_to_minio' retrieved from /opt/airflow/dags/dag_extract_dolar.py
[2024-11-21T23:03:58.237+0000] {logging_mixin.py:190} INFO - [2024-11-21T23:03:58.237+0000] {dag.py:3239} INFO - Sync 1 DAGs
[2024-11-21T23:03:58.258+0000] {logging_mixin.py:190} INFO - [2024-11-21T23:03:58.258+0000] {dag.py:4180} INFO - Setting next_dagrun for cotacao_dolar_to_minio to 2024-11-21 00:00:00+00:00, run_after=2024-11-22 00:00:00+00:00
[2024-11-21T23:03:58.273+0000] {processor.py:208} INFO - Processing /opt/airflow/dags/dag_extract_dolar.py took 0.443 seconds
[2024-11-21T23:04:28.472+0000] {processor.py:186} INFO - Started process (PID=419) to work on /opt/airflow/dags/dag_extract_dolar.py
[2024-11-21T23:04:28.473+0000] {processor.py:914} INFO - Processing file /opt/airflow/dags/dag_extract_dolar.py for tasks to queue
[2024-11-21T23:04:28.475+0000] {logging_mixin.py:190} INFO - [2024-11-21T23:04:28.475+0000] {dagbag.py:588} INFO - Filling up the DagBag from /opt/airflow/dags/dag_extract_dolar.py
[2024-11-21T23:04:28.914+0000] {processor.py:925} INFO - DAG(s) 'cotacao_dolar_to_minio' retrieved from /opt/airflow/dags/dag_extract_dolar.py
[2024-11-21T23:04:28.932+0000] {logging_mixin.py:190} INFO - [2024-11-21T23:04:28.932+0000] {dag.py:3239} INFO - Sync 1 DAGs
[2024-11-21T23:04:28.959+0000] {logging_mixin.py:190} INFO - [2024-11-21T23:04:28.958+0000] {dag.py:4180} INFO - Setting next_dagrun for cotacao_dolar_to_minio to 2024-11-21 00:00:00+00:00, run_after=2024-11-22 00:00:00+00:00
[2024-11-21T23:04:28.977+0000] {processor.py:208} INFO - Processing /opt/airflow/dags/dag_extract_dolar.py took 0.512 seconds
[2024-11-21T23:04:59.172+0000] {processor.py:186} INFO - Started process (PID=427) to work on /opt/airflow/dags/dag_extract_dolar.py
[2024-11-21T23:04:59.173+0000] {processor.py:914} INFO - Processing file /opt/airflow/dags/dag_extract_dolar.py for tasks to queue
[2024-11-21T23:04:59.175+0000] {logging_mixin.py:190} INFO - [2024-11-21T23:04:59.175+0000] {dagbag.py:588} INFO - Filling up the DagBag from /opt/airflow/dags/dag_extract_dolar.py
[2024-11-21T23:04:59.561+0000] {processor.py:925} INFO - DAG(s) 'cotacao_dolar_to_minio' retrieved from /opt/airflow/dags/dag_extract_dolar.py
[2024-11-21T23:04:59.579+0000] {logging_mixin.py:190} INFO - [2024-11-21T23:04:59.579+0000] {dag.py:3239} INFO - Sync 1 DAGs
[2024-11-21T23:04:59.601+0000] {logging_mixin.py:190} INFO - [2024-11-21T23:04:59.601+0000] {dag.py:4180} INFO - Setting next_dagrun for cotacao_dolar_to_minio to 2024-11-21 00:00:00+00:00, run_after=2024-11-22 00:00:00+00:00
[2024-11-21T23:04:59.623+0000] {processor.py:208} INFO - Processing /opt/airflow/dags/dag_extract_dolar.py took 0.458 seconds
[2024-11-21T23:05:29.866+0000] {processor.py:186} INFO - Started process (PID=435) to work on /opt/airflow/dags/dag_extract_dolar.py
[2024-11-21T23:05:29.867+0000] {processor.py:914} INFO - Processing file /opt/airflow/dags/dag_extract_dolar.py for tasks to queue
[2024-11-21T23:05:29.871+0000] {logging_mixin.py:190} INFO - [2024-11-21T23:05:29.870+0000] {dagbag.py:588} INFO - Filling up the DagBag from /opt/airflow/dags/dag_extract_dolar.py
[2024-11-21T23:05:30.243+0000] {processor.py:925} INFO - DAG(s) 'cotacao_dolar_to_minio' retrieved from /opt/airflow/dags/dag_extract_dolar.py
[2024-11-21T23:05:30.260+0000] {logging_mixin.py:190} INFO - [2024-11-21T23:05:30.260+0000] {dag.py:3239} INFO - Sync 1 DAGs
[2024-11-21T23:05:30.281+0000] {logging_mixin.py:190} INFO - [2024-11-21T23:05:30.281+0000] {dag.py:4180} INFO - Setting next_dagrun for cotacao_dolar_to_minio to 2024-11-21 00:00:00+00:00, run_after=2024-11-22 00:00:00+00:00
[2024-11-21T23:05:30.299+0000] {processor.py:208} INFO - Processing /opt/airflow/dags/dag_extract_dolar.py took 0.443 seconds
[2024-11-21T23:06:00.514+0000] {processor.py:186} INFO - Started process (PID=443) to work on /opt/airflow/dags/dag_extract_dolar.py
[2024-11-21T23:06:00.515+0000] {processor.py:914} INFO - Processing file /opt/airflow/dags/dag_extract_dolar.py for tasks to queue
[2024-11-21T23:06:00.517+0000] {logging_mixin.py:190} INFO - [2024-11-21T23:06:00.517+0000] {dagbag.py:588} INFO - Filling up the DagBag from /opt/airflow/dags/dag_extract_dolar.py
[2024-11-21T23:06:00.924+0000] {processor.py:925} INFO - DAG(s) 'cotacao_dolar_to_minio' retrieved from /opt/airflow/dags/dag_extract_dolar.py
[2024-11-21T23:06:00.941+0000] {logging_mixin.py:190} INFO - [2024-11-21T23:06:00.941+0000] {dag.py:3239} INFO - Sync 1 DAGs
[2024-11-21T23:06:00.963+0000] {logging_mixin.py:190} INFO - [2024-11-21T23:06:00.963+0000] {dag.py:4180} INFO - Setting next_dagrun for cotacao_dolar_to_minio to 2024-11-21 00:00:00+00:00, run_after=2024-11-22 00:00:00+00:00
[2024-11-21T23:06:00.980+0000] {processor.py:208} INFO - Processing /opt/airflow/dags/dag_extract_dolar.py took 0.472 seconds
[2024-11-21T23:06:31.238+0000] {processor.py:186} INFO - Started process (PID=451) to work on /opt/airflow/dags/dag_extract_dolar.py
[2024-11-21T23:06:31.240+0000] {processor.py:914} INFO - Processing file /opt/airflow/dags/dag_extract_dolar.py for tasks to queue
[2024-11-21T23:06:31.242+0000] {logging_mixin.py:190} INFO - [2024-11-21T23:06:31.242+0000] {dagbag.py:588} INFO - Filling up the DagBag from /opt/airflow/dags/dag_extract_dolar.py
[2024-11-21T23:06:31.627+0000] {processor.py:925} INFO - DAG(s) 'cotacao_dolar_to_minio' retrieved from /opt/airflow/dags/dag_extract_dolar.py
[2024-11-21T23:06:31.647+0000] {logging_mixin.py:190} INFO - [2024-11-21T23:06:31.646+0000] {dag.py:3239} INFO - Sync 1 DAGs
[2024-11-21T23:06:31.670+0000] {logging_mixin.py:190} INFO - [2024-11-21T23:06:31.669+0000] {dag.py:4180} INFO - Setting next_dagrun for cotacao_dolar_to_minio to 2024-11-21 00:00:00+00:00, run_after=2024-11-22 00:00:00+00:00
[2024-11-21T23:06:31.687+0000] {processor.py:208} INFO - Processing /opt/airflow/dags/dag_extract_dolar.py took 0.455 seconds
[2024-11-21T23:07:01.880+0000] {processor.py:186} INFO - Started process (PID=459) to work on /opt/airflow/dags/dag_extract_dolar.py
[2024-11-21T23:07:01.881+0000] {processor.py:914} INFO - Processing file /opt/airflow/dags/dag_extract_dolar.py for tasks to queue
[2024-11-21T23:07:01.883+0000] {logging_mixin.py:190} INFO - [2024-11-21T23:07:01.883+0000] {dagbag.py:588} INFO - Filling up the DagBag from /opt/airflow/dags/dag_extract_dolar.py
[2024-11-21T23:07:02.284+0000] {processor.py:925} INFO - DAG(s) 'cotacao_dolar_to_minio' retrieved from /opt/airflow/dags/dag_extract_dolar.py
[2024-11-21T23:07:02.302+0000] {logging_mixin.py:190} INFO - [2024-11-21T23:07:02.302+0000] {dag.py:3239} INFO - Sync 1 DAGs
[2024-11-21T23:07:02.329+0000] {logging_mixin.py:190} INFO - [2024-11-21T23:07:02.329+0000] {dag.py:4180} INFO - Setting next_dagrun for cotacao_dolar_to_minio to 2024-11-21 00:00:00+00:00, run_after=2024-11-22 00:00:00+00:00
[2024-11-21T23:07:02.351+0000] {processor.py:208} INFO - Processing /opt/airflow/dags/dag_extract_dolar.py took 0.477 seconds
[2024-11-21T23:07:32.635+0000] {processor.py:186} INFO - Started process (PID=467) to work on /opt/airflow/dags/dag_extract_dolar.py
[2024-11-21T23:07:32.637+0000] {processor.py:914} INFO - Processing file /opt/airflow/dags/dag_extract_dolar.py for tasks to queue
[2024-11-21T23:07:32.640+0000] {logging_mixin.py:190} INFO - [2024-11-21T23:07:32.640+0000] {dagbag.py:588} INFO - Filling up the DagBag from /opt/airflow/dags/dag_extract_dolar.py
[2024-11-21T23:07:33.025+0000] {processor.py:925} INFO - DAG(s) 'cotacao_dolar_to_minio' retrieved from /opt/airflow/dags/dag_extract_dolar.py
[2024-11-21T23:07:33.043+0000] {logging_mixin.py:190} INFO - [2024-11-21T23:07:33.043+0000] {dag.py:3239} INFO - Sync 1 DAGs
[2024-11-21T23:07:33.065+0000] {logging_mixin.py:190} INFO - [2024-11-21T23:07:33.065+0000] {dag.py:4180} INFO - Setting next_dagrun for cotacao_dolar_to_minio to 2024-11-21 00:00:00+00:00, run_after=2024-11-22 00:00:00+00:00
[2024-11-21T23:07:33.083+0000] {processor.py:208} INFO - Processing /opt/airflow/dags/dag_extract_dolar.py took 0.453 seconds
[2024-11-21T23:08:03.352+0000] {processor.py:186} INFO - Started process (PID=475) to work on /opt/airflow/dags/dag_extract_dolar.py
[2024-11-21T23:08:03.354+0000] {processor.py:914} INFO - Processing file /opt/airflow/dags/dag_extract_dolar.py for tasks to queue
[2024-11-21T23:08:03.357+0000] {logging_mixin.py:190} INFO - [2024-11-21T23:08:03.357+0000] {dagbag.py:588} INFO - Filling up the DagBag from /opt/airflow/dags/dag_extract_dolar.py
[2024-11-21T23:08:03.755+0000] {processor.py:925} INFO - DAG(s) 'cotacao_dolar_to_minio' retrieved from /opt/airflow/dags/dag_extract_dolar.py
[2024-11-21T23:08:03.774+0000] {logging_mixin.py:190} INFO - [2024-11-21T23:08:03.774+0000] {dag.py:3239} INFO - Sync 1 DAGs
[2024-11-21T23:08:03.801+0000] {logging_mixin.py:190} INFO - [2024-11-21T23:08:03.801+0000] {dag.py:4180} INFO - Setting next_dagrun for cotacao_dolar_to_minio to 2024-11-21 00:00:00+00:00, run_after=2024-11-22 00:00:00+00:00
[2024-11-21T23:08:03.818+0000] {processor.py:208} INFO - Processing /opt/airflow/dags/dag_extract_dolar.py took 0.475 seconds
[2024-11-21T23:08:34.017+0000] {processor.py:186} INFO - Started process (PID=483) to work on /opt/airflow/dags/dag_extract_dolar.py
[2024-11-21T23:08:34.017+0000] {processor.py:914} INFO - Processing file /opt/airflow/dags/dag_extract_dolar.py for tasks to queue
[2024-11-21T23:08:34.021+0000] {logging_mixin.py:190} INFO - [2024-11-21T23:08:34.021+0000] {dagbag.py:588} INFO - Filling up the DagBag from /opt/airflow/dags/dag_extract_dolar.py
[2024-11-21T23:08:34.482+0000] {processor.py:925} INFO - DAG(s) 'cotacao_dolar_to_minio' retrieved from /opt/airflow/dags/dag_extract_dolar.py
[2024-11-21T23:08:34.500+0000] {logging_mixin.py:190} INFO - [2024-11-21T23:08:34.500+0000] {dag.py:3239} INFO - Sync 1 DAGs
[2024-11-21T23:08:34.524+0000] {logging_mixin.py:190} INFO - [2024-11-21T23:08:34.524+0000] {dag.py:4180} INFO - Setting next_dagrun for cotacao_dolar_to_minio to 2024-11-21 00:00:00+00:00, run_after=2024-11-22 00:00:00+00:00
[2024-11-21T23:08:34.541+0000] {processor.py:208} INFO - Processing /opt/airflow/dags/dag_extract_dolar.py took 0.531 seconds
[2024-11-21T23:09:04.760+0000] {processor.py:186} INFO - Started process (PID=491) to work on /opt/airflow/dags/dag_extract_dolar.py
[2024-11-21T23:09:04.764+0000] {processor.py:914} INFO - Processing file /opt/airflow/dags/dag_extract_dolar.py for tasks to queue
[2024-11-21T23:09:04.766+0000] {logging_mixin.py:190} INFO - [2024-11-21T23:09:04.766+0000] {dagbag.py:588} INFO - Filling up the DagBag from /opt/airflow/dags/dag_extract_dolar.py
[2024-11-21T23:09:05.177+0000] {processor.py:925} INFO - DAG(s) 'cotacao_dolar_to_minio' retrieved from /opt/airflow/dags/dag_extract_dolar.py
[2024-11-21T23:09:05.195+0000] {logging_mixin.py:190} INFO - [2024-11-21T23:09:05.194+0000] {dag.py:3239} INFO - Sync 1 DAGs
[2024-11-21T23:09:05.216+0000] {logging_mixin.py:190} INFO - [2024-11-21T23:09:05.216+0000] {dag.py:4180} INFO - Setting next_dagrun for cotacao_dolar_to_minio to 2024-11-21 00:00:00+00:00, run_after=2024-11-22 00:00:00+00:00
[2024-11-21T23:09:05.231+0000] {processor.py:208} INFO - Processing /opt/airflow/dags/dag_extract_dolar.py took 0.478 seconds
[2024-11-21T23:09:35.468+0000] {processor.py:186} INFO - Started process (PID=499) to work on /opt/airflow/dags/dag_extract_dolar.py
[2024-11-21T23:09:35.469+0000] {processor.py:914} INFO - Processing file /opt/airflow/dags/dag_extract_dolar.py for tasks to queue
[2024-11-21T23:09:35.472+0000] {logging_mixin.py:190} INFO - [2024-11-21T23:09:35.471+0000] {dagbag.py:588} INFO - Filling up the DagBag from /opt/airflow/dags/dag_extract_dolar.py
[2024-11-21T23:09:35.967+0000] {processor.py:925} INFO - DAG(s) 'cotacao_dolar_to_minio' retrieved from /opt/airflow/dags/dag_extract_dolar.py
[2024-11-21T23:09:35.990+0000] {logging_mixin.py:190} INFO - [2024-11-21T23:09:35.989+0000] {dag.py:3239} INFO - Sync 1 DAGs
[2024-11-21T23:09:36.020+0000] {logging_mixin.py:190} INFO - [2024-11-21T23:09:36.020+0000] {dag.py:4180} INFO - Setting next_dagrun for cotacao_dolar_to_minio to 2024-11-21 00:00:00+00:00, run_after=2024-11-22 00:00:00+00:00
[2024-11-21T23:09:36.040+0000] {processor.py:208} INFO - Processing /opt/airflow/dags/dag_extract_dolar.py took 0.580 seconds
[2024-11-21T23:10:06.312+0000] {processor.py:186} INFO - Started process (PID=507) to work on /opt/airflow/dags/dag_extract_dolar.py
[2024-11-21T23:10:06.314+0000] {processor.py:914} INFO - Processing file /opt/airflow/dags/dag_extract_dolar.py for tasks to queue
[2024-11-21T23:10:06.317+0000] {logging_mixin.py:190} INFO - [2024-11-21T23:10:06.316+0000] {dagbag.py:588} INFO - Filling up the DagBag from /opt/airflow/dags/dag_extract_dolar.py
[2024-11-21T23:10:06.718+0000] {processor.py:925} INFO - DAG(s) 'cotacao_dolar_to_minio' retrieved from /opt/airflow/dags/dag_extract_dolar.py
[2024-11-21T23:10:06.735+0000] {logging_mixin.py:190} INFO - [2024-11-21T23:10:06.734+0000] {dag.py:3239} INFO - Sync 1 DAGs
[2024-11-21T23:10:06.755+0000] {logging_mixin.py:190} INFO - [2024-11-21T23:10:06.755+0000] {dag.py:4180} INFO - Setting next_dagrun for cotacao_dolar_to_minio to 2024-11-21 00:00:00+00:00, run_after=2024-11-22 00:00:00+00:00
[2024-11-21T23:10:06.772+0000] {processor.py:208} INFO - Processing /opt/airflow/dags/dag_extract_dolar.py took 0.465 seconds
[2024-11-21T23:10:36.990+0000] {processor.py:186} INFO - Started process (PID=515) to work on /opt/airflow/dags/dag_extract_dolar.py
[2024-11-21T23:10:36.991+0000] {processor.py:914} INFO - Processing file /opt/airflow/dags/dag_extract_dolar.py for tasks to queue
[2024-11-21T23:10:36.994+0000] {logging_mixin.py:190} INFO - [2024-11-21T23:10:36.994+0000] {dagbag.py:588} INFO - Filling up the DagBag from /opt/airflow/dags/dag_extract_dolar.py
[2024-11-21T23:10:37.367+0000] {processor.py:925} INFO - DAG(s) 'cotacao_dolar_to_minio' retrieved from /opt/airflow/dags/dag_extract_dolar.py
[2024-11-21T23:10:37.384+0000] {logging_mixin.py:190} INFO - [2024-11-21T23:10:37.384+0000] {dag.py:3239} INFO - Sync 1 DAGs
[2024-11-21T23:10:37.406+0000] {logging_mixin.py:190} INFO - [2024-11-21T23:10:37.406+0000] {dag.py:4180} INFO - Setting next_dagrun for cotacao_dolar_to_minio to 2024-11-21 00:00:00+00:00, run_after=2024-11-22 00:00:00+00:00
[2024-11-21T23:10:37.422+0000] {processor.py:208} INFO - Processing /opt/airflow/dags/dag_extract_dolar.py took 0.438 seconds
[2024-11-21T23:11:07.656+0000] {processor.py:186} INFO - Started process (PID=523) to work on /opt/airflow/dags/dag_extract_dolar.py
[2024-11-21T23:11:07.658+0000] {processor.py:914} INFO - Processing file /opt/airflow/dags/dag_extract_dolar.py for tasks to queue
[2024-11-21T23:11:07.660+0000] {logging_mixin.py:190} INFO - [2024-11-21T23:11:07.660+0000] {dagbag.py:588} INFO - Filling up the DagBag from /opt/airflow/dags/dag_extract_dolar.py
[2024-11-21T23:11:08.036+0000] {processor.py:925} INFO - DAG(s) 'cotacao_dolar_to_minio' retrieved from /opt/airflow/dags/dag_extract_dolar.py
[2024-11-21T23:11:08.053+0000] {logging_mixin.py:190} INFO - [2024-11-21T23:11:08.052+0000] {dag.py:3239} INFO - Sync 1 DAGs
[2024-11-21T23:11:08.073+0000] {logging_mixin.py:190} INFO - [2024-11-21T23:11:08.073+0000] {dag.py:4180} INFO - Setting next_dagrun for cotacao_dolar_to_minio to 2024-11-21 00:00:00+00:00, run_after=2024-11-22 00:00:00+00:00
[2024-11-21T23:11:08.090+0000] {processor.py:208} INFO - Processing /opt/airflow/dags/dag_extract_dolar.py took 0.439 seconds
[2024-11-21T23:11:38.327+0000] {processor.py:186} INFO - Started process (PID=531) to work on /opt/airflow/dags/dag_extract_dolar.py
[2024-11-21T23:11:38.329+0000] {processor.py:914} INFO - Processing file /opt/airflow/dags/dag_extract_dolar.py for tasks to queue
[2024-11-21T23:11:38.331+0000] {logging_mixin.py:190} INFO - [2024-11-21T23:11:38.331+0000] {dagbag.py:588} INFO - Filling up the DagBag from /opt/airflow/dags/dag_extract_dolar.py
[2024-11-21T23:11:38.713+0000] {processor.py:925} INFO - DAG(s) 'cotacao_dolar_to_minio' retrieved from /opt/airflow/dags/dag_extract_dolar.py
[2024-11-21T23:11:38.731+0000] {logging_mixin.py:190} INFO - [2024-11-21T23:11:38.731+0000] {dag.py:3239} INFO - Sync 1 DAGs
[2024-11-21T23:11:38.754+0000] {logging_mixin.py:190} INFO - [2024-11-21T23:11:38.753+0000] {dag.py:4180} INFO - Setting next_dagrun for cotacao_dolar_to_minio to 2024-11-21 00:00:00+00:00, run_after=2024-11-22 00:00:00+00:00
[2024-11-21T23:11:38.771+0000] {processor.py:208} INFO - Processing /opt/airflow/dags/dag_extract_dolar.py took 0.450 seconds
[2024-11-21T23:12:09.001+0000] {processor.py:186} INFO - Started process (PID=539) to work on /opt/airflow/dags/dag_extract_dolar.py
[2024-11-21T23:12:09.003+0000] {processor.py:914} INFO - Processing file /opt/airflow/dags/dag_extract_dolar.py for tasks to queue
[2024-11-21T23:12:09.005+0000] {logging_mixin.py:190} INFO - [2024-11-21T23:12:09.005+0000] {dagbag.py:588} INFO - Filling up the DagBag from /opt/airflow/dags/dag_extract_dolar.py
[2024-11-21T23:12:09.379+0000] {processor.py:925} INFO - DAG(s) 'cotacao_dolar_to_minio' retrieved from /opt/airflow/dags/dag_extract_dolar.py
[2024-11-21T23:12:09.398+0000] {logging_mixin.py:190} INFO - [2024-11-21T23:12:09.397+0000] {dag.py:3239} INFO - Sync 1 DAGs
[2024-11-21T23:12:09.418+0000] {logging_mixin.py:190} INFO - [2024-11-21T23:12:09.418+0000] {dag.py:4180} INFO - Setting next_dagrun for cotacao_dolar_to_minio to 2024-11-21 00:00:00+00:00, run_after=2024-11-22 00:00:00+00:00
[2024-11-21T23:12:09.435+0000] {processor.py:208} INFO - Processing /opt/airflow/dags/dag_extract_dolar.py took 0.443 seconds
[2024-11-21T23:12:39.650+0000] {processor.py:186} INFO - Started process (PID=547) to work on /opt/airflow/dags/dag_extract_dolar.py
[2024-11-21T23:12:39.651+0000] {processor.py:914} INFO - Processing file /opt/airflow/dags/dag_extract_dolar.py for tasks to queue
[2024-11-21T23:12:39.654+0000] {logging_mixin.py:190} INFO - [2024-11-21T23:12:39.654+0000] {dagbag.py:588} INFO - Filling up the DagBag from /opt/airflow/dags/dag_extract_dolar.py
[2024-11-21T23:12:40.040+0000] {processor.py:925} INFO - DAG(s) 'cotacao_dolar_to_minio' retrieved from /opt/airflow/dags/dag_extract_dolar.py
[2024-11-21T23:12:40.057+0000] {logging_mixin.py:190} INFO - [2024-11-21T23:12:40.057+0000] {dag.py:3239} INFO - Sync 1 DAGs
[2024-11-21T23:12:40.078+0000] {logging_mixin.py:190} INFO - [2024-11-21T23:12:40.078+0000] {dag.py:4180} INFO - Setting next_dagrun for cotacao_dolar_to_minio to 2024-11-21 00:00:00+00:00, run_after=2024-11-22 00:00:00+00:00
[2024-11-21T23:12:40.094+0000] {processor.py:208} INFO - Processing /opt/airflow/dags/dag_extract_dolar.py took 0.450 seconds
